#
# A fatal error has been detected by the Java Runtime Environment:
#
#  SIGBUS (0xa) at pc=0x00000001057cee92, pid=18246, tid=0x000000000000050f
#
# JRE version: Java(TM) SE Runtime Environment (8.0_92-b14) (build 1.8.0_92-b14)
# Java VM: Java HotSpot(TM) 64-Bit Server VM (25.92-b14 mixed mode bsd-amd64 compressed oops)
# Problematic frame:
# C  [libzip.dylib+0x2e92]  newEntry+0x154
#
# Failed to write core dump. Core dumps have been disabled. To enable core dumping, try "ulimit -c unlimited" before starting Java again
#
# If you would like to submit a bug report, please visit:
#   http://bugreport.java.com/bugreport/crash.jsp
# The crash happened outside the Java Virtual Machine in native code.
# See problematic frame for where to report the bug.
#

---------------  T H R E A D  ---------------

Current thread (0x00007fd629008800):  JavaThread "main" [_thread_in_native, id=1295, stack(0x00007000094dd000,0x00007000095dd000)]

siginfo: si_signo: 10 (SIGBUS), si_code: 2 (BUS_ADRERR), si_addr: 0x000000010996b923

Registers:
RAX=0x00007fd628d26b90, RBX=0x000000010996b917, RCX=0x0000000000000001, RDX=0x0000000000000500
RSP=0x00007000095da060, RBP=0x00007000095da0c0, RSI=0x0000000000000200, RDI=0x00000000000005c5
R8 =0x0000000000000048, R9 =0x00007fd628c5c440, R10=0x00000000fffffe00, R11=0x00006ff89b39b9c6
R12=0x00007fd629853a00, R13=0x0000000000012d00, R14=0x0000000061b7b0c4, R15=0x00007fd62a85fe60
RIP=0x00000001057cee92, EFLAGS=0x0000000000010206, ERR=0x0000000000000004
  TRAPNO=0x000000000000000e

Top of Stack: (sp=0x00007000095da060)
0x00007000095da060:   00007fd628d03098 000000000ad6e02c
0x00007000095da070:   00007000095db3a0 00007000095da0e0
0x00007000095da080:   00007000095da0a0 00007fd628d26b90
0x00007000095da090:   00007fd628c5c440 00007fd628d26b90
0x00007000095da0a0:   00007fd629853a00 0000000000012d00
0x00007000095da0b0:   0000000061b7b0c4 00007fd62a85fe60
0x00007000095da0c0:   00007000095da120 00000001057cf52d
0x00007000095da0d0:   00007000095da190 00007000095da18f
0x00007000095da0e0:   0000005000000000 0000005101008800
0x00007000095da0f0:   00007000095da13e 00007000095da588
0x00007000095da100:   0000000000000051 00007000095da13e
0x00007000095da110:   00007fd628d26b90 00007fd6290089f8
0x00007000095da120:   00007000095da570 00000001057ce238
0x00007000095da130:   00007000095db3a0 6f63700000000001
0x00007000095da140:   6e6f7479616c2f6d 696c2f6874696d73
0x00007000095da150:   656e696c6a2f7362 656c6f736e6f632f
0x00007000095da160:   74656c706d6f632f 6d756772412f7265
0x00007000095da170:   6c706d6f43746e65 6772412472657465
0x00007000095da180:   73694c746e656d75 007373616c632e74
0x00007000095da190:   6c666f0a074de1d8 6f706f2007461540
0x00007000095da1a0:   72636c6e6f207473 73626174786f2d20
0x00007000095da1b0:   2072636f072cb428 0a7465726c6e6f2d
0x00007000095da1c0:   203a7367076bee40 7363206461657263
0x00007000095da1d0:   6e657261702d2038 646f7261702d2062
0x00007000095da1e0:   00007000095da230 00007fffcdff9458
0x00007000095da1f0:   00007000095da3b8 737463737472632d
0x00007000095da200:   00007000095da398 0000000000000000
0x00007000095da210:   00007fffce0416a0 0000000000000000
0x00007000095da220:   0000000104e0ed0a 0000000000000059
0x00007000095da230:   00007000095da620 00007fffce0039ab
0x00007000095da240:   203b445e203d2066 753c203d206c6f65
0x00007000095da250:   090a3b3e072cb528 3c203d200a6b7af8 

Instructions: (pc=0x00000001057cee92)
0x00000001057cee72:   49 8b 7f 38 e8 5b 1b 00 00 4d 89 77 38 49 89 5f
0x00000001057cee82:   40 4c 89 f0 48 85 c0 0f 84 11 05 00 00 48 89 c3
0x00000001057cee92:   0f b6 43 0c 0f b6 4b 0d 48 c1 e1 08 48 01 c1 0f
0x00000001057ceea2:   b6 43 0e 0f b6 53 0f 48 c1 e2 08 48 01 c2 48 c1 

Register to memory mapping:

RAX=0x00007fd628d26b90 is an unknown value
RBX=0x000000010996b917 is an unknown value
RCX=0x0000000000000001 is an unknown value
RDX=0x0000000000000500 is an unknown value
RSP=0x00007000095da060 is pointing into the stack for thread: 0x00007fd629008800
RBP=0x00007000095da0c0 is pointing into the stack for thread: 0x00007fd629008800
RSI=0x0000000000000200 is an unknown value
RDI=0x00000000000005c5 is an unknown value
R8 =0x0000000000000048 is an unknown value
R9 =0x00007fd628c5c440 is an unknown value
R10=0x00000000fffffe00 is an unknown value
R11=0x00006ff89b39b9c6 is an unknown value
R12=0x00007fd629853a00 is an unknown value
R13=0x0000000000012d00 is an unknown value
R14=0x0000000061b7b0c4 is an unknown value
R15=0x00007fd62a85fe60 is an unknown value


Stack: [0x00007000094dd000,0x00007000095dd000],  sp=0x00007000095da060,  free space=1012k
Native frames: (J=compiled Java code, j=interpreted, Vv=VM code, C=native code)
C  [libzip.dylib+0x2e92]  newEntry+0x154
C  [libzip.dylib+0x352d]  ZIP_GetEntry2+0xd4
C  [libzip.dylib+0x2238]  Java_java_util_zip_ZipFile_getEntry+0xcf
J 690  java.util.zip.ZipFile.getEntry(J[BZ)J (0 bytes) @ 0x000000010aee7f8e [0x000000010aee7ec0+0xce]
J 736 C1 java.util.zip.ZipFile.getEntry(Ljava/lang/String;)Ljava/util/zip/ZipEntry; (86 bytes) @ 0x000000010af0360c [0x000000010af033a0+0x26c]
J 735 C1 java.util.jar.JarFile.getEntry(Ljava/lang/String;)Ljava/util/zip/ZipEntry; (22 bytes) @ 0x000000010aeffee4 [0x000000010aeffe60+0x84]
J 1168 C1 sun.misc.URLClassPath$JarLoader.getResource(Ljava/lang/String;Z)Lsun/misc/Resource; (85 bytes) @ 0x000000010b05a37c [0x000000010b059f20+0x45c]
J 1144 C2 sun.misc.URLClassPath.getResource(Ljava/lang/String;Z)Lsun/misc/Resource; (83 bytes) @ 0x000000010b03c7f0 [0x000000010b03c700+0xf0]
J 770 C1 java.net.URLClassLoader$1.run()Ljava/lang/Class; (63 bytes) @ 0x000000010af1367c [0x000000010af13460+0x21c]
J 769 C1 java.net.URLClassLoader$1.run()Ljava/lang/Object; (5 bytes) @ 0x000000010af17acc [0x000000010af17a40+0x8c]
v  ~StubRoutines::call_stub
V  [libjvm.dylib+0x2ecc9a]
V  [libjvm.dylib+0x34d430]
J 768  java.security.AccessController.doPrivileged(Ljava/security/PrivilegedExceptionAction;Ljava/security/AccessControlContext;)Ljava/lang/Object; (0 bytes) @ 0x000000010af11f15 [0x000000010af11e40+0xd5]
J 766 C1 java.net.URLClassLoader.findClass(Ljava/lang/String;)Ljava/lang/Class; (47 bytes) @ 0x000000010af16e54 [0x000000010af16cc0+0x194]
J 105 C1 java.lang.ClassLoader.loadClass(Ljava/lang/String;Z)Ljava/lang/Class; (122 bytes) @ 0x000000010ad6e284 [0x000000010ad6d920+0x964]
J 246 C1 sun.misc.Launcher$AppClassLoader.loadClass(Ljava/lang/String;Z)Ljava/lang/Class; (85 bytes) @ 0x000000010adbbea4 [0x000000010adbb500+0x9a4]
J 245 C1 java.lang.ClassLoader.loadClass(Ljava/lang/String;)Ljava/lang/Class; (7 bytes) @ 0x000000010adbadc4 [0x000000010adbacc0+0x104]
v  ~StubRoutines::call_stub
V  [libjvm.dylib+0x2ecc9a]
V  [libjvm.dylib+0x2ed428]
V  [libjvm.dylib+0x2ed580]
V  [libjvm.dylib+0x5363c0]
V  [libjvm.dylib+0x535b59]
V  [libjvm.dylib+0x5365dc]
V  [libjvm.dylib+0x536c59]
V  [libjvm.dylib+0x1e278a]
V  [libjvm.dylib+0x1f2bb6]
V  [libjvm.dylib+0x2e86d7]
j  com.laytonsmith.libs.jline.console.completer.ArgumentCompleter$AbstractArgumentDelimiter.delimit(Ljava/lang/CharSequence;I)Lcom/laytonsmith/libs/jline/console/completer/ArgumentCompleter$ArgumentList;+132
j  com.laytonsmith.libs.jline.console.completer.ArgumentCompleter.complete(Ljava/lang/String;ILjava/util/List;)I+15
j  com.laytonsmith.libs.jline.console.ConsoleReader.complete()Z+82
j  com.laytonsmith.libs.jline.console.ConsoleReader.readLine(Ljava/lang/String;Ljava/lang/Character;)Ljava/lang/String;+1832
j  com.laytonsmith.libs.jline.console.ConsoleReader.readLine(Ljava/lang/String;)Ljava/lang/String;+3
j  com.laytonsmith.tools.Interpreter.<init>(Ljava/util/List;Ljava/lang/String;Z)V+392
j  com.laytonsmith.tools.Interpreter.<init>(Ljava/util/List;Ljava/lang/String;)V+4
j  com.laytonsmith.core.Main.main([Ljava/lang/String;)V+455
v  ~StubRoutines::call_stub
V  [libjvm.dylib+0x2ecc9a]
V  [libjvm.dylib+0x323b0e]
V  [libjvm.dylib+0x31c885]
C  [java+0x3931]  JavaMain+0x9c4
C  [libsystem_pthread.dylib+0x3abb]  _pthread_body+0xb4
C  [libsystem_pthread.dylib+0x3a07]  _pthread_body+0x0
C  [libsystem_pthread.dylib+0x3231]  thread_start+0xd
C  0x0000000000000000

Java frames: (J=compiled Java code, j=interpreted, Vv=VM code)
J 690  java.util.zip.ZipFile.getEntry(J[BZ)J (0 bytes) @ 0x000000010aee7f18 [0x000000010aee7ec0+0x58]
J 736 C1 java.util.zip.ZipFile.getEntry(Ljava/lang/String;)Ljava/util/zip/ZipEntry; (86 bytes) @ 0x000000010af0360c [0x000000010af033a0+0x26c]
J 735 C1 java.util.jar.JarFile.getEntry(Ljava/lang/String;)Ljava/util/zip/ZipEntry; (22 bytes) @ 0x000000010aeffee4 [0x000000010aeffe60+0x84]
J 1168 C1 sun.misc.URLClassPath$JarLoader.getResource(Ljava/lang/String;Z)Lsun/misc/Resource; (85 bytes) @ 0x000000010b05a37c [0x000000010b059f20+0x45c]
J 1144 C2 sun.misc.URLClassPath.getResource(Ljava/lang/String;Z)Lsun/misc/Resource; (83 bytes) @ 0x000000010b03c7f0 [0x000000010b03c700+0xf0]
J 770 C1 java.net.URLClassLoader$1.run()Ljava/lang/Class; (63 bytes) @ 0x000000010af1367c [0x000000010af13460+0x21c]
J 769 C1 java.net.URLClassLoader$1.run()Ljava/lang/Object; (5 bytes) @ 0x000000010af17acc [0x000000010af17a40+0x8c]
v  ~StubRoutines::call_stub
J 768  java.security.AccessController.doPrivileged(Ljava/security/PrivilegedExceptionAction;Ljava/security/AccessControlContext;)Ljava/lang/Object; (0 bytes) @ 0x000000010af11ea3 [0x000000010af11e40+0x63]
J 766 C1 java.net.URLClassLoader.findClass(Ljava/lang/String;)Ljava/lang/Class; (47 bytes) @ 0x000000010af16e54 [0x000000010af16cc0+0x194]
J 105 C1 java.lang.ClassLoader.loadClass(Ljava/lang/String;Z)Ljava/lang/Class; (122 bytes) @ 0x000000010ad6e284 [0x000000010ad6d920+0x964]
J 246 C1 sun.misc.Launcher$AppClassLoader.loadClass(Ljava/lang/String;Z)Ljava/lang/Class; (85 bytes) @ 0x000000010adbbea4 [0x000000010adbb500+0x9a4]
J 245 C1 java.lang.ClassLoader.loadClass(Ljava/lang/String;)Ljava/lang/Class; (7 bytes) @ 0x000000010adbadc4 [0x000000010adbacc0+0x104]
v  ~StubRoutines::call_stub
j  com.laytonsmith.libs.jline.console.completer.ArgumentCompleter$AbstractArgumentDelimiter.delimit(Ljava/lang/CharSequence;I)Lcom/laytonsmith/libs/jline/console/completer/ArgumentCompleter$ArgumentList;+132
j  com.laytonsmith.libs.jline.console.completer.ArgumentCompleter.complete(Ljava/lang/String;ILjava/util/List;)I+15
j  com.laytonsmith.libs.jline.console.ConsoleReader.complete()Z+82
j  com.laytonsmith.libs.jline.console.ConsoleReader.readLine(Ljava/lang/String;Ljava/lang/Character;)Ljava/lang/String;+1832
j  com.laytonsmith.libs.jline.console.ConsoleReader.readLine(Ljava/lang/String;)Ljava/lang/String;+3
j  com.laytonsmith.tools.Interpreter.<init>(Ljava/util/List;Ljava/lang/String;Z)V+392
j  com.laytonsmith.tools.Interpreter.<init>(Ljava/util/List;Ljava/lang/String;)V+4
j  com.laytonsmith.core.Main.main([Ljava/lang/String;)V+455
v  ~StubRoutines::call_stub

---------------  P R O C E S S  ---------------

Java Threads: ( => current thread )
  0x00007fd62914a000 JavaThread "NonBlockingInputStreamThread" daemon [_thread_blocked, id=23043, stack(0x000070000a947000,0x000070000aa47000)]
  0x00007fd62b8ed000 JavaThread "process reaper" daemon [_thread_blocked, id=22531, stack(0x000070000a91c000,0x000070000a944000)]
  0x00007fd629845800 JavaThread "Service Thread" daemon [_thread_blocked, id=21507, stack(0x000070000a716000,0x000070000a816000)]
  0x00007fd62900f800 JavaThread "C1 CompilerThread3" daemon [_thread_blocked, id=20995, stack(0x000070000a613000,0x000070000a713000)]
  0x00007fd629823800 JavaThread "C2 CompilerThread2" daemon [_thread_blocked, id=20483, stack(0x000070000a510000,0x000070000a610000)]
  0x00007fd629823000 JavaThread "C2 CompilerThread1" daemon [_thread_blocked, id=19971, stack(0x000070000a40d000,0x000070000a50d000)]
  0x00007fd62b035000 JavaThread "C2 CompilerThread0" daemon [_thread_blocked, id=19459, stack(0x000070000a30a000,0x000070000a40a000)]
  0x00007fd62b02c800 JavaThread "Signal Dispatcher" daemon [_thread_blocked, id=18947, stack(0x000070000a207000,0x000070000a307000)]
  0x00007fd629808000 JavaThread "Finalizer" daemon [_thread_blocked, id=14339, stack(0x0000700009ffe000,0x000070000a0fe000)]
  0x00007fd629807800 JavaThread "Reference Handler" daemon [_thread_blocked, id=13827, stack(0x0000700009efb000,0x0000700009ffb000)]
=>0x00007fd629008800 JavaThread "main" [_thread_in_native, id=1295, stack(0x00007000094dd000,0x00007000095dd000)]

Other Threads:
  0x00007fd62b808000 VMThread [stack: 0x0000700009df8000,0x0000700009ef8000] [id=13315]
  0x00007fd62b808800 WatcherThread [stack: 0x000070000a819000,0x000070000a919000] [id=22019]

VM state:not at safepoint (normal execution)

VM Mutex/Monitor currently owned by a thread: None

Heap:
 PSYoungGen      total 76288K, used 67625K [0x000000076ab00000, 0x0000000774000000, 0x00000007c0000000)
  eden space 65536K, 86% used [0x000000076ab00000,0x000000076e28ad08,0x000000076eb00000)
  from space 10752K, 99% used [0x000000076eb00000,0x000000076f57fa58,0x000000076f580000)
  to   space 10752K, 0% used [0x0000000773580000,0x0000000773580000,0x0000000774000000)
 ParOldGen       total 175104K, used 1693K [0x00000006c0000000, 0x00000006cab00000, 0x000000076ab00000)
  object space 175104K, 0% used [0x00000006c0000000,0x00000006c01a7458,0x00000006cab00000)
 Metaspace       used 15580K, capacity 15826K, committed 16000K, reserved 1062912K
  class space    used 2055K, capacity 2143K, committed 2176K, reserved 1048576K

Card table byte_map: [0x0000000105b95000,0x0000000106396000] byte_map_base: 0x0000000102595000

Marking Bits: (ParMarkBitMap*) 0x00000001050e8bd0
 Begin Bits: [0x0000000119c38000, 0x000000011dc38000)
 End Bits:   [0x000000011dc38000, 0x0000000121c38000)

Polling page: 0x00000001037ef000

CodeCache: size=245760Kb used=4695Kb max_used=4695Kb free=241064Kb
 bounds [0x000000010ac38000, 0x000000010b0d8000, 0x0000000119c38000]
 total_blobs=1626 nmethods=1297 adapters=243
 compilation: enabled

Compilation events (10 events):
Event: 19.719 Thread 0x00007fd62900f800 1293       3       java.util.regex.Pattern$Curly::study (153 bytes)
Event: 19.720 Thread 0x00007fd62900f800 nmethod 1293 0x000000010b0b1b50 code [0x000000010b0b1ce0, 0x000000010b0b2298]
Event: 19.839 Thread 0x00007fd62900f800 1294       3       java.nio.Buffer::hasRemaining (17 bytes)
Event: 19.840 Thread 0x00007fd62900f800 nmethod 1294 0x000000010b09f850 code [0x000000010b09f9c0, 0x000000010b09fb70]
Event: 20.102 Thread 0x00007fd62900f800 1295       3       java.lang.String::subSequence (7 bytes)
Event: 20.102 Thread 0x00007fd62900f800 nmethod 1295 0x000000010b0b1750 code [0x000000010b0b18c0, 0x000000010b0b1ac8]
Event: 20.102 Thread 0x00007fd62900f800 1296       3       java.lang.CharacterDataLatin1::digit (91 bytes)
Event: 20.103 Thread 0x00007fd62900f800 nmethod 1296 0x000000010b0b10d0 code [0x000000010b0b1260, 0x000000010b0b15f0]
Event: 21.032 Thread 0x00007fd62900f800 1297       3       com.laytonsmith.libs.jline.internal.Preconditions::checkNotNull (14 bytes)
Event: 21.032 Thread 0x00007fd62900f800 nmethod 1297 0x000000010b0b0c50 code [0x000000010b0b0dc0, 0x000000010b0b0fe8]

GC Heap History (2 events):
Event: 1.210 GC heap before
{Heap before GC invocations=1 (full 0):
 PSYoungGen      total 76288K, used 65536K [0x000000076ab00000, 0x0000000770000000, 0x00000007c0000000)
  eden space 65536K, 100% used [0x000000076ab00000,0x000000076eb00000,0x000000076eb00000)
  from space 10752K, 0% used [0x000000076f580000,0x000000076f580000,0x0000000770000000)
  to   space 10752K, 0% used [0x000000076eb00000,0x000000076eb00000,0x000000076f580000)
 ParOldGen       total 175104K, used 0K [0x00000006c0000000, 0x00000006cab00000, 0x000000076ab00000)
  object space 175104K, 0% used [0x00000006c0000000,0x00000006c0000000,0x00000006cab00000)
 Metaspace       used 8988K, capacity 9204K, committed 9472K, reserved 1056768K
  class space    used 1100K, capacity 1178K, committed 1280K, reserved 1048576K
Event: 1.223 GC heap after
Heap after GC invocations=1 (full 0):
 PSYoungGen      total 76288K, used 10750K [0x000000076ab00000, 0x0000000774000000, 0x00000007c0000000)
  eden space 65536K, 0% used [0x000000076ab00000,0x000000076ab00000,0x000000076eb00000)
  from space 10752K, 99% used [0x000000076eb00000,0x000000076f57fa58,0x000000076f580000)
  to   space 10752K, 0% used [0x0000000773580000,0x0000000773580000,0x0000000774000000)
 ParOldGen       total 175104K, used 1693K [0x00000006c0000000, 0x00000006cab00000, 0x000000076ab00000)
  object space 175104K, 0% used [0x00000006c0000000,0x00000006c01a7458,0x00000006cab00000)
 Metaspace       used 8988K, capacity 9204K, committed 9472K, reserved 1056768K
  class space    used 1100K, capacity 1178K, committed 1280K, reserved 1048576K
}

Deoptimization events (10 events):
Event: 1.584 Thread 0x00007fd629008800 Uncommon trap: reason=class_check action=maybe_recompile pc=0x000000010aea9804 method=sun.reflect.DelegatingMethodAccessorImpl.invoke(Ljava/lang/Object;[Ljava/lang/Object;)Ljava/lang/Object; @ 6
Event: 1.595 Thread 0x00007fd629008800 Uncommon trap: reason=unstable_if action=reinterpret pc=0x000000010af44fa0 method=java.lang.CharacterDataLatin1.isWhitespace(I)Z @ 14
Event: 1.604 Thread 0x00007fd629008800 Uncommon trap: reason=unstable_if action=reinterpret pc=0x000000010b042594 method=com.laytonsmith.PureUtilities.ClassLoading.ClassDiscovery.getClassMirrorFromJVMName(Ljava/lang/String;)Lcom/laytonsmith/PureUtilities/ClassLoading/ClassMirror/ClassMirror; @
Event: 1.609 Thread 0x00007fd629008800 Uncommon trap: reason=unstable_if action=reinterpret pc=0x000000010b0441e4 method=java.util.HashMap$HashIterator.<init>(Ljava/util/HashMap;)V @ 38
Event: 1.621 Thread 0x00007fd629008800 Uncommon trap: reason=range_check action=make_not_entrant pc=0x000000010b04f4cc method=java.util.ArrayList.elementData(I)Ljava/lang/Object; @ 5
Event: 1.623 Thread 0x00007fd629008800 Uncommon trap: reason=unstable_if action=reinterpret pc=0x000000010afc1c44 method=java.util.regex.Matcher.reset()Ljava/util/regex/Matcher; @ 47
Event: 5.447 Thread 0x00007fd629008800 Uncommon trap: reason=class_check action=maybe_recompile pc=0x000000010b050070 method=java.util.regex.Matcher.search(I)Z @ 86
Event: 5.447 Thread 0x00007fd629008800 Uncommon trap: reason=class_check action=maybe_recompile pc=0x000000010b050070 method=java.util.regex.Matcher.search(I)Z @ 86
Event: 5.501 Thread 0x00007fd629008800 Uncommon trap: reason=class_check action=maybe_recompile pc=0x000000010b050070 method=java.util.regex.Matcher.search(I)Z @ 86
Event: 5.501 Thread 0x00007fd629008800 Uncommon trap: reason=class_check action=maybe_recompile pc=0x000000010b050070 method=java.util.regex.Matcher.search(I)Z @ 86

Internal exceptions (10 events):
Event: 0.176 Thread 0x00007fd629008800 Exception <a 'java/security/PrivilegedActionException'> (0x000000076afa1548) thrown at [/Users/java_re/workspace/8-2-build-macosx-x86_64/jdk8u92/6642/hotspot/src/share/vm/prims/jvm.cpp, line 1386]
Event: 0.227 Thread 0x00007fd629008800 Exception <a 'java/lang/NoSuchFieldError': method resolution failed> (0x000000076b0baa30) thrown at [/Users/java_re/workspace/8-2-build-macosx-x86_64/jdk8u92/6642/hotspot/src/share/vm/prims/methodHandles.cpp, line 1146]
Event: 0.229 Thread 0x00007fd629008800 Exception <a 'java/lang/NoSuchFieldError': method resolution failed> (0x000000076b0c8150) thrown at [/Users/java_re/workspace/8-2-build-macosx-x86_64/jdk8u92/6642/hotspot/src/share/vm/prims/methodHandles.cpp, line 1146]
Event: 0.311 Thread 0x00007fd629008800 Exception <a 'java/lang/NoSuchMethodError': <clinit>> (0x000000076b53f8f8) thrown at [/Users/java_re/workspace/8-2-build-macosx-x86_64/jdk8u92/6642/hotspot/src/share/vm/prims/jni.cpp, line 1613]
Event: 0.837 Thread 0x00007fd629008800 Implicit null exception at 0x000000010aea87dd to 0x000000010aea8959
Event: 0.888 Thread 0x00007fd629008800 Exception <a 'java/lang/NoClassDefFoundError': org/bukkit/event/Listener> (0x000000076d8e4b50) thrown at [/Users/java_re/workspace/8-2-build-macosx-x86_64/jdk8u92/6642/hotspot/src/share/vm/classfile/systemDictionary.cpp, line 199]
Event: 1.609 Thread 0x00007fd629008800 Implicit null exception at 0x000000010b043f86 to 0x000000010b0441cd
Event: 1.621 Thread 0x00007fd629008800 Exception <a 'java/lang/ArrayIndexOutOfBoundsException': -1> (0x000000076dbaa690) thrown at [/Users/java_re/workspace/8-2-build-macosx-x86_64/jdk8u92/6642/hotspot/src/share/vm/interpreter/interpreterRuntime.cpp, line 366]
Event: 1.641 Thread 0x00007fd629008800 Exception <a 'java/io/FileNotFoundException'> (0x000000076dc6f178) thrown at [/Users/java_re/workspace/8-2-build-macosx-x86_64/jdk8u92/6642/hotspot/src/share/vm/prims/jni.cpp, line 709]
Event: 1.672 Thread 0x00007fd629008800 Exception <a 'java/io/FileNotFoundException'> (0x000000076dcf6d00) thrown at [/Users/java_re/workspace/8-2-build-macosx-x86_64/jdk8u92/6642/hotspot/src/share/vm/prims/jni.cpp, line 709]

Events (10 events):
Event: 21.040 Executing VM operation: RevokeBias
Event: 21.040 Executing VM operation: RevokeBias done
Event: 21.040 Executing VM operation: RevokeBias
Event: 21.040 Executing VM operation: RevokeBias done
Event: 21.040 Executing VM operation: RevokeBias
Event: 21.040 Executing VM operation: RevokeBias done
Event: 21.239 loading class java/util/LinkedList$ListItr
Event: 21.239 loading class java/util/LinkedList$ListItr done
Event: 21.240 loading class com/laytonsmith/libs/jline/console/completer/ArgumentCompleter$ArgumentList
Event: 21.240 loading class com/laytonsmith/libs/jline/console/completer/ArgumentCompleter$ArgumentList done


Dynamic libraries:
0x0000000043d48000 	/System/Library/Frameworks/Cocoa.framework/Versions/A/Cocoa
0x0000000043d48000 	/System/Library/Frameworks/Security.framework/Versions/A/Security
0x0000000043d48000 	/System/Library/Frameworks/ApplicationServices.framework/Versions/A/ApplicationServices
0x0000000043d48000 	/usr/lib/libz.1.dylib
0x0000000043d48000 	/usr/lib/libSystem.B.dylib
0x0000000043d48000 	/usr/lib/libobjc.A.dylib
0x0000000043d48000 	/System/Library/Frameworks/CoreFoundation.framework/Versions/A/CoreFoundation
0x0000000043d48000 	/System/Library/Frameworks/Foundation.framework/Versions/C/Foundation
0x0000000043d48000 	/System/Library/Frameworks/AppKit.framework/Versions/C/AppKit
0x0000000043d48000 	/System/Library/Frameworks/CoreData.framework/Versions/A/CoreData
0x0000000043d48000 	/System/Library/PrivateFrameworks/RemoteViewServices.framework/Versions/A/RemoteViewServices
0x0000000043d48000 	/System/Library/PrivateFrameworks/UIFoundation.framework/Versions/A/UIFoundation
0x0000000043d48000 	/usr/lib/libenergytrace.dylib
0x0000000043d48000 	/System/Library/PrivateFrameworks/SkyLight.framework/Versions/A/SkyLight
0x0000000043d48000 	/System/Library/Frameworks/CoreGraphics.framework/Versions/A/CoreGraphics
0x0000000043d48000 	/usr/lib/libScreenReader.dylib
0x0000000043d48000 	/System/Library/Frameworks/Accelerate.framework/Versions/A/Accelerate
0x0000000043d48000 	/System/Library/Frameworks/IOSurface.framework/Versions/A/IOSurface
0x0000000043d48000 	/System/Library/Frameworks/AudioToolbox.framework/Versions/A/AudioToolbox
0x0000000043d48000 	/System/Library/Frameworks/AudioUnit.framework/Versions/A/AudioUnit
0x0000000043d48000 	/System/Library/PrivateFrameworks/DataDetectorsCore.framework/Versions/A/DataDetectorsCore
0x0000000043d48000 	/System/Library/PrivateFrameworks/DesktopServicesPriv.framework/Versions/A/DesktopServicesPriv
0x0000000043d48000 	/System/Library/Frameworks/Carbon.framework/Versions/A/Frameworks/HIToolbox.framework/Versions/A/HIToolbox
0x0000000043d48000 	/usr/lib/libicucore.A.dylib
0x0000000043d48000 	/System/Library/Frameworks/QuartzCore.framework/Versions/A/QuartzCore
0x0000000043d48000 	/System/Library/Frameworks/Carbon.framework/Versions/A/Frameworks/SpeechRecognition.framework/Versions/A/SpeechRecognition
0x0000000043d48000 	/usr/lib/libauto.dylib
0x0000000043d48000 	/usr/lib/libxml2.2.dylib
0x0000000043d48000 	/System/Library/PrivateFrameworks/CoreUI.framework/Versions/A/CoreUI
0x0000000043d48000 	/System/Library/Frameworks/CoreAudio.framework/Versions/A/CoreAudio
0x0000000043d48000 	/System/Library/Frameworks/DiskArbitration.framework/Versions/A/DiskArbitration
0x0000000043d48000 	/usr/lib/liblangid.dylib
0x0000000043d48000 	/System/Library/PrivateFrameworks/MultitouchSupport.framework/Versions/A/MultitouchSupport
0x0000000043d48000 	/System/Library/Frameworks/IOKit.framework/Versions/A/IOKit
0x0000000043d48000 	/usr/lib/libDiagnosticMessagesClient.dylib
0x0000000043d48000 	/System/Library/Frameworks/CoreServices.framework/Versions/A/CoreServices
0x0000000043d48000 	/System/Library/PrivateFrameworks/PerformanceAnalysis.framework/Versions/A/PerformanceAnalysis
0x0000000043d48000 	/System/Library/PrivateFrameworks/GenerationalStorage.framework/Versions/A/GenerationalStorage
0x0000000043d48000 	/System/Library/Frameworks/OpenGL.framework/Versions/A/OpenGL
0x0000000043d48000 	/System/Library/Frameworks/CoreImage.framework/Versions/A/CoreImage
0x0000000043d48000 	/System/Library/Frameworks/CoreText.framework/Versions/A/CoreText
0x0000000043d48000 	/System/Library/Frameworks/ImageIO.framework/Versions/A/ImageIO
0x0000000043d48000 	/System/Library/PrivateFrameworks/Backup.framework/Versions/A/Backup
0x0000000043d48000 	/usr/lib/libarchive.2.dylib
0x0000000043d48000 	/System/Library/Frameworks/CFNetwork.framework/Versions/A/CFNetwork
0x0000000043d48000 	/System/Library/Frameworks/SystemConfiguration.framework/Versions/A/SystemConfiguration
0x0000000043d48000 	/usr/lib/libCRFSuite.dylib
0x0000000043d48000 	/usr/lib/libc++.1.dylib
0x0000000043d48000 	/usr/lib/libc++abi.dylib
0x0000000043d48000 	/usr/lib/system/libcache.dylib
0x0000000043d48000 	/usr/lib/system/libcommonCrypto.dylib
0x0000000043d48000 	/usr/lib/system/libcompiler_rt.dylib
0x0000000043d48000 	/usr/lib/system/libcopyfile.dylib
0x0000000043d48000 	/usr/lib/system/libcorecrypto.dylib
0x0000000043d48000 	/usr/lib/system/libdispatch.dylib
0x0000000043d48000 	/usr/lib/system/libdyld.dylib
0x0000000043d48000 	/usr/lib/system/libkeymgr.dylib
0x0000000043d48000 	/usr/lib/system/liblaunch.dylib
0x0000000043d48000 	/usr/lib/system/libmacho.dylib
0x0000000043d48000 	/usr/lib/system/libquarantine.dylib
0x0000000043d48000 	/usr/lib/system/libremovefile.dylib
0x0000000043d48000 	/usr/lib/system/libsystem_asl.dylib
0x0000000043d48000 	/usr/lib/system/libsystem_blocks.dylib
0x0000000043d48000 	/usr/lib/system/libsystem_c.dylib
0x0000000043d48000 	/usr/lib/system/libsystem_configuration.dylib
0x0000000043d48000 	/usr/lib/system/libsystem_coreservices.dylib
0x0000000043d48000 	/usr/lib/system/libsystem_coretls.dylib
0x0000000043d48000 	/usr/lib/system/libsystem_dnssd.dylib
0x0000000043d48000 	/usr/lib/system/libsystem_info.dylib
0x0000000043d48000 	/usr/lib/system/libsystem_kernel.dylib
0x0000000043d48000 	/usr/lib/system/libsystem_m.dylib
0x0000000043d48000 	/usr/lib/system/libsystem_malloc.dylib
0x0000000043d48000 	/usr/lib/system/libsystem_network.dylib
0x0000000043d48000 	/usr/lib/system/libsystem_networkextension.dylib
0x0000000043d48000 	/usr/lib/system/libsystem_notify.dylib
0x0000000043d48000 	/usr/lib/system/libsystem_platform.dylib
0x0000000043d48000 	/usr/lib/system/libsystem_pthread.dylib
0x0000000043d48000 	/usr/lib/system/libsystem_sandbox.dylib
0x0000000043d48000 	/usr/lib/system/libsystem_secinit.dylib
0x0000000043d48000 	/usr/lib/system/libsystem_symptoms.dylib
0x0000000043d48000 	/usr/lib/system/libsystem_trace.dylib
0x0000000043d48000 	/usr/lib/system/libunwind.dylib
0x0000000043d48000 	/usr/lib/system/libxpc.dylib
0x0000000043d48000 	/usr/lib/libbsm.0.dylib
0x0000000043d48000 	/usr/lib/system/libkxld.dylib
0x0000000043d48000 	/usr/lib/libcoretls.dylib
0x0000000043d48000 	/usr/lib/libcoretls_cfhelpers.dylib
0x0000000043d48000 	/usr/lib/libxar.1.dylib
0x0000000043d48000 	/usr/lib/libsqlite3.dylib
0x0000000043d48000 	/usr/lib/libpam.2.dylib
0x0000000043d48000 	/usr/lib/libOpenScriptingUtil.dylib
0x0000000043d48000 	/usr/lib/libbz2.1.0.dylib
0x0000000043d48000 	/usr/lib/liblzma.5.dylib
0x0000000043d48000 	/usr/lib/libnetwork.dylib
0x0000000043d48000 	/usr/lib/libpcap.A.dylib
0x0000000043d48000 	/System/Library/Frameworks/CoreServices.framework/Versions/A/Frameworks/FSEvents.framework/Versions/A/FSEvents
0x0000000043d48000 	/System/Library/Frameworks/CoreServices.framework/Versions/A/Frameworks/CarbonCore.framework/Versions/A/CarbonCore
0x0000000043d48000 	/System/Library/Frameworks/CoreServices.framework/Versions/A/Frameworks/Metadata.framework/Versions/A/Metadata
0x0000000043d48000 	/System/Library/Frameworks/CoreServices.framework/Versions/A/Frameworks/OSServices.framework/Versions/A/OSServices
0x0000000043d48000 	/System/Library/Frameworks/CoreServices.framework/Versions/A/Frameworks/SearchKit.framework/Versions/A/SearchKit
0x0000000043d48000 	/System/Library/Frameworks/CoreServices.framework/Versions/A/Frameworks/AE.framework/Versions/A/AE
0x0000000043d48000 	/System/Library/Frameworks/CoreServices.framework/Versions/A/Frameworks/LaunchServices.framework/Versions/A/LaunchServices
0x0000000043d48000 	/System/Library/Frameworks/CoreServices.framework/Versions/A/Frameworks/DictionaryServices.framework/Versions/A/DictionaryServices
0x0000000043d48000 	/System/Library/Frameworks/CoreServices.framework/Versions/A/Frameworks/SharedFileList.framework/Versions/A/SharedFileList
0x0000000043d48000 	/System/Library/Frameworks/NetFS.framework/Versions/A/NetFS
0x0000000043d48000 	/System/Library/PrivateFrameworks/NetAuth.framework/Versions/A/NetAuth
0x0000000043d48000 	/System/Library/PrivateFrameworks/login.framework/Versions/A/Frameworks/loginsupport.framework/Versions/A/loginsupport
0x0000000043d48000 	/System/Library/PrivateFrameworks/TCC.framework/Versions/A/TCC
0x0000000043d48000 	/usr/lib/libmecabra.dylib
0x0000000043d48000 	/System/Library/Frameworks/ApplicationServices.framework/Versions/A/Frameworks/ATS.framework/Versions/A/ATS
0x0000000043d48000 	/System/Library/Frameworks/ApplicationServices.framework/Versions/A/Frameworks/ColorSync.framework/Versions/A/ColorSync
0x0000000043d48000 	/System/Library/Frameworks/ApplicationServices.framework/Versions/A/Frameworks/HIServices.framework/Versions/A/HIServices
0x0000000043d48000 	/System/Library/Frameworks/ApplicationServices.framework/Versions/A/Frameworks/LangAnalysis.framework/Versions/A/LangAnalysis
0x0000000043d48000 	/System/Library/Frameworks/ApplicationServices.framework/Versions/A/Frameworks/PrintCore.framework/Versions/A/PrintCore
0x0000000043d48000 	/System/Library/Frameworks/ApplicationServices.framework/Versions/A/Frameworks/QD.framework/Versions/A/QD
0x0000000043d48000 	/System/Library/Frameworks/ApplicationServices.framework/Versions/A/Frameworks/SpeechSynthesis.framework/Versions/A/SpeechSynthesis
0x0000000043d48000 	/System/Library/Frameworks/Accelerate.framework/Versions/A/Frameworks/vImage.framework/Versions/A/vImage
0x0000000043d48000 	/System/Library/Frameworks/Accelerate.framework/Versions/A/Frameworks/vecLib.framework/Versions/A/vecLib
0x0000000043d48000 	/System/Library/Frameworks/Accelerate.framework/Versions/A/Frameworks/vecLib.framework/Versions/A/libvDSP.dylib
0x0000000043d48000 	/System/Library/Frameworks/Accelerate.framework/Versions/A/Frameworks/vecLib.framework/Versions/A/libBNNS.dylib
0x0000000043d48000 	/System/Library/Frameworks/Accelerate.framework/Versions/A/Frameworks/vecLib.framework/Versions/A/libQuadrature.dylib
0x0000000043d48000 	/System/Library/Frameworks/Accelerate.framework/Versions/A/Frameworks/vecLib.framework/Versions/A/libvMisc.dylib
0x0000000043d48000 	/System/Library/Frameworks/Accelerate.framework/Versions/A/Frameworks/vecLib.framework/Versions/A/libLAPACK.dylib
0x0000000043d48000 	/System/Library/Frameworks/Accelerate.framework/Versions/A/Frameworks/vecLib.framework/Versions/A/libBLAS.dylib
0x0000000043d48000 	/System/Library/Frameworks/Accelerate.framework/Versions/A/Frameworks/vecLib.framework/Versions/A/libLinearAlgebra.dylib
0x0000000043d48000 	/System/Library/Frameworks/Accelerate.framework/Versions/A/Frameworks/vecLib.framework/Versions/A/libSparseBLAS.dylib
0x0000000043d48000 	/System/Library/Frameworks/ApplicationServices.framework/Versions/A/Frameworks/ATS.framework/Versions/A/Resources/libFontParser.dylib
0x0000000043d48000 	/System/Library/Frameworks/ApplicationServices.framework/Versions/A/Frameworks/ATS.framework/Versions/A/Resources/libFontRegistry.dylib
0x0000000043d48000 	/System/Library/Frameworks/ImageIO.framework/Versions/A/Resources/libJPEG.dylib
0x0000000043d48000 	/System/Library/Frameworks/ImageIO.framework/Versions/A/Resources/libTIFF.dylib
0x0000000043d48000 	/System/Library/Frameworks/ImageIO.framework/Versions/A/Resources/libPng.dylib
0x0000000043d48000 	/System/Library/Frameworks/ImageIO.framework/Versions/A/Resources/libGIF.dylib
0x0000000043d48000 	/System/Library/Frameworks/ImageIO.framework/Versions/A/Resources/libJP2.dylib
0x0000000043d48000 	/System/Library/Frameworks/ImageIO.framework/Versions/A/Resources/libRadiance.dylib
0x0000000043d48000 	/usr/lib/libcompression.dylib
0x0000000043d48000 	/System/Library/PrivateFrameworks/AppleJPEG.framework/Versions/A/AppleJPEG
0x0000000043d48000 	/usr/lib/libcups.2.dylib
0x0000000043d48000 	/System/Library/Frameworks/Kerberos.framework/Versions/A/Kerberos
0x0000000043d48000 	/System/Library/Frameworks/GSS.framework/Versions/A/GSS
0x0000000043d48000 	/usr/lib/libresolv.9.dylib
0x0000000043d48000 	/usr/lib/libiconv.2.dylib
0x0000000043d48000 	/System/Library/PrivateFrameworks/Heimdal.framework/Versions/A/Heimdal
0x0000000043d48000 	/usr/lib/libheimdal-asn1.dylib
0x0000000043d48000 	/System/Library/Frameworks/OpenDirectory.framework/Versions/A/OpenDirectory
0x0000000043d48000 	/System/Library/PrivateFrameworks/CommonAuth.framework/Versions/A/CommonAuth
0x0000000043d48000 	/System/Library/Frameworks/OpenDirectory.framework/Versions/A/Frameworks/CFOpenDirectory.framework/Versions/A/CFOpenDirectory
0x0000000043d48000 	/System/Library/Frameworks/SecurityFoundation.framework/Versions/A/SecurityFoundation
0x0000000043d48000 	/System/Library/PrivateFrameworks/LanguageModeling.framework/Versions/A/LanguageModeling
0x0000000043d48000 	/usr/lib/libmarisa.dylib
0x0000000043d48000 	/usr/lib/libChineseTokenizer.dylib
0x0000000043d48000 	/usr/lib/libcmph.dylib
0x0000000043d48000 	/System/Library/PrivateFrameworks/CoreEmoji.framework/Versions/A/CoreEmoji
0x0000000043d48000 	/System/Library/Frameworks/ServiceManagement.framework/Versions/A/ServiceManagement
0x0000000043d48000 	/usr/lib/libxslt.1.dylib
0x0000000043d48000 	/System/Library/Frameworks/Carbon.framework/Versions/A/Frameworks/Ink.framework/Versions/A/Ink
0x0000000043d48000 	/System/Library/PrivateFrameworks/TextureIO.framework/Versions/A/TextureIO
0x0000000043d48000 	/System/Library/Frameworks/Metal.framework/Versions/A/Metal
0x0000000043d48000 	/usr/lib/libate.dylib
0x0000000043d48000 	/System/Library/PrivateFrameworks/GPUCompiler.framework/libmetal_timestamp.dylib
0x0000000043d48000 	/System/Library/Frameworks/OpenGL.framework/Versions/A/Libraries/libCoreFSCache.dylib
0x0000000043d48000 	/System/Library/PrivateFrameworks/IOAccelerator.framework/Versions/A/IOAccelerator
0x0000000043d48000 	/System/Library/Frameworks/CoreVideo.framework/Versions/A/CoreVideo
0x0000000043d48000 	/usr/lib/libFosl_dynamic.dylib
0x0000000043d48000 	/System/Library/PrivateFrameworks/MetalPerformanceShaders.framework/Versions/A/MetalPerformanceShaders
0x0000000043d48000 	/System/Library/PrivateFrameworks/FaceCore.framework/Versions/A/FaceCore
0x0000000043d48000 	/System/Library/Frameworks/OpenCL.framework/Versions/A/OpenCL
0x0000000043d48000 	/System/Library/Frameworks/OpenGL.framework/Versions/A/Libraries/libGLU.dylib
0x0000000043d48000 	/System/Library/Frameworks/OpenGL.framework/Versions/A/Libraries/libGFXShared.dylib
0x0000000043d48000 	/System/Library/Frameworks/OpenGL.framework/Versions/A/Libraries/libGL.dylib
0x0000000043d48000 	/System/Library/Frameworks/OpenGL.framework/Versions/A/Libraries/libGLImage.dylib
0x0000000043d48000 	/System/Library/Frameworks/OpenGL.framework/Versions/A/Libraries/libCVMSPluginSupport.dylib
0x0000000043d48000 	/System/Library/Frameworks/OpenGL.framework/Versions/A/Libraries/libCoreVMClient.dylib
0x0000000043d48000 	/System/Library/PrivateFrameworks/CrashReporterSupport.framework/Versions/A/CrashReporterSupport
0x0000000043d48000 	/System/Library/PrivateFrameworks/Sharing.framework/Versions/A/Sharing
0x0000000043d48000 	/System/Library/PrivateFrameworks/IconServices.framework/Versions/A/IconServices
0x0000000043d48000 	/System/Library/PrivateFrameworks/ProtocolBuffer.framework/Versions/A/ProtocolBuffer
0x0000000043d48000 	/System/Library/PrivateFrameworks/Apple80211.framework/Versions/A/Apple80211
0x0000000043d48000 	/System/Library/Frameworks/CoreWLAN.framework/Versions/A/CoreWLAN
0x0000000043d48000 	/System/Library/PrivateFrameworks/CoreUtils.framework/Versions/A/CoreUtils
0x0000000043d48000 	/System/Library/Frameworks/IOBluetooth.framework/Versions/A/IOBluetooth
0x0000000043d48000 	/System/Library/PrivateFrameworks/CoreWiFi.framework/Versions/A/CoreWiFi
0x0000000043d48000 	/System/Library/Frameworks/CoreBluetooth.framework/Versions/A/CoreBluetooth
0x0000000043d48000 	/System/Library/Frameworks/CoreDisplay.framework/Versions/A/CoreDisplay
0x0000000043d48000 	/System/Library/PrivateFrameworks/IOPresentment.framework/Versions/A/IOPresentment
0x0000000043d48000 	/System/Library/PrivateFrameworks/DebugSymbols.framework/Versions/A/DebugSymbols
0x0000000043d48000 	/System/Library/PrivateFrameworks/CoreSymbolication.framework/Versions/A/CoreSymbolication
0x0000000043d48000 	/System/Library/PrivateFrameworks/Symbolication.framework/Versions/A/Symbolication
0x0000000043d48000 	/System/Library/PrivateFrameworks/AppleFSCompression.framework/Versions/A/AppleFSCompression
0x0000000043d48000 	/System/Library/PrivateFrameworks/SpeechRecognitionCore.framework/Versions/A/SpeechRecognitionCore
0x0000000043d48000 	/System/Library/PrivateFrameworks/ChunkingLibrary.framework/Versions/A/ChunkingLibrary
0x0000000104800000 	/Library/Java/JavaVirtualMachines/jdk1.8.0_92.jdk/Contents/Home/jre/lib/server/libjvm.dylib
0x0000000043d48000 	/usr/lib/libstdc++.6.dylib
0x00000001037e1000 	/Library/Java/JavaVirtualMachines/jdk1.8.0_92.jdk/Contents/Home/jre/lib/libverify.dylib
0x0000000105797000 	/Library/Java/JavaVirtualMachines/jdk1.8.0_92.jdk/Contents/Home/jre/lib/libjava.dylib
0x00000001057cc000 	/Library/Java/JavaVirtualMachines/jdk1.8.0_92.jdk/Contents/Home/jre/lib/libzip.dylib
0x0000000109862000 	/System/Library/Frameworks/JavaVM.framework/Frameworks/JavaRuntimeSupport.framework/JavaRuntimeSupport
0x000000010987c000 	/System/Library/Frameworks/JavaVM.framework/Versions/A/Frameworks/JavaNativeFoundation.framework/Versions/A/JavaNativeFoundation
0x0000000109891000 	/System/Library/Frameworks/JavaVM.framework/Versions/A/JavaVM
0x0000000043d48000 	/System/Library/Frameworks/Carbon.framework/Versions/A/Carbon
0x000000010989e000 	/System/Library/PrivateFrameworks/JavaLaunching.framework/Versions/A/JavaLaunching
0x0000000043d48000 	/System/Library/Frameworks/Carbon.framework/Versions/A/Frameworks/CommonPanels.framework/Versions/A/CommonPanels
0x0000000043d48000 	/System/Library/Frameworks/Carbon.framework/Versions/A/Frameworks/Help.framework/Versions/A/Help
0x0000000043d48000 	/System/Library/Frameworks/Carbon.framework/Versions/A/Frameworks/ImageCapture.framework/Versions/A/ImageCapture
0x0000000043d48000 	/System/Library/Frameworks/Carbon.framework/Versions/A/Frameworks/OpenScripting.framework/Versions/A/OpenScripting
0x0000000043d48000 	/System/Library/Frameworks/Carbon.framework/Versions/A/Frameworks/Print.framework/Versions/A/Print
0x0000000043d48000 	/System/Library/Frameworks/Carbon.framework/Versions/A/Frameworks/SecurityHI.framework/Versions/A/SecurityHI
0x000000010997a000 	/private/var/folders/n5/9fsshzjj0sjdl799xb0mgh800000gn/T/libjansi-64-3-5247409706952970283.3

VM Arguments:
java_command: /Users/cailin/Code/CommandHelper/target/commandhelper-3.3.2-SNAPSHOT.jar interpreter --location /usr/local/bin/mscript
java_class_path (initial): /Users/cailin/Code/CommandHelper/target/commandhelper-3.3.2-SNAPSHOT.jar
Launcher Type: SUN_STANDARD

Environment Variables:
PATH=/usr/local/bin:/usr/bin:/bin:/usr/sbin:/sbin:/Users/cailin/gocode/bin:/Applications/HP_Fortify/HP_Fortify_SCA_and_Apps_16.10/bin
SHELL=/bin/bash

Signal Handlers:
SIGSEGV: [libjvm.dylib+0x5aa779], sa_mask[0]=11111111011111110111111111111111, sa_flags=SA_ONSTACK|SA_RESTART|SA_SIGINFO
SIGBUS: [libjvm.dylib+0x5aa779], sa_mask[0]=11111111011111110111111111111111, sa_flags=SA_RESTART|SA_SIGINFO
SIGFPE: [libjvm.dylib+0x4831d0], sa_mask[0]=11111111011111110111111111111111, sa_flags=SA_RESTART|SA_SIGINFO
SIGPIPE: [libjvm.dylib+0x4831d0], sa_mask[0]=11111111011111110111111111111111, sa_flags=SA_RESTART|SA_SIGINFO
SIGXFSZ: [libjvm.dylib+0x4831d0], sa_mask[0]=11111111011111110111111111111111, sa_flags=SA_RESTART|SA_SIGINFO
SIGILL: [libjvm.dylib+0x4831d0], sa_mask[0]=11111111011111110111111111111111, sa_flags=SA_RESTART|SA_SIGINFO
SIGUSR1: SIG_DFL, sa_mask[0]=11011111011111100000000111000110, sa_flags=none
SIGUSR2: [libjvm.dylib+0x482cee], sa_mask[0]=00000000000000000000000000000000, sa_flags=SA_RESTART|SA_SIGINFO
SIGHUP: [libjvm.dylib+0x4812c5], sa_mask[0]=11111111011111110111111111111111, sa_flags=SA_RESTART|SA_SIGINFO
SIGINT: [libjvm.dylib+0x4812c5], sa_mask[0]=11111111011111110111111111111111, sa_flags=SA_RESTART|SA_SIGINFO
SIGTERM: [libjvm.dylib+0x4812c5], sa_mask[0]=11111111011111110111111111111111, sa_flags=SA_RESTART|SA_SIGINFO
SIGQUIT: [libjvm.dylib+0x4812c5], sa_mask[0]=11111111011111110111111111111111, sa_flags=SA_RESTART|SA_SIGINFO


---------------  S Y S T E M  ---------------

OS:Bsduname:Darwin 16.0.0 Darwin Kernel Version 16.0.0: Mon Aug 29 17:56:20 PDT 2016; root:xnu-3789.1.32~3/RELEASE_X86_64 x86_64
rlimit: STACK 8192k, CORE 0k, NPROC 709, NOFILE 10240, AS infinity
load average:2.84 2.14 1.94

CPU:total 8 (4 cores per cpu, 2 threads per core) family 6 model 70 stepping 1, cmov, cx8, fxsr, mmx, sse, sse2, sse3, ssse3, sse4.1, sse4.2, popcnt, avx, avx2, aes, clmul, erms, lzcnt, ht, tsc, tscinvbit, bmi1, bmi2

Memory: 4k page, physical 16777216k(3767036k free)

/proc/meminfo:


vm_info: Java HotSpot(TM) 64-Bit Server VM (25.92-b14) for bsd-amd64 JRE (1.8.0_92-b14), built on Mar 31 2016 21:23:14 by "java_re" with gcc 4.2.1 (Based on Apple Inc. build 5658) (LLVM build 2336.11.00)

time: Tue Sep 27 16:16:03 2016
elapsed time: 21 seconds (0d 0h 0m 21s)

