#
# A fatal error has been detected by the Java Runtime Environment:
#
#  Internal Error (sharedRuntime.cpp:933), pid=7400, tid=6064
#  Error: guarantee((retry_count++ < 100),"Could not resolve to latest version of redefined method")
#
# JRE version: 6.0_14-b08
# Java VM: Java HotSpot(TM) Client VM (14.0-b16 mixed mode, sharing windows-x86 )
# If you would like to submit a bug report, please visit:
#   http://java.sun.com/webapps/bugreport/crash.jsp
#

---------------  T H R E A D  ---------------

Current thread (0x00119800):  JavaThread "main" [_thread_in_vm, id=6064, stack(0x007b0000,0x00800000)]

Stack: [0x007b0000,0x00800000],  sp=0x007feb94,  free space=314k
Native frames: (J=compiled Java code, j=interpreted, Vv=VM code, C=native code)
V  [jvm.dll+0x1e5fe7]
V  [jvm.dll+0xa05e8]
V  [jvm.dll+0x1986fd]
V  [jvm.dll+0x198ab1]
v  ~RuntimeStub::resolve_opt_virtual_call
J  java.lang.Exception.<init>()V
j  java.io.IOException.<init>()V+1
j  java.io.EOFException.<init>()V+1
j  java.util.zip.ZipInputStream.readFully([BII)V+26
j  java.util.zip.ZipInputStream.readLOC()Ljava/util/zip/ZipEntry;+8
j  java.util.zip.ZipInputStream.getNextEntry()Ljava/util/zip/ZipEntry;+31
j  com.laytonsmith.PureUtilities.ZipReader.getFile(Ljava/util/Deque;Ljava/lang/String;Ljava/util/zip/ZipInputStream;)Ljava/io/InputStream;+23
j  com.laytonsmith.PureUtilities.ZipReader.getFile(Ljava/util/Deque;Ljava/lang/String;Ljava/util/zip/ZipInputStream;)Ljava/io/InputStream;+214
j  com.laytonsmith.PureUtilities.ZipReader.getInputStream()Ljava/io/InputStream;+73
j  com.laytonsmith.PureUtilities.ZipReader.getFileContents()Ljava/lang/String;+16
j  com.laytonsmith.PureUtilities.ZipReaderTest.testNestedNotAZip()V+55
v  ~StubRoutines::call_stub
V  [jvm.dll+0xecabc]
V  [jvm.dll+0x173d61]
V  [jvm.dll+0xecb3d]
V  [jvm.dll+0x18dfeb]
V  [jvm.dll+0x18e7f6]
V  [jvm.dll+0x1176c3]
C  [java.dll+0x714f]
j  sun.reflect.NativeMethodAccessorImpl.invoke(Ljava/lang/Object;[Ljava/lang/Object;)Ljava/lang/Object;+87
J  sun.reflect.DelegatingMethodAccessorImpl.invoke(Ljava/lang/Object;[Ljava/lang/Object;)Ljava/lang/Object;
J  java.lang.reflect.Method.invoke(Ljava/lang/Object;[Ljava/lang/Object;)Ljava/lang/Object;
j  org.junit.runners.model.FrameworkMethod$1.runReflectiveCall()Ljava/lang/Object;+15
j  org.junit.internal.runners.model.ReflectiveCallable.run()Ljava/lang/Object;+1
j  org.junit.runners.model.FrameworkMethod.invokeExplosively(Ljava/lang/Object;[Ljava/lang/Object;)Ljava/lang/Object;+18
j  org.junit.internal.runners.statements.InvokeMethod.evaluate()V+20
j  org.junit.runners.BlockJUnit4ClassRunner.runChild(Lorg/junit/runners/model/FrameworkMethod;Lorg/junit/runner/notification/RunNotifier;)V+31
j  org.junit.runners.BlockJUnit4ClassRunner.runChild(Ljava/lang/Object;Lorg/junit/runner/notification/RunNotifier;)V+6
j  org.junit.runners.ParentRunner$3.run()V+12
j  org.junit.runners.ParentRunner$1.schedule(Ljava/lang/Runnable;)V+1
j  org.junit.runners.ParentRunner.runChildren(Lorg/junit/runner/notification/RunNotifier;)V+48
j  org.junit.runners.ParentRunner.access$000(Lorg/junit/runners/ParentRunner;Lorg/junit/runner/notification/RunNotifier;)V+2
j  org.junit.runners.ParentRunner$2.evaluate()V+8
j  org.junit.internal.runners.statements.RunBefores.evaluate()V+57
j  org.junit.runners.ParentRunner.run(Lorg/junit/runner/notification/RunNotifier;)V+28
j  org.apache.maven.surefire.junit4.JUnit4TestSet.execute(Ljava/lang/Class;Lorg/junit/runner/notification/RunNotifier;Ljava/lang/String;)V+79
j  org.apache.maven.surefire.junit4.JUnit4Provider.executeTestSet(Ljava/lang/Class;Lorg/apache/maven/surefire/report/RunListener;Lorg/junit/runner/notification/RunNotifier;)V+34
j  org.apache.maven.surefire.junit4.JUnit4Provider.invoke(Ljava/lang/Object;)Lorg/apache/maven/surefire/suite/RunResult;+133
v  ~StubRoutines::call_stub
V  [jvm.dll+0xecabc]
V  [jvm.dll+0x173d61]
V  [jvm.dll+0xecb3d]
V  [jvm.dll+0x18dfeb]
V  [jvm.dll+0x18e7f6]
V  [jvm.dll+0x1176c3]
C  [java.dll+0x714f]
j  sun.reflect.NativeMethodAccessorImpl.invoke(Ljava/lang/Object;[Ljava/lang/Object;)Ljava/lang/Object;+87
j  sun.reflect.DelegatingMethodAccessorImpl.invoke(Ljava/lang/Object;[Ljava/lang/Object;)Ljava/lang/Object;+6
j  java.lang.reflect.Method.invoke(Ljava/lang/Object;[Ljava/lang/Object;)Ljava/lang/Object;+161
j  org.apache.maven.surefire.util.ReflectionUtils.invokeMethodWithArray(Ljava/lang/Object;Ljava/lang/reflect/Method;[Ljava/lang/Object;)Ljava/lang/Object;+3
j  org.apache.maven.surefire.booter.ProviderFactory$ProviderProxy.invoke(Ljava/lang/Object;)Lorg/apache/maven/surefire/suite/RunResult;+29
j  org.apache.maven.surefire.booter.SurefireStarter.invokeProvider(Ljava/lang/Object;Ljava/lang/ClassLoader;Ljava/lang/ClassLoader;Ljava/lang/Object;)Lorg/apache/maven/surefire/suite/RunResult;+41
j  org.apache.maven.surefire.booter.SurefireStarter.runSuitesInProcessWhenForked()Lorg/apache/maven/surefire/suite/RunResult;+33
j  org.apache.maven.surefire.booter.ForkedBooter.main([Ljava/lang/String;)V+118
v  ~StubRoutines::call_stub
V  [jvm.dll+0xecabc]
V  [jvm.dll+0x173d61]
V  [jvm.dll+0xecb3d]
V  [jvm.dll+0xf5705]
V  [jvm.dll+0xfd35d]
C  [java.exe+0x2155]
C  [java.exe+0x82ce]
C  [kernel32.dll+0x8f13c]
C  [ntdll.dll+0x7d819]
C  [ntdll.dll+0x7da2b]

Java frames: (J=compiled Java code, j=interpreted, Vv=VM code)
v  ~RuntimeStub::resolve_opt_virtual_call
J  java.lang.Exception.<init>()V
j  java.io.IOException.<init>()V+1
j  java.io.EOFException.<init>()V+1
j  java.util.zip.ZipInputStream.readFully([BII)V+26
j  java.util.zip.ZipInputStream.readLOC()Ljava/util/zip/ZipEntry;+8
j  java.util.zip.ZipInputStream.getNextEntry()Ljava/util/zip/ZipEntry;+31
j  com.laytonsmith.PureUtilities.ZipReader.getFile(Ljava/util/Deque;Ljava/lang/String;Ljava/util/zip/ZipInputStream;)Ljava/io/InputStream;+23
j  com.laytonsmith.PureUtilities.ZipReader.getFile(Ljava/util/Deque;Ljava/lang/String;Ljava/util/zip/ZipInputStream;)Ljava/io/InputStream;+214
j  com.laytonsmith.PureUtilities.ZipReader.getInputStream()Ljava/io/InputStream;+73
j  com.laytonsmith.PureUtilities.ZipReader.getFileContents()Ljava/lang/String;+16
j  com.laytonsmith.PureUtilities.ZipReaderTest.testNestedNotAZip()V+55
v  ~StubRoutines::call_stub
j  sun.reflect.NativeMethodAccessorImpl.invoke0(Ljava/lang/reflect/Method;Ljava/lang/Object;[Ljava/lang/Object;)Ljava/lang/Object;+0
j  sun.reflect.NativeMethodAccessorImpl.invoke(Ljava/lang/Object;[Ljava/lang/Object;)Ljava/lang/Object;+87
J  sun.reflect.DelegatingMethodAccessorImpl.invoke(Ljava/lang/Object;[Ljava/lang/Object;)Ljava/lang/Object;
J  java.lang.reflect.Method.invoke(Ljava/lang/Object;[Ljava/lang/Object;)Ljava/lang/Object;
j  org.junit.runners.model.FrameworkMethod$1.runReflectiveCall()Ljava/lang/Object;+15
j  org.junit.internal.runners.model.ReflectiveCallable.run()Ljava/lang/Object;+1
j  org.junit.runners.model.FrameworkMethod.invokeExplosively(Ljava/lang/Object;[Ljava/lang/Object;)Ljava/lang/Object;+18
j  org.junit.internal.runners.statements.InvokeMethod.evaluate()V+20
j  org.junit.runners.BlockJUnit4ClassRunner.runChild(Lorg/junit/runners/model/FrameworkMethod;Lorg/junit/runner/notification/RunNotifier;)V+31
j  org.junit.runners.BlockJUnit4ClassRunner.runChild(Ljava/lang/Object;Lorg/junit/runner/notification/RunNotifier;)V+6
j  org.junit.runners.ParentRunner$3.run()V+12
j  org.junit.runners.ParentRunner$1.schedule(Ljava/lang/Runnable;)V+1
j  org.junit.runners.ParentRunner.runChildren(Lorg/junit/runner/notification/RunNotifier;)V+48
j  org.junit.runners.ParentRunner.access$000(Lorg/junit/runners/ParentRunner;Lorg/junit/runner/notification/RunNotifier;)V+2
j  org.junit.runners.ParentRunner$2.evaluate()V+8
j  org.junit.internal.runners.statements.RunBefores.evaluate()V+57
j  org.junit.runners.ParentRunner.run(Lorg/junit/runner/notification/RunNotifier;)V+28
j  org.apache.maven.surefire.junit4.JUnit4TestSet.execute(Ljava/lang/Class;Lorg/junit/runner/notification/RunNotifier;Ljava/lang/String;)V+79
j  org.apache.maven.surefire.junit4.JUnit4Provider.executeTestSet(Ljava/lang/Class;Lorg/apache/maven/surefire/report/RunListener;Lorg/junit/runner/notification/RunNotifier;)V+34
j  org.apache.maven.surefire.junit4.JUnit4Provider.invoke(Ljava/lang/Object;)Lorg/apache/maven/surefire/suite/RunResult;+133
v  ~StubRoutines::call_stub
j  sun.reflect.NativeMethodAccessorImpl.invoke0(Ljava/lang/reflect/Method;Ljava/lang/Object;[Ljava/lang/Object;)Ljava/lang/Object;+0
j  sun.reflect.NativeMethodAccessorImpl.invoke(Ljava/lang/Object;[Ljava/lang/Object;)Ljava/lang/Object;+87
j  sun.reflect.DelegatingMethodAccessorImpl.invoke(Ljava/lang/Object;[Ljava/lang/Object;)Ljava/lang/Object;+6
j  java.lang.reflect.Method.invoke(Ljava/lang/Object;[Ljava/lang/Object;)Ljava/lang/Object;+161
j  org.apache.maven.surefire.util.ReflectionUtils.invokeMethodWithArray(Ljava/lang/Object;Ljava/lang/reflect/Method;[Ljava/lang/Object;)Ljava/lang/Object;+3
j  org.apache.maven.surefire.booter.ProviderFactory$ProviderProxy.invoke(Ljava/lang/Object;)Lorg/apache/maven/surefire/suite/RunResult;+29
j  org.apache.maven.surefire.booter.SurefireStarter.invokeProvider(Ljava/lang/Object;Ljava/lang/ClassLoader;Ljava/lang/ClassLoader;Ljava/lang/Object;)Lorg/apache/maven/surefire/suite/RunResult;+41
j  org.apache.maven.surefire.booter.SurefireStarter.runSuitesInProcessWhenForked()Lorg/apache/maven/surefire/suite/RunResult;+33
j  org.apache.maven.surefire.booter.ForkedBooter.main([Ljava/lang/String;)V+118
v  ~StubRoutines::call_stub

---------------  P R O C E S S  ---------------

Java Threads: ( => current thread )
  0x05468400 JavaThread "Thread-111" daemon [_thread_blocked, id=6072, stack(0x083e0000,0x08430000)]
  0x05469000 JavaThread "MemoryMapWriter-C:\Users\Layton\Documents\NetBeansProjects\CommandHelper\folder\default.ser" [_thread_blocked, id=9664, stack(0x08500000,0x08550000)]
  0x05468c00 JavaThread "SerializedPersistanceQueue-2" [_thread_blocked, id=7744, stack(0x08470000,0x084c0000)]
  0x05468000 JavaThread "MemoryMapWriter-C:\Users\Layton\Documents\NetBeansProjects\CommandHelper\folder\default.json" [_thread_blocked, id=5056, stack(0x08350000,0x083a0000)]
  0x05465400 JavaThread "MemoryMapWriter-C:\Users\Layton\Documents\NetBeansProjects\CommandHelper\test.json" [_thread_blocked, id=7228, stack(0x08230000,0x08280000)]
  0x05467400 JavaThread "MemoryMapWriter-C:\Users\Layton\Documents\NetBeansProjects\CommandHelper\testpretty.yml" [_thread_blocked, id=7176, stack(0x075a0000,0x075f0000)]
  0x05466c00 JavaThread "MemoryMapWriter-C:\Users\Layton\Documents\NetBeansProjects\CommandHelper\test.yml" [_thread_blocked, id=9260, stack(0x06060000,0x060b0000)]
  0x05467800 JavaThread "*** Profiler Agent Special Execution Thread 3" daemon [_thread_blocked, id=8500, stack(0x082c0000,0x08310000)]
  0x05466800 JavaThread "*** Profiler Agent Special Execution Thread 6" daemon [_thread_blocked, id=12096, stack(0x06210000,0x06260000)]
  0x05466000 JavaThread "*** JFluid Monitor thread ***" daemon [_thread_blocked, id=1452, stack(0x06180000,0x061d0000)]
  0x05465c00 JavaThread "*** Profiler Agent Communication Thread" daemon [_thread_in_native, id=5140, stack(0x060f0000,0x06140000)]
  0x05357000 JavaThread "RMI TCP Connection(2)-192.168.1.30" daemon [_thread_in_native, id=11204, stack(0x05fd0000,0x06020000)]
  0x04a7a400 JavaThread "JMX server connection timeout 33" daemon [_thread_blocked, id=7380, stack(0x05f40000,0x05f90000)]
  0x04a79c00 JavaThread "RMI Scheduler(0)" daemon [_thread_blocked, id=8308, stack(0x05ef0000,0x05f40000)]
  0x04adc000 JavaThread "RMI TCP Connection(1)-192.168.1.30" daemon [_thread_in_native, id=5780, stack(0x05e10000,0x05e60000)]
  0x04adb800 JavaThread "RMI TCP Accept-0" daemon [_thread_in_native, id=3964, stack(0x05d40000,0x05d90000)]
  0x04beec00 JavaThread "MethodScript-arraySortAsync-1" [_thread_blocked, id=9012, stack(0x05a40000,0x05a90000)]
  0x04edec00 JavaThread "MethodScript-arraySortAsync-1" [_thread_blocked, id=2732, stack(0x050a0000,0x050f0000)]
  0x02588800 JavaThread "Low Memory Detector" daemon [_thread_blocked, id=10524, stack(0x04900000,0x04950000)]
  0x0257fc00 JavaThread "CompilerThread0" daemon [_thread_blocked, id=10192, stack(0x04870000,0x048c0000)]
  0x0257d400 JavaThread "Attach Listener" daemon [_thread_blocked, id=4428, stack(0x047e0000,0x04830000)]
  0x02574c00 JavaThread "Signal Dispatcher" daemon [_thread_blocked, id=5912, stack(0x04750000,0x047a0000)]
  0x02531800 JavaThread "Finalizer" daemon [_thread_blocked, id=9824, stack(0x046c0000,0x04710000)]
  0x02530400 JavaThread "Reference Handler" daemon [_thread_blocked, id=7508, stack(0x04630000,0x04680000)]
=>0x00119800 JavaThread "main" [_thread_in_vm, id=6064, stack(0x007b0000,0x00800000)]

Other Threads:
  0x0252ec00 VMThread [stack: 0x02490000,0x024e0000] [id=9720]
  0x0258b000 WatcherThread [stack: 0x04990000,0x049e0000] [id=6104]

VM state:not at safepoint (normal execution)

VM Mutex/Monitor currently owned by a thread: None

Heap
 def new generation   total 2112K, used 1456K [0x24620000, 0x24860000, 0x24b00000)
  eden space 1920K,  73% used [0x24620000, 0x24781340, 0x24800000)
  from space 192K,  22% used [0x24800000, 0x2480ae68, 0x24830000)
  to   space 192K,   0% used [0x24830000, 0x24830000, 0x24860000)
 tenured generation   total 26740K, used 14468K [0x24b00000, 0x2651d000, 0x28620000)
   the space 26740K,  54% used [0x24b00000, 0x25921060, 0x25921200, 0x2651d000)
 compacting perm gen  total 21760K, used 21605K [0x28620000, 0x29b60000, 0x2c620000)
   the space 21760K,  99% used [0x28620000, 0x29b395f8, 0x29b39600, 0x29b60000)
    ro space 8192K,  67% used [0x2c620000, 0x2cb88d98, 0x2cb88e00, 0x2ce20000)
    rw space 12288K,  54% used [0x2ce20000, 0x2d49d0f0, 0x2d49d200, 0x2da20000)

Dynamic libraries:
0x00400000 - 0x00424000 	C:\Program Files (x86)\Java\jdk1.6.0_14\jre\bin\java.exe
0x775b0000 - 0x77710000 	C:\Windows\SysWOW64\ntdll.dll
0x75160000 - 0x75270000 	C:\Windows\syswow64\kernel32.dll
0x75c20000 - 0x75ce6000 	C:\Windows\syswow64\ADVAPI32.dll
0x75920000 - 0x75a10000 	C:\Windows\syswow64\RPCRT4.dll
0x750d0000 - 0x75130000 	C:\Windows\syswow64\Secur32.dll
0x7c340000 - 0x7c396000 	C:\Program Files (x86)\Java\jdk1.6.0_14\jre\bin\msvcr71.dll
0x6d8b0000 - 0x6db3b000 	C:\Program Files (x86)\Java\jdk1.6.0_14\jre\bin\client\jvm.dll
0x75610000 - 0x756e0000 	C:\Windows\syswow64\USER32.dll
0x75b90000 - 0x75c20000 	C:\Windows\syswow64\GDI32.dll
0x73c00000 - 0x73c32000 	C:\Windows\system32\WINMM.dll
0x75f80000 - 0x7602a000 	C:\Windows\syswow64\msvcrt.dll
0x75280000 - 0x753c5000 	C:\Windows\syswow64\ole32.dll
0x76030000 - 0x760bd000 	C:\Windows\syswow64\OLEAUT32.dll
0x738e0000 - 0x7391e000 	C:\Windows\system32\OLEACC.dll
0x75b30000 - 0x75b90000 	C:\Windows\system32\IMM32.DLL
0x75eb0000 - 0x75f78000 	C:\Windows\syswow64\MSCTF.dll
0x73c40000 - 0x73c6c000 	C:\Windows\system32\apphelp.dll
0x75cf0000 - 0x75cf9000 	C:\Windows\syswow64\LPK.DLL
0x75590000 - 0x7560d000 	C:\Windows\syswow64\USP10.dll
0x6d860000 - 0x6d86c000 	C:\Program Files (x86)\Java\jdk1.6.0_14\jre\bin\verify.dll
0x6d3e0000 - 0x6d3ff000 	C:\Program Files (x86)\Java\jdk1.6.0_14\jre\bin\java.dll
0x6d340000 - 0x6d348000 	C:\Program Files (x86)\Java\jdk1.6.0_14\jre\bin\hpi.dll
0x75270000 - 0x75277000 	C:\Windows\syswow64\PSAPI.DLL
0x6d8a0000 - 0x6d8af000 	C:\Program Files (x86)\Java\jdk1.6.0_14\jre\bin\zip.dll
0x6d6c0000 - 0x6d6d3000 	C:\Program Files (x86)\Java\jdk1.6.0_14\jre\bin\net.dll
0x753d0000 - 0x753fd000 	C:\Windows\syswow64\WS2_32.dll
0x76cc0000 - 0x76cc6000 	C:\Windows\syswow64\NSI.dll
0x72a30000 - 0x72a6b000 	C:\Windows\system32\mswsock.dll
0x72a80000 - 0x72a85000 	C:\Windows\System32\wship6.dll
0x6d6e0000 - 0x6d6e9000 	C:\Program Files (x86)\Java\jdk1.6.0_14\jre\bin\nio.dll
0x6d0b0000 - 0x6d1fa000 	C:\Program Files (x86)\Java\jdk1.6.0_14\jre\bin\awt.dll
0x736f0000 - 0x73732000 	C:\Windows\system32\WINSPOOL.DRV
0x743a0000 - 0x7453e000 	C:\Windows\WinSxS\x86_microsoft.windows.common-controls_6595b64144ccf1df_6.0.6002.18305_none_5cb72f2a088b0ed3\comctl32.dll
0x76cd0000 - 0x76d29000 	C:\Windows\syswow64\SHLWAPI.dll
0x6d380000 - 0x6d39a000 	C:\Program Files (x86)\Java\jdk1.6.0_14\jre\bin\instrument.dll
0x73930000 - 0x73935000 	C:\Windows\System32\wshtcpip.dll
0x72a70000 - 0x72a7f000 	C:\Windows\system32\NLAapi.dll
0x74d80000 - 0x74d99000 	C:\Windows\system32\IPHLPAPI.DLL
0x745d0000 - 0x74605000 	C:\Windows\system32\dhcpcsvc.DLL
0x745a0000 - 0x745cc000 	C:\Windows\system32\DNSAPI.dll
0x75020000 - 0x75027000 	C:\Windows\system32\WINNSI.DLL
0x74570000 - 0x74592000 	C:\Windows\system32\dhcpcsvc6.DLL
0x729b0000 - 0x729bf000 	C:\Windows\system32\napinsp.dll
0x72670000 - 0x72682000 	C:\Windows\system32\pnrpnsp.dll
0x72990000 - 0x72998000 	C:\Windows\System32\winrnr.dll
0x76c70000 - 0x76cb9000 	C:\Windows\syswow64\WLDAP32.dll
0x71bb0000 - 0x71bd1000 	C:\Program Files (x86)\Bonjour\mdnsNSP.dll
0x72a90000 - 0x72a96000 	C:\Windows\system32\rasadhlp.dll
0x6d610000 - 0x6d619000 	C:\Program Files (x86)\Java\jdk1.6.0_14\jre\bin\management.dll
0x73bc0000 - 0x73bfb000 	C:\Windows\system32\rsaenh.dll
0x74550000 - 0x7456e000 	C:\Windows\system32\USERENV.dll
0x6d7b0000 - 0x6d7b6000 	C:\Program Files (x86)\Java\jdk1.6.0_14\jre\bin\rmi.dll
0x10000000 - 0x1000a000 	C:\Users\Layton\Desktop\JVisualVM\profiler\lib\deployed\jdk16\windows\profilerinterface.dll
0x61380000 - 0x61409000 	C:\Users\Layton\AppData\Local\Temp\sqlite-3.7.2-sqlitejdbc.dll

VM Arguments:
java_command: C:\Users\Layton\Documents\NetBeansProjects\CommandHelper\target\surefire\surefirebooter8613075941983432084.jar C:\Users\Layton\Documents\NetBeansProjects\CommandHelper\target\surefire\surefire1600829836463287087tmp C:\Users\Layton\Documents\NetBeansProjects\CommandHelper\target\surefire\surefire5803160230374128559tmp
Launcher Type: SUN_STANDARD

Environment Variables:
JAVA_HOME=C:\Program Files (x86)\Java\jdk1.6.0_14
CLASSPATH=.;C:\Program Files (x86)\Java\jre6\lib\ext\QTJava.zip
PATH=C:\Program Files (x86)\NVIDIA Corporation\PhysX\Common;C:\Program Files\Common Files\Microsoft Shared\Windows Live;C:\Program Files (x86)\Common Files\Microsoft Shared\Windows Live;C:\Windows\system32;C:\Windows;C:\Windows\System32\Wbem;C:\Program Files (x86)\ATI Technologies\ATI.ACE\Core-Static;C:\Windows\System32\WindowsPowerShell\v1.0\;C:\Program Files (x86)\Common Files\Adobe\AGL;C:\Program Files (x86)\Mercurial;C:\Program Files (x86)\Windows Live\Shared;C:\Program Files (x86)\Git\cmd;C:\Program Files (x86)\Apache Maven\apache-maven-3.0.2\bin;C:\Program Files (x86)\Java\jdk1.6.0_14\bin;C:\cygwin\bin;C:\Program Files (x86)\Bitvise Tunnelier;C:\Program Files (x86)\QuickTime\QTSystem\;C:\Program Files (x86)\Nmap
USERNAME=Layton
OS=Windows_NT
PROCESSOR_IDENTIFIER=AMD64 Family 16 Model 4 Stepping 2, AuthenticAMD



---------------  S Y S T E M  ---------------

OS: Windows Vista Build 6002 Service Pack 2

CPU:total 4 (4 cores per cpu, 1 threads per core) family 16 model 4 stepping 2, cmov, cx8, fxsr, mmx, sse, sse2, sse3, mmxext, 3dnow, 3dnowext, sse4a

Memory: 4k page, physical 4192428k(106756k free), swap 4194303k(3528808k free)

vm_info: Java HotSpot(TM) Client VM (14.0-b16) for windows-x86 JRE (1.6.0_14-b08), built on May 21 2009 08:03:56 by "java_re" with MS VC++ 7.1

time: Mon Sep 24 22:08:36 2012
elapsed time: 51 seconds

