#
# A fatal error has been detected by the Java Runtime Environment:
#
#  EXCEPTION_ACCESS_VIOLATION (0xc0000005) at pc=0x0000000065de4b73, pid=1404, tid=5484
#
# JRE version: Java(TM) SE Runtime Environment (8.0-b132) (build 1.8.0-b132)
# Java VM: Java HotSpot(TM) 64-Bit Server VM (25.0-b70 mixed mode windows-amd64 compressed oops)
# Problematic frame:
# V  [jvm.dll+0x494b73]
#
# Failed to write core dump. Minidumps are not enabled by default on client versions of Windows
#
# If you would like to submit a bug report, please visit:
#   http://bugreport.sun.com/bugreport/crash.jsp
#

---------------  T H R E A D  ---------------

Current thread (0x000000001bbeb800):  JavaThread "C2 CompilerThread0" daemon [_thread_in_native, id=5484, stack(0x000000001d140000,0x000000001d240000)]

siginfo: ExceptionCode=0xc0000005, reading address 0x000000e61d6b8128

Registers:
RAX=0x000000001d6b83c8, RBX=0x000000001d6b8390, RCX=0x000000001d6b83c8, RDX=0x000000001d6b83d8
RSP=0x000000001d23b9a0, RBP=0x000000001d5840c8, RSI=0x000000001de76888, RDI=0x000000001d23be80
R8 =0x00000000000003e8, R9 =0x000000001e2d2380, R10=0x000000001e2d2380, R11=0x000000e61d6b8120
R12=0x0000000000000000, R13=0x000000001de7aa28, R14=0x0000000000000001, R15=0x00000000000001ff
RIP=0x0000000065de4b73, EFLAGS=0x0000000000010297

Top of Stack: (sp=0x000000001d23b9a0)
0x000000001d23b9a0:   00000000000001ff 000000001de76888
0x000000001d23b9b0:   00000000000000c8 00000000000001ff
0x000000001d23b9c0:   0000000000000001 000000001d23bab8
0x000000001d23b9d0:   000000001db5e400 0000000065de464c
0x000000001d23b9e0:   00000000000001ff 0000000000000001
0x000000001d23b9f0:   000000001d23be80 000000001d23bab8
0x000000001d23ba00:   000000001de7aa28 0000000000000002
0x000000001d23ba10:   000000001d69d400 0000000065de5185
0x000000001d23ba20:   000000001d23bb08 000000000000007f
0x000000001d23ba30:   000000001d23be80 000000001e0e0870
0x000000001d23ba40:   000000001dd08670 000000001bbe79d0
0x000000001d23ba50:   000000001d23be80 0000000065dde65c
0x000000001d23ba60:   000000001d23bb60 000000001e0e0870
0x000000001d23ba70:   000000001e0e0870 000000001d23be80
0x000000001d23ba80:   000000001dd086c0 000000001dd10658
0x000000001d23ba90:   0000000000050f10 000000001bbe79d0 

Instructions: (pc=0x0000000065de4b73)
0x0000000065de4b53:   39 71 08 75 09 48 8b 4b 08 4c 39 19 74 61 45 8b
0x0000000065de4b63:   43 28 4c 8b 8f f0 09 00 00 49 8b db 4f 8b 1c c1
0x0000000065de4b73:   49 8b 43 08 4c 39 20 75 28 8b 57 28 90 41 8b 43
0x0000000065de4b83:   28 3b c2 73 0c 8b c8 48 8b 47 30 4c 8b 1c c8 eb 


Register to memory mapping:

RAX=0x000000001d6b83c8 is an unknown value
RBX=0x000000001d6b8390 is an unknown value
RCX=0x000000001d6b83c8 is an unknown value
RDX=0x000000001d6b83d8 is an unknown value
RSP=0x000000001d23b9a0 is pointing into the stack for thread: 0x000000001bbeb800
RBP=0x000000001d5840c8 is an unknown value
RSI=0x000000001de76888 is an unknown value
RDI=0x000000001d23be80 is pointing into the stack for thread: 0x000000001bbeb800
R8 =0x00000000000003e8 is an unknown value
R9 =0x000000001e2d2380 is an unknown value
R10=0x000000001e2d2380 is an unknown value
R11=0x000000e61d6b8120 is an unknown value
R12=0x0000000000000000 is an unknown value
R13=0x000000001de7aa28 is an unknown value
R14=0x0000000000000001 is an unknown value
R15=0x00000000000001ff is an unknown value


Stack: [0x000000001d140000,0x000000001d240000],  sp=0x000000001d23b9a0,  free space=1006k
Native frames: (J=compiled Java code, j=interpreted, Vv=VM code, C=native code)
V  [jvm.dll+0x494b73]
V  [jvm.dll+0x495185]
V  [jvm.dll+0x48e65c]
V  [jvm.dll+0x44230b]
V  [jvm.dll+0x44368b]
V  [jvm.dll+0x427552]
V  [jvm.dll+0x96732]
V  [jvm.dll+0x96f23]
V  [jvm.dll+0x2232e4]
V  [jvm.dll+0x27baea]
C  [msvcr100.dll+0x21d9f]
C  [msvcr100.dll+0x21e3b]
C  [KERNEL32.DLL+0x13d2]
C  [ntdll.dll+0x15464]


Current CompileTask:
C2:    950 1352   !   4       org.apache.maven.model.interpolation.StringSearchModelInterpolator$InterpolateObjectAction::traverseObjectWithParents (118 bytes)


---------------  P R O C E S S  ---------------

Java Threads: ( => current thread )
  0x000000001d452800 JavaThread "Service Thread" daemon [_thread_blocked, id=6896, stack(0x000000001d840000,0x000000001d940000)]
  0x000000001bbf2800 JavaThread "C1 CompilerThread2" daemon [_thread_blocked, id=2676, stack(0x000000001d340000,0x000000001d440000)]
  0x000000001bbf1800 JavaThread "C2 CompilerThread1" daemon [_thread_in_native, id=7688, stack(0x000000001d240000,0x000000001d340000)]
=>0x000000001bbeb800 JavaThread "C2 CompilerThread0" daemon [_thread_in_native, id=5484, stack(0x000000001d140000,0x000000001d240000)]
  0x000000001bbe8000 JavaThread "Attach Listener" daemon [_thread_blocked, id=4308, stack(0x000000001d040000,0x000000001d140000)]
  0x000000001bbe6800 JavaThread "Signal Dispatcher" daemon [_thread_blocked, id=7436, stack(0x000000001cf40000,0x000000001d040000)]
  0x0000000002546000 JavaThread "Finalizer" daemon [_thread_blocked, id=5212, stack(0x000000001ce40000,0x000000001cf40000)]
  0x000000000253c800 JavaThread "Reference Handler" daemon [_thread_blocked, id=3956, stack(0x000000001cd40000,0x000000001ce40000)]
  0x0000000002452800 JavaThread "main" [_thread_in_Java, id=2856, stack(0x0000000002350000,0x0000000002450000)]

Other Threads:
  0x000000001bbb8000 VMThread [stack: 0x000000001cc40000,0x000000001cd40000] [id=4476]
  0x000000001d45c800 WatcherThread [stack: 0x000000001d940000,0x000000001da40000] [id=5596]

VM state:not at safepoint (normal execution)

VM Mutex/Monitor currently owned by a thread: None

Heap:
 PSYoungGen      total 20992K, used 17247K [0x000000076af80000, 0x000000076c600000, 0x00000007c0000000)
  eden space 18944K, 82% used [0x000000076af80000,0x000000076bec7af0,0x000000076c200000)
  from space 2048K, 78% used [0x000000076c400000,0x000000076c5903a0,0x000000076c600000)
  to   space 2048K, 0% used [0x000000076c200000,0x000000076c200000,0x000000076c400000)
 ParOldGen       total 260608K, used 3191K [0x00000006c0e00000, 0x00000006d0c80000, 0x000000076af80000)
  object space 260608K, 1% used [0x00000006c0e00000,0x00000006c111dcf0,0x00000006d0c80000)
 Metaspace       used 11869K, capacity 12058K, committed 12416K, reserved 1060864K
  class space    used 1497K, capacity 1540K, committed 1664K, reserved 1048576K

Card table byte_map: [0x0000000011910000,0x0000000012110000] byte_map_base: 0x000000000e309000

Marking Bits: (ParMarkBitMap*) 0x00000000661013b0
 Begin Bits: [0x0000000012a70000, 0x0000000016a38000)
 End Bits:   [0x0000000016a38000, 0x000000001aa00000)

Polling page: 0x0000000002280000

CodeCache: size=245760Kb used=4655Kb max_used=4657Kb free=241104Kb
 bounds [0x0000000002550000, 0x00000000029f0000, 0x0000000011550000]
 total_blobs=1694 nmethods=1383 adapters=224
 compilation: enabled

Compilation events (10 events):
Event: 0.935 Thread 0x000000001bbf2800 1375       3       java.util.regex.Pattern::range (279 bytes)
Event: 0.937 Thread 0x000000001bbf2800 nmethod 1375 0x00000000029d8b50 code [0x00000000029d8fc0, 0x00000000029db538]
Event: 0.937 Thread 0x000000001bbf2800 1376       1       org.apache.maven.model.RepositoryBase::getId (5 bytes)
Event: 0.937 Thread 0x000000001bbf2800 nmethod 1376 0x00000000029c81d0 code [0x00000000029c8320, 0x00000000029c8430]
Event: 0.938 Thread 0x000000001bbf2800 1377       1       org.sonatype.aether.util.artifact.DefaultArtifact::getArtifactId (5 bytes)
Event: 0.938 Thread 0x000000001bbf2800 nmethod 1377 0x00000000029c7f10 code [0x00000000029c8060, 0x00000000029c8170]
Event: 0.938 Thread 0x000000001bbf1800 nmethod 1298 0x00000000029deb50 code [0x00000000029dee00, 0x00000000029df690]
Event: 0.938 Thread 0x000000001bbf1800 1289 %     4       sun.nio.cs.UTF_8$Decoder::decode @ 20 (759 bytes)
Event: 0.939 Thread 0x000000001bbf2800 1378       1       java.util.Collections$1::hasNext (5 bytes)
Event: 0.939 Thread 0x000000001bbf2800 nmethod 1378 0x00000000029cb0d0 code [0x00000000029cb220, 0x00000000029cb330]

GC Heap History (10 events):
Event: 0.291 GC heap before
{Heap before GC invocations=8 (full 0):
 PSYoungGen      total 5120K, used 4562K [0x000000076af80000, 0x000000076b980000, 0x00000007c0000000)
  eden space 3584K, 99% used [0x000000076af80000,0x000000076b2ff990,0x000000076b300000)
  from space 1536K, 63% used [0x000000076b300000,0x000000076b3f4e80,0x000000076b480000)
  to   space 1536K, 0% used [0x000000076b800000,0x000000076b800000,0x000000076b980000)
 ParOldGen       total 260608K, used 1271K [0x00000006c0e00000, 0x00000006d0c80000, 0x000000076af80000)
  object space 260608K, 0% used [0x00000006c0e00000,0x00000006c0f3deb8,0x00000006d0c80000)
 Metaspace       used 6490K, capacity 6588K, committed 6784K, reserved 1056768K
  class space    used 802K, capacity 856K, committed 896K, reserved 1048576K
Event: 0.292 GC heap after
Heap after GC invocations=8 (full 0):
 PSYoungGen      total 8704K, used 877K [0x000000076af80000, 0x000000076b980000, 0x00000007c0000000)
  eden space 7168K, 0% used [0x000000076af80000,0x000000076af80000,0x000000076b680000)
  from space 1536K, 57% used [0x000000076b800000,0x000000076b8db430,0x000000076b980000)
  to   space 1536K, 0% used [0x000000076b680000,0x000000076b680000,0x000000076b800000)
 ParOldGen       total 260608K, used 1447K [0x00000006c0e00000, 0x00000006d0c80000, 0x000000076af80000)
  object space 260608K, 0% used [0x00000006c0e00000,0x00000006c0f69eb8,0x00000006d0c80000)
 Metaspace       used 6490K, capacity 6588K, committed 6784K, reserved 1056768K
  class space    used 802K, capacity 856K, committed 896K, reserved 1048576K
}
Event: 0.378 GC heap before
{Heap before GC invocations=9 (full 0):
 PSYoungGen      total 8704K, used 8045K [0x000000076af80000, 0x000000076b980000, 0x00000007c0000000)
  eden space 7168K, 100% used [0x000000076af80000,0x000000076b680000,0x000000076b680000)
  from space 1536K, 57% used [0x000000076b800000,0x000000076b8db430,0x000000076b980000)
  to   space 1536K, 0% used [0x000000076b680000,0x000000076b680000,0x000000076b800000)
 ParOldGen       total 260608K, used 1447K [0x00000006c0e00000, 0x00000006d0c80000, 0x000000076af80000)
  object space 260608K, 0% used [0x00000006c0e00000,0x00000006c0f69eb8,0x00000006d0c80000)
 Metaspace       used 6670K, capacity 6812K, committed 7040K, reserved 1056768K
  class space    used 835K, capacity 888K, committed 896K, reserved 1048576K
Event: 0.379 GC heap after
Heap after GC invocations=9 (full 0):
 PSYoungGen      total 8704K, used 759K [0x000000076af80000, 0x000000076be00000, 0x00000007c0000000)
  eden space 7168K, 0% used [0x000000076af80000,0x000000076af80000,0x000000076b680000)
  from space 1536K, 49% used [0x000000076b680000,0x000000076b73de90,0x000000076b800000)
  to   space 1536K, 0% used [0x000000076bc80000,0x000000076bc80000,0x000000076be00000)
 ParOldGen       total 260608K, used 1575K [0x00000006c0e00000, 0x00000006d0c80000, 0x000000076af80000)
  object space 260608K, 0% used [0x00000006c0e00000,0x00000006c0f89eb8,0x00000006d0c80000)
 Metaspace       used 6670K, capacity 6812K, committed 7040K, reserved 1056768K
  class space    used 835K, capacity 888K, committed 896K, reserved 1048576K
}
Event: 0.457 GC heap before
{Heap before GC invocations=10 (full 0):
 PSYoungGen      total 8704K, used 7927K [0x000000076af80000, 0x000000076be00000, 0x00000007c0000000)
  eden space 7168K, 100% used [0x000000076af80000,0x000000076b680000,0x000000076b680000)
  from space 1536K, 49% used [0x000000076b680000,0x000000076b73de90,0x000000076b800000)
  to   space 1536K, 0% used [0x000000076bc80000,0x000000076bc80000,0x000000076be00000)
 ParOldGen       total 260608K, used 1575K [0x00000006c0e00000, 0x00000006d0c80000, 0x000000076af80000)
  object space 260608K, 0% used [0x00000006c0e00000,0x00000006c0f89eb8,0x00000006d0c80000)
 Metaspace       used 6987K, capacity 7138K, committed 7424K, reserved 1056768K
  class space    used 886K, capacity 953K, committed 1024K, reserved 1048576K
Event: 0.459 GC heap after
Heap after GC invocations=10 (full 0):
 PSYoungGen      total 13312K, used 722K [0x000000076af80000, 0x000000076be00000, 0x00000007c0000000)
  eden space 11776K, 0% used [0x000000076af80000,0x000000076af80000,0x000000076bb00000)
  from space 1536K, 47% used [0x000000076bc80000,0x000000076bd34b00,0x000000076be00000)
  to   space 1536K, 0% used [0x000000076bb00000,0x000000076bb00000,0x000000076bc80000)
 ParOldGen       total 260608K, used 1823K [0x00000006c0e00000, 0x00000006d0c80000, 0x000000076af80000)
  object space 260608K, 0% used [0x00000006c0e00000,0x00000006c0fc7ed8,0x00000006d0c80000)
 Metaspace       used 6987K, capacity 7138K, committed 7424K, reserved 1056768K
  class space    used 886K, capacity 953K, committed 1024K, reserved 1048576K
}
Event: 0.597 GC heap before
{Heap before GC invocations=11 (full 0):
 PSYoungGen      total 13312K, used 12498K [0x000000076af80000, 0x000000076be00000, 0x00000007c0000000)
  eden space 11776K, 100% used [0x000000076af80000,0x000000076bb00000,0x000000076bb00000)
  from space 1536K, 47% used [0x000000076bc80000,0x000000076bd34b00,0x000000076be00000)
  to   space 1536K, 0% used [0x000000076bb00000,0x000000076bb00000,0x000000076bc80000)
 ParOldGen       total 260608K, used 1823K [0x00000006c0e00000, 0x00000006d0c80000, 0x000000076af80000)
  object space 260608K, 0% used [0x00000006c0e00000,0x00000006c0fc7ed8,0x00000006d0c80000)
 Metaspace       used 8441K, capacity 8578K, committed 8832K, reserved 1056768K
  class space    used 1089K, capacity 1150K, committed 1152K, reserved 1048576K
Event: 0.599 GC heap after
Heap after GC invocations=11 (full 0):
 PSYoungGen      total 13312K, used 1509K [0x000000076af80000, 0x000000076c600000, 0x00000007c0000000)
  eden space 11776K, 0% used [0x000000076af80000,0x000000076af80000,0x000000076bb00000)
  from space 1536K, 98% used [0x000000076bb00000,0x000000076bc79608,0x000000076bc80000)
  to   space 2048K, 0% used [0x000000076c400000,0x000000076c400000,0x000000076c600000)
 ParOldGen       total 260608K, used 2539K [0x00000006c0e00000, 0x00000006d0c80000, 0x000000076af80000)
  object space 260608K, 0% used [0x00000006c0e00000,0x00000006c107acc0,0x00000006d0c80000)
 Metaspace       used 8441K, capacity 8578K, committed 8832K, reserved 1056768K
  class space    used 1089K, capacity 1150K, committed 1152K, reserved 1048576K
}
Event: 0.708 GC heap before
{Heap before GC invocations=12 (full 0):
 PSYoungGen      total 13312K, used 13285K [0x000000076af80000, 0x000000076c600000, 0x00000007c0000000)
  eden space 11776K, 100% used [0x000000076af80000,0x000000076bb00000,0x000000076bb00000)
  from space 1536K, 98% used [0x000000076bb00000,0x000000076bc79608,0x000000076bc80000)
  to   space 2048K, 0% used [0x000000076c400000,0x000000076c400000,0x000000076c600000)
 ParOldGen       total 260608K, used 2539K [0x00000006c0e00000, 0x00000006d0c80000, 0x000000076af80000)
  object space 260608K, 0% used [0x00000006c0e00000,0x00000006c107acc0,0x00000006d0c80000)
 Metaspace       used 9553K, capacity 9762K, committed 10112K, reserved 1058816K
  class space    used 1239K, capacity 1310K, committed 1408K, reserved 1048576K
Event: 0.710 GC heap after
Heap after GC invocations=12 (full 0):
 PSYoungGen      total 20992K, used 1600K [0x000000076af80000, 0x000000076c600000, 0x00000007c0000000)
  eden space 18944K, 0% used [0x000000076af80000,0x000000076af80000,0x000000076c200000)
  from space 2048K, 78% used [0x000000076c400000,0x000000076c5903a0,0x000000076c600000)
  to   space 2048K, 0% used [0x000000076c200000,0x000000076c200000,0x000000076c400000)
 ParOldGen       total 260608K, used 3191K [0x00000006c0e00000, 0x00000006d0c80000, 0x000000076af80000)
  object space 260608K, 1% used [0x00000006c0e00000,0x00000006c111dcf0,0x00000006d0c80000)
 Metaspace       used 9553K, capacity 9762K, committed 10112K, reserved 1058816K
  class space    used 1239K, capacity 1310K, committed 1408K, reserved 1048576K
}

Deoptimization events (10 events):
Event: 0.546 Thread 0x0000000002452800 Uncommon trap: reason=class_check action=maybe_recompile pc=0x00000000028b6988 method=java.lang.reflect.Executable.getAnnotation(Ljava/lang/Class;)Ljava/lang/annotation/Annotation; @ 11
Event: 0.546 Thread 0x0000000002452800 Uncommon trap: reason=class_check action=maybe_recompile pc=0x00000000028b6988 method=java.lang.reflect.Executable.getAnnotation(Ljava/lang/Class;)Ljava/lang/annotation/Annotation; @ 11
Event: 0.548 Thread 0x0000000002452800 Uncommon trap: reason=class_check action=maybe_recompile pc=0x00000000028b6988 method=java.lang.reflect.Executable.getAnnotation(Ljava/lang/Class;)Ljava/lang/annotation/Annotation; @ 11
Event: 0.549 Thread 0x0000000002452800 Uncommon trap: reason=class_check action=maybe_recompile pc=0x00000000028b6988 method=java.lang.reflect.Executable.getAnnotation(Ljava/lang/Class;)Ljava/lang/annotation/Annotation; @ 11
Event: 0.587 Thread 0x0000000002452800 Uncommon trap: reason=class_check action=maybe_recompile pc=0x00000000028d1e18 method=java.util.HashMap.putVal(ILjava/lang/Object;Ljava/lang/Object;ZZ)Ljava/lang/Object; @ 203
Event: 0.587 Thread 0x0000000002452800 Uncommon trap: reason=class_check action=maybe_recompile pc=0x00000000028d1e18 method=java.util.HashMap.putVal(ILjava/lang/Object;Ljava/lang/Object;ZZ)Ljava/lang/Object; @ 203
Event: 0.587 Thread 0x0000000002452800 Uncommon trap: reason=class_check action=maybe_recompile pc=0x00000000028d1e18 method=java.util.HashMap.putVal(ILjava/lang/Object;Ljava/lang/Object;ZZ)Ljava/lang/Object; @ 203
Event: 0.587 Thread 0x0000000002452800 Uncommon trap: reason=class_check action=maybe_recompile pc=0x00000000028d1e18 method=java.util.HashMap.putVal(ILjava/lang/Object;Ljava/lang/Object;ZZ)Ljava/lang/Object; @ 203
Event: 0.778 Thread 0x0000000002452800 Uncommon trap: reason=predicate action=maybe_recompile pc=0x00000000027e49d0 method=java.nio.charset.CharsetDecoder.decode(Ljava/nio/ByteBuffer;Ljava/nio/CharBuffer;Z)Ljava/nio/charset/CoderResult; @ 54
Event: 0.929 Thread 0x0000000002452800 Uncommon trap: reason=unreached action=reinterpret pc=0x00000000029853f0 method=java.lang.reflect.AccessibleObject.setAccessible0(Ljava/lang/reflect/AccessibleObject;Z)V @ 4

Internal exceptions (10 events):
Event: 0.938 Thread 0x0000000002452800 Exception <a 'java/security/PrivilegedActionException'> (0x000000076bde3b90) thrown at [D:\re\workspace\8-2-build-windows-amd64-cygwin\jdk8\2238\hotspot\src\share\vm\prims\jvm.cpp, line 1248]
Event: 0.938 Thread 0x0000000002452800 Exception <a 'java/security/PrivilegedActionException'> (0x000000076bde4650) thrown at [D:\re\workspace\8-2-build-windows-amd64-cygwin\jdk8\2238\hotspot\src\share\vm\prims\jvm.cpp, line 1248]
Event: 0.938 Thread 0x0000000002452800 Exception <a 'java/security/PrivilegedActionException'> (0x000000076bde9d78) thrown at [D:\re\workspace\8-2-build-windows-amd64-cygwin\jdk8\2238\hotspot\src\share\vm\prims\jvm.cpp, line 1248]
Event: 0.938 Thread 0x0000000002452800 Exception <a 'java/security/PrivilegedActionException'> (0x000000076bdea848) thrown at [D:\re\workspace\8-2-build-windows-amd64-cygwin\jdk8\2238\hotspot\src\share\vm\prims\jvm.cpp, line 1248]
Event: 0.939 Thread 0x0000000002452800 Exception <a 'java/security/PrivilegedActionException'> (0x000000076bdef670) thrown at [D:\re\workspace\8-2-build-windows-amd64-cygwin\jdk8\2238\hotspot\src\share\vm\prims\jvm.cpp, line 1248]
Event: 0.939 Thread 0x0000000002452800 Exception <a 'java/security/PrivilegedActionException'> (0x000000076bdf0100) thrown at [D:\re\workspace\8-2-build-windows-amd64-cygwin\jdk8\2238\hotspot\src\share\vm\prims\jvm.cpp, line 1248]
Event: 0.939 Thread 0x0000000002452800 Exception <a 'java/security/PrivilegedActionException'> (0x000000076bdf5650) thrown at [D:\re\workspace\8-2-build-windows-amd64-cygwin\jdk8\2238\hotspot\src\share\vm\prims\jvm.cpp, line 1248]
Event: 0.939 Thread 0x0000000002452800 Exception <a 'java/security/PrivilegedActionException'> (0x000000076bdf5f20) thrown at [D:\re\workspace\8-2-build-windows-amd64-cygwin\jdk8\2238\hotspot\src\share\vm\prims\jvm.cpp, line 1248]
Event: 0.940 Thread 0x0000000002452800 Exception <a 'java/security/PrivilegedActionException'> (0x000000076bdf9d00) thrown at [D:\re\workspace\8-2-build-windows-amd64-cygwin\jdk8\2238\hotspot\src\share\vm\prims\jvm.cpp, line 1248]
Event: 0.940 Thread 0x0000000002452800 Exception <a 'java/security/PrivilegedActionException'> (0x000000076bdfa670) thrown at [D:\re\workspace\8-2-build-windows-amd64-cygwin\jdk8\2238\hotspot\src\share\vm\prims\jvm.cpp, line 1248]

Events (10 events):
Event: 0.938 loading class java/util/IdentityHashMap$EntryIterator$Entry
Event: 0.938 loading class java/util/IdentityHashMap$EntryIterator$Entry done
Event: 0.938 loading class org/sonatype/aether/util/graph/transformer/NearestVersionConflictResolver$ConflictGroup
Event: 0.938 loading class org/sonatype/aether/util/graph/transformer/NearestVersionConflictResolver$ConflictGroup done
Event: 0.939 loading class org/sonatype/aether/util/graph/transformer/NearestVersionConflictResolver$Position
Event: 0.939 loading class org/sonatype/aether/util/graph/transformer/NearestVersionConflictResolver$Position done
Event: 0.939 loading class org/sonatype/aether/util/graph/Stack
Event: 0.939 loading class org/sonatype/aether/util/graph/Stack done
Event: 0.940 loading class org/sonatype/aether/util/graph/TreeDependencyVisitor
Event: 0.940 loading class org/sonatype/aether/util/graph/TreeDependencyVisitor done


Dynamic libraries:
0x00007ff6047d0000 - 0x00007ff604804000 	C:\Program Files\Java\jdk1.8.0\bin\java.exe
0x00007ffad40a0000 - 0x00007ffad424c000 	C:\Windows\SYSTEM32\ntdll.dll
0x00007ffad1b50000 - 0x00007ffad1c8e000 	C:\Windows\system32\KERNEL32.DLL
0x00007ffad14a0000 - 0x00007ffad15b5000 	C:\Windows\system32\KERNELBASE.dll
0x00007ffacfd90000 - 0x00007ffacfe1e000 	C:\Windows\system32\apphelp.dll
0x00007ffac1fb0000 - 0x00007ffac2003000 	C:\Windows\AppPatch\AppPatch64\AcGenral.DLL
0x00007ffad18a0000 - 0x00007ffad194a000 	C:\Windows\system32\msvcrt.dll
0x00007ffad1090000 - 0x00007ffad10be000 	C:\Windows\SYSTEM32\SspiCli.dll
0x00007ffad3e20000 - 0x00007ffad3e74000 	C:\Windows\system32\SHLWAPI.dll
0x00007ffad1950000 - 0x00007ffad1ac7000 	C:\Windows\system32\USER32.dll
0x00007ffad3c80000 - 0x00007ffad3e14000 	C:\Windows\system32\ole32.dll
0x00007ffad2240000 - 0x00007ffad376b000 	C:\Windows\system32\SHELL32.dll
0x00007ffad0880000 - 0x00007ffad08a1000 	C:\Windows\SYSTEM32\USERENV.dll
0x00007ffad3990000 - 0x00007ffad3a3a000 	C:\Windows\system32\ADVAPI32.dll
0x00007ffac86d0000 - 0x00007ffac86ee000 	C:\Windows\SYSTEM32\MPR.dll
0x00007ffad1e30000 - 0x00007ffad1f71000 	C:\Windows\system32\RPCRT4.dll
0x00007ffad1c90000 - 0x00007ffad1ce9000 	C:\Windows\SYSTEM32\sechost.dll
0x00007ffad3770000 - 0x00007ffad3981000 	C:\Windows\SYSTEM32\combase.dll
0x00007ffad1750000 - 0x00007ffad18a0000 	C:\Windows\system32\GDI32.dll
0x00007ffad11f0000 - 0x00007ffad1205000 	C:\Windows\SYSTEM32\profapi.dll
0x00007ffacf710000 - 0x00007ffacf7c2000 	C:\Windows\SYSTEM32\SHCORE.dll
0x00007ffad2140000 - 0x00007ffad2176000 	C:\Windows\system32\IMM32.DLL
0x00007ffad3e80000 - 0x00007ffad3fd2000 	C:\Windows\system32\MSCTF.dll
0x00007ffacec80000 - 0x00007ffaceefb000 	C:\Windows\WinSxS\amd64_microsoft.windows.common-controls_6595b64144ccf1df_6.0.9600.18006_none_623f33d3ecbe86e8\COMCTL32.dll
0x0000000065870000 - 0x0000000065942000 	C:\Program Files\Java\jdk1.8.0\jre\bin\msvcr100.dll
0x0000000065950000 - 0x000000006617a000 	C:\Program Files\Java\jdk1.8.0\jre\bin\server\jvm.dll
0x00007ffaca500000 - 0x00007ffaca509000 	C:\Windows\SYSTEM32\WSOCK32.dll
0x00007fface9b0000 - 0x00007fface9d2000 	C:\Windows\SYSTEM32\WINMM.dll
0x00007ffad1b40000 - 0x00007ffad1b47000 	C:\Windows\system32\PSAPI.DLL
0x00007ffad1ad0000 - 0x00007ffad1b2a000 	C:\Windows\system32\WS2_32.dll
0x00007fface920000 - 0x00007fface94a000 	C:\Windows\SYSTEM32\WINMMBASE.dll
0x00007ffad1f80000 - 0x00007ffad1f89000 	C:\Windows\system32\NSI.dll
0x00007ffad15c0000 - 0x00007ffad160f000 	C:\Windows\SYSTEM32\cfgmgr32.dll
0x00007ffacffe0000 - 0x00007ffad0008000 	C:\Windows\SYSTEM32\DEVOBJ.dll
0x0000000066a10000 - 0x0000000066a1f000 	C:\Program Files\Java\jdk1.8.0\jre\bin\verify.dll
0x0000000065840000 - 0x0000000065868000 	C:\Program Files\Java\jdk1.8.0\jre\bin\java.dll
0x0000000065820000 - 0x0000000065836000 	C:\Program Files\Java\jdk1.8.0\jre\bin\zip.dll
0x0000000065800000 - 0x000000006581a000 	C:\Program Files\Java\jdk1.8.0\jre\bin\net.dll
0x00007ffad0a00000 - 0x00007ffad0a59000 	C:\Windows\system32\mswsock.dll
0x00000000657e0000 - 0x00000000657f1000 	C:\Program Files\Java\jdk1.8.0\jre\bin\nio.dll
0x00007ffac3650000 - 0x00007ffac37d9000 	C:\Windows\SYSTEM32\dbghelp.dll

VM Arguments:
jvm_args: -Dclassworlds.conf=C:\Program Files\NetBeans 8.0\java\maven\bin\m2.conf -Dmaven.home=C:\Program Files\NetBeans 8.0\java\maven 
java_command: org.codehaus.plexus.classworlds.launcher.Launcher -Dmaven.ext.class.path=C:\Program Files\NetBeans 8.0\java\maven-nblib\netbeans-eventspy.jar -Dfile.encoding=UTF-8 -Pprovisional-build clean install
java_class_path (initial): C:\Program Files\NetBeans 8.0\java\maven\boot\plexus-classworlds-2.4.jar
Launcher Type: SUN_STANDARD

Environment Variables:
JAVA_HOME=C:\Program Files\Java\jdk1.8.0
PATH=C:\Program Files (x86)\NVIDIA Corporation\PhysX\Common;C:\Program Files\Broadcom\Broadcom 802.11 Network Adapter;C:\Program Files (x86)\Intel\iCLS Client\;C:\Program Files\Intel\iCLS Client\;C:\Windows\system32;C:\Windows;C:\Windows\System32\Wbem;C:\Windows\System32\WindowsPowerShell\v1.0\;C:\Program Files (x86)\ATI Technologies\ATI.ACE\Core-Static;C:\Program Files\Intel\Intel(R) Management Engine Components\DAL;C:\Program Files\Intel\Intel(R) Management Engine Components\IPT;C:\Program Files (x86)\Intel\Intel(R) Management Engine Components\DAL;C:\Program Files (x86)\Intel\Intel(R) Management Engine Components\IPT;C:\Program Files\WIDCOMM\Bluetooth Software\;C:\Program Files\WIDCOMM\Bluetooth Software\syswow64;C:\cygwin\bin;C:\Program Files (x86)\Git\cmd;C:\Program Files (x86)\Git\bin;C:\Program Files (x86)\AMD\ATI.ACE\Core-Static;C:\Program Files (x86)\Skype\Phone\;C:\Program Files (x86)\QuickTime\QTSystem\;c:\Program Files (x86)\Common Files\Adobe\AGL;C:\Program Files (x86)\Nmap
USERNAME=Cailin
OS=Windows_NT
PROCESSOR_IDENTIFIER=Intel64 Family 6 Model 60 Stepping 3, GenuineIntel



---------------  S Y S T E M  ---------------

OS: Windows 8.1 , 64 bit Build 9600 

CPU:total 4 (4 cores per cpu, 1 threads per core) family 6 model 60 stepping 3, cmov, cx8, fxsr, mmx, sse, sse2, sse3, ssse3, sse4.1, sse4.2, popcnt, avx, avx2, aes, clmul, erms, tsc, tscinvbit

Memory: 4k page, physical 16713256k(8161484k free), swap 19203624k(11695240k free)

vm_info: Java HotSpot(TM) 64-Bit Server VM (25.0-b70) for windows-amd64 JRE (1.8.0-b132), built on Mar  4 2014 03:46:18 by "java_re" with MS VC++ 10.0 (VS2010)

time: Fri Jan 29 23:53:36 2016
elapsed time: 0 seconds

