#
# A fatal error has been detected by the Java Runtime Environment:
#
#  SIGBUS (0xa) at pc=0x000000010b983e92, pid=29580, tid=0x0000000000001903
#
# JRE version: Java(TM) SE Runtime Environment (8.0_92-b14) (build 1.8.0_92-b14)
# Java VM: Java HotSpot(TM) 64-Bit Server VM (25.92-b14 mixed mode bsd-amd64 compressed oops)
# Problematic frame:
# C  [libzip.dylib+0x2e92]  newEntry+0x154
#
# Failed to write core dump. Core dumps have been disabled. To enable core dumping, try "ulimit -c unlimited" before starting Java again
#
# If you would like to submit a bug report, please visit:
#   http://bugreport.java.com/bugreport/crash.jsp
# The crash happened outside the Java Virtual Machine in native code.
# See problematic frame for where to report the bug.
#

---------------  T H R E A D  ---------------

Current thread (0x00007fa5e4804800):  JavaThread "main" [_thread_in_native, id=6403, stack(0x00007000010f0000,0x00007000011f0000)]

siginfo: si_signo: 10 (SIGBUS), si_code: 2 (BUS_ADRERR), si_addr: 0x0000000111577e71

Registers:
RAX=0x00007fa5e341efb0, RBX=0x0000000111577e65, RCX=0x0000000000000001, RDX=0x0000000000000000
RSP=0x00007000011ed060, RBP=0x00007000011ed0c0, RSI=0x00000000fffffff0, RDI=0x0000000000000be1
R8 =0x000000005e34be04, R9 =0x0000000000000004, R10=0x00000000fffffff0, R11=0x00007fa5e3400000
R12=0x00007fa5e6036c00, R13=0x0000000000013f60, R14=0x0000000061b7b0c4, R15=0x00007fa5e3798520
RIP=0x000000010b983e92, EFLAGS=0x0000000000010206, ERR=0x0000000000000004
  TRAPNO=0x000000000000000e

Top of Stack: (sp=0x00007000011ed060)
0x00007000011ed060:   00007fa5e3519998 000000001176ce2c
0x00007000011ed070:   00007000011ee3a0 00007000011ed0e0
0x00007000011ed080:   00007000011ed0a0 00007fa5e341efb0
0x00007000011ed090:   00007fa5e34bdff0 00007fa5e341efb0
0x00007000011ed0a0:   00007fa5e6036c00 0000000000013f60
0x00007000011ed0b0:   0000000061b7b0c4 00007fa5e3798520
0x00007000011ed0c0:   00007000011ed120 000000010b98452d
0x00007000011ed0d0:   00007000011ed190 00007000011ed18f
0x00007000011ed0e0:   0000005000000000 0000005101804800
0x00007000011ed0f0:   00007000011ed13e 00007000011ed588
0x00007000011ed100:   0000000000000051 00007000011ed13e
0x00007000011ed110:   00007fa5e341efb0 00007fa5e48049f8
0x00007000011ed120:   00007000011ed570 000000010b983238
0x00007000011ed130:   00007000011ee3a0 6f63700000000001
0x00007000011ed140:   6e6f7479616c2f6d 696c2f6874696d73
0x00007000011ed150:   656e696c6a2f7362 656c6f736e6f632f
0x00007000011ed160:   74656c706d6f632f 6d756772412f7265
0x00007000011ed170:   6c706d6f43746e65 6772412472657465
0x00007000011ed180:   73694c746e656d75 007373616c632e74
0x00007000011ed190:   00007000011ed360 000000010cdc8a0d
0x00007000011ed1a0:   00007fa50f56f8e8 00007fa5e6802290
0x00007000011ed1b0:   000070000f43d428 000000010cdc7b76
0x00007000011ed1c0:   00000007c0054000 000000010faf1230
0x00007000011ed1d0:   00007fa5e6801fe0 00007fa5e35101b0
0x00007000011ed1e0:   00007fa50f43d548 00007fa5e35104b0
0x00007000011ed1f0:   00007fa5e3510888 00000000000003d8
0x00007000011ed200:   000000070f61eca0 000070002b25f768
0x00007000011ed210:   000070000f5a6880 000000010f5a7668
0x00007000011ed220:   00007fa5e4804800 6863630a0f64a9e8
0x00007000011ed230:   736964203a737261 0000000164726163
0x00007000011ed240:   00007000011ed290 00007fff55f66aa7
0x00007000011ed250:   00007000011ed3a0 00007fa52b25fa48 

Instructions: (pc=0x000000010b983e92)
0x000000010b983e72:   49 8b 7f 38 e8 5b 1b 00 00 4d 89 77 38 49 89 5f
0x000000010b983e82:   40 4c 89 f0 48 85 c0 0f 84 11 05 00 00 48 89 c3
0x000000010b983e92:   0f b6 43 0c 0f b6 4b 0d 48 c1 e1 08 48 01 c1 0f
0x000000010b983ea2:   b6 43 0e 0f b6 53 0f 48 c1 e2 08 48 01 c2 48 c1 

Register to memory mapping:

RAX=0x00007fa5e341efb0 is an unknown value
RBX=0x0000000111577e65 is an unknown value
RCX=0x0000000000000001 is an unknown value
RDX=0x0000000000000000 is an unknown value
RSP=0x00007000011ed060 is pointing into the stack for thread: 0x00007fa5e4804800
RBP=0x00007000011ed0c0 is pointing into the stack for thread: 0x00007fa5e4804800
RSI=0x00000000fffffff0 is an unknown value
RDI=0x0000000000000be1 is an unknown value
R8 =0x000000005e34be04 is an unknown value
R9 =0x0000000000000004 is an unknown value
R10=0x00000000fffffff0 is an unknown value
R11=0x00007fa5e3400000 is an unknown value
R12=0x00007fa5e6036c00 is an unknown value
R13=0x0000000000013f60 is an unknown value
R14=0x0000000061b7b0c4 is an unknown value
R15=0x00007fa5e3798520 is an unknown value


Stack: [0x00007000010f0000,0x00007000011f0000],  sp=0x00007000011ed060,  free space=1012k
Native frames: (J=compiled Java code, j=interpreted, Vv=VM code, C=native code)
C  [libzip.dylib+0x2e92]  newEntry+0x154
C  [libzip.dylib+0x352d]  ZIP_GetEntry2+0xd4
C  [libzip.dylib+0x2238]  Java_java_util_zip_ZipFile_getEntry+0xcf
J 662  java.util.zip.ZipFile.getEntry(J[BZ)J (0 bytes) @ 0x00000001118d50ce [0x00000001118d5000+0xce]
J 714 C1 java.util.zip.ZipFile.getEntry(Ljava/lang/String;)Ljava/util/zip/ZipEntry; (86 bytes) @ 0x00000001118f424c [0x00000001118f3fe0+0x26c]
J 713 C1 java.util.jar.JarFile.getEntry(Ljava/lang/String;)Ljava/util/zip/ZipEntry; (22 bytes) @ 0x00000001118eea24 [0x00000001118ee9a0+0x84]
J 1159 C1 sun.misc.URLClassPath$JarLoader.getResource(Ljava/lang/String;Z)Lsun/misc/Resource; (85 bytes) @ 0x0000000111a5717c [0x0000000111a56d20+0x45c]
J 1121 C2 sun.misc.URLClassPath.getResource(Ljava/lang/String;Z)Lsun/misc/Resource; (83 bytes) @ 0x0000000111a34530 [0x0000000111a34440+0xf0]
J 749 C1 java.net.URLClassLoader$1.run()Ljava/lang/Class; (63 bytes) @ 0x0000000111902d3c [0x0000000111902b20+0x21c]
J 748 C1 java.net.URLClassLoader$1.run()Ljava/lang/Object; (5 bytes) @ 0x000000011190354c [0x00000001119034c0+0x8c]
v  ~StubRoutines::call_stub
V  [libjvm.dylib+0x2ecc9a]
V  [libjvm.dylib+0x34d430]
J 747  java.security.AccessController.doPrivileged(Ljava/security/PrivilegedExceptionAction;Ljava/security/AccessControlContext;)Ljava/lang/Object; (0 bytes) @ 0x0000000111903e15 [0x0000000111903d40+0xd5]
J 682 C1 java.net.URLClassLoader.findClass(Ljava/lang/String;)Ljava/lang/Class; (47 bytes) @ 0x00000001118dbbd4 [0x00000001118dba40+0x194]
J 110 C1 java.lang.ClassLoader.loadClass(Ljava/lang/String;Z)Ljava/lang/Class; (122 bytes) @ 0x000000011176d084 [0x000000011176c720+0x964]
J 257 C1 sun.misc.Launcher$AppClassLoader.loadClass(Ljava/lang/String;Z)Ljava/lang/Class; (85 bytes) @ 0x00000001117be1e4 [0x00000001117bd840+0x9a4]
J 256 C1 java.lang.ClassLoader.loadClass(Ljava/lang/String;)Ljava/lang/Class; (7 bytes) @ 0x00000001117bbf04 [0x00000001117bbe00+0x104]
v  ~StubRoutines::call_stub
V  [libjvm.dylib+0x2ecc9a]
V  [libjvm.dylib+0x2ed428]
V  [libjvm.dylib+0x2ed580]
V  [libjvm.dylib+0x5363c0]
V  [libjvm.dylib+0x535b59]
V  [libjvm.dylib+0x5365dc]
V  [libjvm.dylib+0x536c59]
V  [libjvm.dylib+0x1e278a]
V  [libjvm.dylib+0x1f2bb6]
V  [libjvm.dylib+0x2e86d7]
j  com.laytonsmith.libs.jline.console.completer.ArgumentCompleter$AbstractArgumentDelimiter.delimit(Ljava/lang/CharSequence;I)Lcom/laytonsmith/libs/jline/console/completer/ArgumentCompleter$ArgumentList;+132
j  com.laytonsmith.libs.jline.console.completer.ArgumentCompleter.complete(Ljava/lang/String;ILjava/util/List;)I+15
j  com.laytonsmith.libs.jline.console.ConsoleReader.complete()Z+82
j  com.laytonsmith.libs.jline.console.ConsoleReader.readLine(Ljava/lang/String;Ljava/lang/Character;)Ljava/lang/String;+1832
j  com.laytonsmith.libs.jline.console.ConsoleReader.readLine(Ljava/lang/String;)Ljava/lang/String;+3
j  com.laytonsmith.tools.Interpreter.<init>(Ljava/util/List;Ljava/lang/String;Z)V+397
j  com.laytonsmith.tools.Interpreter.<init>(Ljava/util/List;Ljava/lang/String;)V+4
j  com.laytonsmith.core.Main.main([Ljava/lang/String;)V+455
v  ~StubRoutines::call_stub
V  [libjvm.dylib+0x2ecc9a]
V  [libjvm.dylib+0x323b0e]
V  [libjvm.dylib+0x31c885]
C  [java+0x3931]  JavaMain+0x9c4
C  [libsystem_pthread.dylib+0x36c1]  _pthread_body+0x154
C  [libsystem_pthread.dylib+0x356d]  _pthread_body+0x0
C  [libsystem_pthread.dylib+0x2c5d]  thread_start+0xd
C  0x0000000000000000

Java frames: (J=compiled Java code, j=interpreted, Vv=VM code)
J 662  java.util.zip.ZipFile.getEntry(J[BZ)J (0 bytes) @ 0x00000001118d5058 [0x00000001118d5000+0x58]
J 714 C1 java.util.zip.ZipFile.getEntry(Ljava/lang/String;)Ljava/util/zip/ZipEntry; (86 bytes) @ 0x00000001118f424c [0x00000001118f3fe0+0x26c]
J 713 C1 java.util.jar.JarFile.getEntry(Ljava/lang/String;)Ljava/util/zip/ZipEntry; (22 bytes) @ 0x00000001118eea24 [0x00000001118ee9a0+0x84]
J 1159 C1 sun.misc.URLClassPath$JarLoader.getResource(Ljava/lang/String;Z)Lsun/misc/Resource; (85 bytes) @ 0x0000000111a5717c [0x0000000111a56d20+0x45c]
J 1121 C2 sun.misc.URLClassPath.getResource(Ljava/lang/String;Z)Lsun/misc/Resource; (83 bytes) @ 0x0000000111a34530 [0x0000000111a34440+0xf0]
J 749 C1 java.net.URLClassLoader$1.run()Ljava/lang/Class; (63 bytes) @ 0x0000000111902d3c [0x0000000111902b20+0x21c]
J 748 C1 java.net.URLClassLoader$1.run()Ljava/lang/Object; (5 bytes) @ 0x000000011190354c [0x00000001119034c0+0x8c]
v  ~StubRoutines::call_stub
J 747  java.security.AccessController.doPrivileged(Ljava/security/PrivilegedExceptionAction;Ljava/security/AccessControlContext;)Ljava/lang/Object; (0 bytes) @ 0x0000000111903da3 [0x0000000111903d40+0x63]
J 682 C1 java.net.URLClassLoader.findClass(Ljava/lang/String;)Ljava/lang/Class; (47 bytes) @ 0x00000001118dbbd4 [0x00000001118dba40+0x194]
J 110 C1 java.lang.ClassLoader.loadClass(Ljava/lang/String;Z)Ljava/lang/Class; (122 bytes) @ 0x000000011176d084 [0x000000011176c720+0x964]
J 257 C1 sun.misc.Launcher$AppClassLoader.loadClass(Ljava/lang/String;Z)Ljava/lang/Class; (85 bytes) @ 0x00000001117be1e4 [0x00000001117bd840+0x9a4]
J 256 C1 java.lang.ClassLoader.loadClass(Ljava/lang/String;)Ljava/lang/Class; (7 bytes) @ 0x00000001117bbf04 [0x00000001117bbe00+0x104]
v  ~StubRoutines::call_stub
j  com.laytonsmith.libs.jline.console.completer.ArgumentCompleter$AbstractArgumentDelimiter.delimit(Ljava/lang/CharSequence;I)Lcom/laytonsmith/libs/jline/console/completer/ArgumentCompleter$ArgumentList;+132
j  com.laytonsmith.libs.jline.console.completer.ArgumentCompleter.complete(Ljava/lang/String;ILjava/util/List;)I+15
j  com.laytonsmith.libs.jline.console.ConsoleReader.complete()Z+82
j  com.laytonsmith.libs.jline.console.ConsoleReader.readLine(Ljava/lang/String;Ljava/lang/Character;)Ljava/lang/String;+1832
j  com.laytonsmith.libs.jline.console.ConsoleReader.readLine(Ljava/lang/String;)Ljava/lang/String;+3
j  com.laytonsmith.tools.Interpreter.<init>(Ljava/util/List;Ljava/lang/String;Z)V+397
j  com.laytonsmith.tools.Interpreter.<init>(Ljava/util/List;Ljava/lang/String;)V+4
j  com.laytonsmith.core.Main.main([Ljava/lang/String;)V+455
v  ~StubRoutines::call_stub

---------------  P R O C E S S  ---------------

Java Threads: ( => current thread )
  0x00007fa5e60a5800 JavaThread "process reaper" daemon [_thread_blocked, id=22023, stack(0x0000700000f67000,0x0000700000f8f000)]
  0x00007fa5e6455800 JavaThread "NonBlockingInputStreamThread" daemon [_thread_blocked, id=43011, stack(0x0000700002454000,0x0000700002554000)]
  0x00007fa5e403a800 JavaThread "Service Thread" daemon [_thread_blocked, id=16387, stack(0x0000700002223000,0x0000700002323000)]
  0x00007fa5e4017800 JavaThread "C1 CompilerThread3" daemon [_thread_blocked, id=15875, stack(0x0000700002120000,0x0000700002220000)]
  0x00007fa5e3863800 JavaThread "C2 CompilerThread2" daemon [_thread_blocked, id=15619, stack(0x000070000201d000,0x000070000211d000)]
  0x00007fa5e4028000 JavaThread "C2 CompilerThread1" daemon [_thread_blocked, id=17155, stack(0x0000700001f1a000,0x000070000201a000)]
  0x00007fa5e400c800 JavaThread "C2 CompilerThread0" daemon [_thread_blocked, id=15107, stack(0x0000700001e17000,0x0000700001f17000)]
  0x00007fa5e400b800 JavaThread "Signal Dispatcher" daemon [_thread_blocked, id=14851, stack(0x0000700001d14000,0x0000700001e14000)]
  0x00007fa5e481b000 JavaThread "Finalizer" daemon [_thread_blocked, id=12547, stack(0x0000700001c11000,0x0000700001d11000)]
  0x00007fa5e481a000 JavaThread "Reference Handler" daemon [_thread_blocked, id=12291, stack(0x0000700001b0e000,0x0000700001c0e000)]
=>0x00007fa5e4804800 JavaThread "main" [_thread_in_native, id=6403, stack(0x00007000010f0000,0x00007000011f0000)]

Other Threads:
  0x00007fa5e4815800 VMThread [stack: 0x0000700001a0b000,0x0000700001b0b000] [id=19715]
  0x00007fa5e403b800 WatcherThread [stack: 0x0000700002326000,0x0000700002426000] [id=21763]

VM state:not at safepoint (normal execution)

VM Mutex/Monitor currently owned by a thread: None

Heap:
 PSYoungGen      total 141824K, used 95348K [0x000000076ab00000, 0x0000000774000000, 0x00000007c0000000)
  eden space 131072K, 72% used [0x000000076ab00000,0x000000077081d238,0x0000000772b00000)
  from space 10752K, 0% used [0x0000000772b00000,0x0000000772b00000,0x0000000773580000)
  to   space 10752K, 0% used [0x0000000773580000,0x0000000773580000,0x0000000774000000)
 ParOldGen       total 175104K, used 12759K [0x00000006c0000000, 0x00000006cab00000, 0x000000076ab00000)
  object space 175104K, 7% used [0x00000006c0000000,0x00000006c0c75df0,0x00000006cab00000)
 Metaspace       used 18279K, capacity 18568K, committed 18688K, reserved 1064960K
  class space    used 2423K, capacity 2540K, committed 2560K, reserved 1048576K

Card table byte_map: [0x000000010dd57000,0x000000010e558000] byte_map_base: 0x000000010a757000

Marking Bits: (ParMarkBitMap*) 0x000000010d2e8bd0
 Begin Bits: [0x0000000120635000, 0x0000000124635000)
 End Bits:   [0x0000000124635000, 0x0000000128635000)

Polling page: 0x000000010b937000

CodeCache: size=245760Kb used=5609Kb max_used=5609Kb free=240150Kb
 bounds [0x0000000111635000, 0x0000000111bb5000, 0x0000000120635000]
 total_blobs=1945 nmethods=1598 adapters=260
 compilation: enabled

Compilation events (10 events):
Event: 38.330 Thread 0x00007fa5e4017800 1593   !   3       java.io.PrintStream::write (66 bytes)
Event: 38.330 Thread 0x00007fa5e4017800 nmethod 1593 0x0000000111b9e290 code [0x0000000111b9e460, 0x0000000111b9ec18]
Event: 241.265 Thread 0x00007fa5e4017800 1595       3       java.lang.String::codePointAt (36 bytes)
Event: 241.265 Thread 0x00007fa5e4017800 nmethod 1595 0x0000000111b9dcd0 code [0x0000000111b9de60, 0x0000000111b9e138]
Event: 241.265 Thread 0x00007fa5e4017800 1596       3       java.util.regex.Pattern::clazz (405 bytes)
Event: 241.268 Thread 0x00007fa5e4017800 nmethod 1596 0x0000000111b97f50 code [0x0000000111b984a0, 0x0000000111b9b7c8]
Event: 241.671 Thread 0x00007fa5e4017800 1597       3       java.util.regex.Pattern$GroupHead::<init> (10 bytes)
Event: 241.672 Thread 0x00007fa5e4017800 nmethod 1597 0x0000000111bb3250 code [0x0000000111bb33c0, 0x0000000111bb3610]
Event: 241.672 Thread 0x00007fa5e4017800 1598       3       java.util.regex.Pattern$GroupTail::<init> (17 bytes)
Event: 241.672 Thread 0x00007fa5e4017800 nmethod 1598 0x0000000111bb3710 code [0x0000000111bb3880, 0x0000000111bb3ad0]

GC Heap History (8 events):
Event: 0.820 GC heap before
{Heap before GC invocations=1 (full 0):
 PSYoungGen      total 76288K, used 65536K [0x000000076ab00000, 0x0000000770000000, 0x00000007c0000000)
  eden space 65536K, 100% used [0x000000076ab00000,0x000000076eb00000,0x000000076eb00000)
  from space 10752K, 0% used [0x000000076f580000,0x000000076f580000,0x0000000770000000)
  to   space 10752K, 0% used [0x000000076eb00000,0x000000076eb00000,0x000000076f580000)
 ParOldGen       total 175104K, used 0K [0x00000006c0000000, 0x00000006cab00000, 0x000000076ab00000)
  object space 175104K, 0% used [0x00000006c0000000,0x00000006c0000000,0x00000006cab00000)
 Metaspace       used 8222K, capacity 8446K, committed 8576K, reserved 1056768K
  class space    used 965K, capacity 1051K, committed 1152K, reserved 1048576K
Event: 0.829 GC heap after
Heap after GC invocations=1 (full 0):
 PSYoungGen      total 76288K, used 10736K [0x000000076ab00000, 0x0000000774000000, 0x00000007c0000000)
  eden space 65536K, 0% used [0x000000076ab00000,0x000000076ab00000,0x000000076eb00000)
  from space 10752K, 99% used [0x000000076eb00000,0x000000076f57c050,0x000000076f580000)
  to   space 10752K, 0% used [0x0000000773580000,0x0000000773580000,0x0000000774000000)
 ParOldGen       total 175104K, used 1714K [0x00000006c0000000, 0x00000006cab00000, 0x000000076ab00000)
  object space 175104K, 0% used [0x00000006c0000000,0x00000006c01aca68,0x00000006cab00000)
 Metaspace       used 8222K, capacity 8446K, committed 8576K, reserved 1056768K
  class space    used 965K, capacity 1051K, committed 1152K, reserved 1048576K
}
Event: 1.243 GC heap before
{Heap before GC invocations=2 (full 0):
 PSYoungGen      total 76288K, used 76272K [0x000000076ab00000, 0x0000000774000000, 0x00000007c0000000)
  eden space 65536K, 100% used [0x000000076ab00000,0x000000076eb00000,0x000000076eb00000)
  from space 10752K, 99% used [0x000000076eb00000,0x000000076f57c050,0x000000076f580000)
  to   space 10752K, 0% used [0x0000000773580000,0x0000000773580000,0x0000000774000000)
 ParOldGen       total 175104K, used 1714K [0x00000006c0000000, 0x00000006cab00000, 0x000000076ab00000)
  object space 175104K, 0% used [0x00000006c0000000,0x00000006c01aca68,0x00000006cab00000)
 Metaspace       used 15238K, capacity 15458K, committed 15744K, reserved 1062912K
  class space    used 2076K, capacity 2145K, committed 2176K, reserved 1048576K
Event: 1.255 GC heap after
Heap after GC invocations=2 (full 0):
 PSYoungGen      total 141824K, used 10736K [0x000000076ab00000, 0x0000000774000000, 0x00000007c0000000)
  eden space 131072K, 0% used [0x000000076ab00000,0x000000076ab00000,0x0000000772b00000)
  from space 10752K, 99% used [0x0000000773580000,0x0000000773ffc030,0x0000000774000000)
  to   space 10752K, 0% used [0x0000000772b00000,0x0000000772b00000,0x0000000773580000)
 ParOldGen       total 175104K, used 7864K [0x00000006c0000000, 0x00000006cab00000, 0x000000076ab00000)
  object space 175104K, 4% used [0x00000006c0000000,0x00000006c07ae220,0x00000006cab00000)
 Metaspace       used 15238K, capacity 15458K, committed 15744K, reserved 1062912K
  class space    used 2076K, capacity 2145K, committed 2176K, reserved 1048576K
}
Event: 37.704 GC heap before
{Heap before GC invocations=3 (full 0):
 PSYoungGen      total 141824K, used 23791K [0x000000076ab00000, 0x0000000774000000, 0x00000007c0000000)
  eden space 131072K, 9% used [0x000000076ab00000,0x000000076b7bfd78,0x0000000772b00000)
  from space 10752K, 99% used [0x0000000773580000,0x0000000773ffc030,0x0000000774000000)
  to   space 10752K, 0% used [0x0000000772b00000,0x0000000772b00000,0x0000000773580000)
 ParOldGen       total 175104K, used 7864K [0x00000006c0000000, 0x00000006cab00000, 0x000000076ab00000)
  object space 175104K, 4% used [0x00000006c0000000,0x00000006c07ae220,0x00000006cab00000)
 Metaspace       used 15807K, capacity 16066K, committed 16384K, reserved 1062912K
  class space    used 2139K, capacity 2241K, committed 2304K, reserved 1048576K
Event: 37.711 GC heap after
Heap after GC invocations=3 (full 0):
 PSYoungGen      total 141824K, used 10736K [0x000000076ab00000, 0x0000000774000000, 0x00000007c0000000)
  eden space 131072K, 0% used [0x000000076ab00000,0x000000076ab00000,0x0000000772b00000)
  from space 10752K, 99% used [0x0000000772b00000,0x000000077357c010,0x0000000773580000)
  to   space 10752K, 0% used [0x0000000773580000,0x0000000773580000,0x0000000774000000)
 ParOldGen       total 175104K, used 8480K [0x00000006c0000000, 0x00000006cab00000, 0x000000076ab00000)
  object space 175104K, 4% used [0x00000006c0000000,0x00000006c08480c8,0x00000006cab00000)
 Metaspace       used 15807K, capacity 16066K, committed 16384K, reserved 1062912K
  class space    used 2139K, capacity 2241K, committed 2304K, reserved 1048576K
}
Event: 37.711 GC heap before
{Heap before GC invocations=4 (full 1):
 PSYoungGen      total 141824K, used 10736K [0x000000076ab00000, 0x0000000774000000, 0x00000007c0000000)
  eden space 131072K, 0% used [0x000000076ab00000,0x000000076ab00000,0x0000000772b00000)
  from space 10752K, 99% used [0x0000000772b00000,0x000000077357c010,0x0000000773580000)
  to   space 10752K, 0% used [0x0000000773580000,0x0000000773580000,0x0000000774000000)
 ParOldGen       total 175104K, used 8480K [0x00000006c0000000, 0x00000006cab00000, 0x000000076ab00000)
  object space 175104K, 4% used [0x00000006c0000000,0x00000006c08480c8,0x00000006cab00000)
 Metaspace       used 15807K, capacity 16066K, committed 16384K, reserved 1062912K
  class space    used 2139K, capacity 2241K, committed 2304K, reserved 1048576K
Event: 37.744 GC heap after
Heap after GC invocations=4 (full 1):
 PSYoungGen      total 141824K, used 0K [0x000000076ab00000, 0x0000000774000000, 0x00000007c0000000)
  eden space 131072K, 0% used [0x000000076ab00000,0x000000076ab00000,0x0000000772b00000)
  from space 10752K, 0% used [0x0000000772b00000,0x0000000772b00000,0x0000000773580000)
  to   space 10752K, 0% used [0x0000000773580000,0x0000000773580000,0x0000000774000000)
 ParOldGen       total 175104K, used 12759K [0x00000006c0000000, 0x00000006cab00000, 0x000000076ab00000)
  object space 175104K, 7% used [0x00000006c0000000,0x00000006c0c75df0,0x00000006cab00000)
 Metaspace       used 15807K, capacity 16066K, committed 16384K, reserved 1062912K
  class space    used 2139K, capacity 2241K, committed 2304K, reserved 1048576K
}

Deoptimization events (10 events):
Event: 38.283 Thread 0x00007fa5e3add800 Uncommon trap: reason=bimorphic action=maybe_recompile pc=0x0000000111b16150 method=java.util.regex.Pattern$Curly.match0(Ljava/util/regex/Matcher;IILjava/lang/CharSequence;)Z @ 77
Event: 38.287 Thread 0x00007fa5e3add800 Uncommon trap: reason=unstable_if action=reinterpret pc=0x000000011190c030 method=java.util.HashMap.hash(Ljava/lang/Object;)I @ 1
Event: 38.288 Thread 0x00007fa5e3add800 Uncommon trap: reason=unstable_if action=reinterpret pc=0x000000011190c368 method=java.util.HashMap.hash(Ljava/lang/Object;)I @ 1
Event: 38.298 Thread 0x00007fa5e3add800 Uncommon trap: reason=unstable_if action=reinterpret pc=0x0000000111a11fb0 method=java.util.HashMap.hash(Ljava/lang/Object;)I @ 1
Event: 38.299 Thread 0x00007fa5e3add800 Uncommon trap: reason=unstable_if action=reinterpret pc=0x00000001119d2524 method=java.lang.Character.isHighSurrogate(C)Z @ 3
Event: 38.311 Thread 0x00007fa5e3add800 Uncommon trap: reason=unstable_if action=reinterpret pc=0x00000001118ed4e4 method=java.util.HashMap.hash(Ljava/lang/Object;)I @ 1
Event: 38.313 Thread 0x00007fa5e3add800 Uncommon trap: reason=unstable_if action=reinterpret pc=0x0000000111a7c128 method=java.util.HashMap.hash(Ljava/lang/Object;)I @ 1
Event: 38.326 Thread 0x00007fa5e3add800 Uncommon trap: reason=class_check action=maybe_recompile pc=0x0000000111b616c4 method=java.io.BufferedInputStream.close()V @ 36
Event: 241.264 Thread 0x00007fa5e4804800 Uncommon trap: reason=class_check action=maybe_recompile pc=0x0000000111b616c4 method=java.io.BufferedInputStream.close()V @ 36
Event: 241.264 Thread 0x00007fa5e4804800 Uncommon trap: reason=class_check action=maybe_recompile pc=0x0000000111b616c4 method=java.io.BufferedInputStream.close()V @ 36

Internal exceptions (10 events):
Event: 0.724 Thread 0x00007fa5e4804800 Exception <a 'java/lang/NoClassDefFoundError': org/bukkit/plugin/Plugin> (0x000000076df89e60) thrown at [/Users/java_re/workspace/8-2-build-macosx-x86_64/jdk8u92/6642/hotspot/src/share/vm/classfile/systemDictionary.cpp, line 199]
Event: 1.235 Thread 0x00007fa5e4804800 Implicit null exception at 0x0000000111a3d386 to 0x0000000111a3d5cd
Event: 1.261 Thread 0x00007fa5e4804800 Exception <a 'java/lang/ArrayIndexOutOfBoundsException': -1> (0x000000076b09a590) thrown at [/Users/java_re/workspace/8-2-build-macosx-x86_64/jdk8u92/6642/hotspot/src/share/vm/interpreter/interpreterRuntime.cpp, line 366]
Event: 1.279 Thread 0x00007fa5e4804800 Exception <a 'java/io/FileNotFoundException'> (0x000000076b16aed0) thrown at [/Users/java_re/workspace/8-2-build-macosx-x86_64/jdk8u92/6642/hotspot/src/share/vm/prims/jni.cpp, line 709]
Event: 1.313 Thread 0x00007fa5e4804800 Exception <a 'java/io/FileNotFoundException'> (0x000000076b1f2a48) thrown at [/Users/java_re/workspace/8-2-build-macosx-x86_64/jdk8u92/6642/hotspot/src/share/vm/prims/jni.cpp, line 709]
Event: 38.287 Thread 0x00007fa5e3add800 Implicit null exception at 0x000000011190bf98 to 0x000000011190c026
Event: 38.288 Thread 0x00007fa5e3add800 Implicit null exception at 0x000000011190c2ef to 0x000000011190c359
Event: 38.298 Thread 0x00007fa5e3add800 Implicit null exception at 0x0000000111a11d75 to 0x0000000111a11fa1
Event: 38.311 Thread 0x00007fa5e3add800 Implicit null exception at 0x00000001118ed41c to 0x00000001118ed4d5
Event: 38.313 Thread 0x00007fa5e3add800 Implicit null exception at 0x0000000111a7bef5 to 0x0000000111a7c119

Events (10 events):
Event: 241.264 Thread 0x00007fa5e4804800 DEOPT UNPACKING pc=0x000000011163a229 sp=0x00007000011ef0e8 mode 2
Event: 241.264 Executing VM operation: RevokeBias done
Event: 241.264 Executing VM operation: RevokeBias
Event: 241.264 Executing VM operation: RevokeBias done
Event: 241.264 Executing VM operation: RevokeBias
Event: 241.264 Executing VM operation: RevokeBias done
Event: 241.265 Executing VM operation: RevokeBias
Event: 241.265 Executing VM operation: RevokeBias done
Event: 241.800 loading class com/laytonsmith/libs/jline/console/completer/ArgumentCompleter$ArgumentList
Event: 241.800 loading class com/laytonsmith/libs/jline/console/completer/ArgumentCompleter$ArgumentList done


Dynamic libraries:
0x0000000006b99000 	/System/Library/Frameworks/Cocoa.framework/Versions/A/Cocoa
0x0000000006b99000 	/System/Library/Frameworks/Security.framework/Versions/A/Security
0x0000000006b99000 	/System/Library/Frameworks/ApplicationServices.framework/Versions/A/ApplicationServices
0x0000000006b99000 	/usr/lib/libz.1.dylib
0x0000000006b99000 	/usr/lib/libSystem.B.dylib
0x0000000006b99000 	/usr/lib/libobjc.A.dylib
0x0000000006b99000 	/System/Library/Frameworks/CoreFoundation.framework/Versions/A/CoreFoundation
0x0000000006b99000 	/System/Library/Frameworks/Foundation.framework/Versions/C/Foundation
0x0000000006b99000 	/System/Library/Frameworks/AppKit.framework/Versions/C/AppKit
0x0000000006b99000 	/System/Library/Frameworks/CoreData.framework/Versions/A/CoreData
0x0000000006b99000 	/System/Library/PrivateFrameworks/RemoteViewServices.framework/Versions/A/RemoteViewServices
0x0000000006b99000 	/System/Library/PrivateFrameworks/UIFoundation.framework/Versions/A/UIFoundation
0x0000000006b99000 	/System/Library/PrivateFrameworks/DFRFoundation.framework/Versions/A/DFRFoundation
0x0000000006b99000 	/System/Library/Frameworks/Metal.framework/Versions/A/Metal
0x0000000006b99000 	/System/Library/PrivateFrameworks/DesktopServicesPriv.framework/Versions/A/DesktopServicesPriv
0x0000000006b99000 	/usr/lib/libenergytrace.dylib
0x0000000006b99000 	/System/Library/PrivateFrameworks/SkyLight.framework/Versions/A/SkyLight
0x0000000006b99000 	/System/Library/Frameworks/CoreGraphics.framework/Versions/A/CoreGraphics
0x0000000006b99000 	/usr/lib/libScreenReader.dylib
0x0000000006b99000 	/System/Library/Frameworks/Accelerate.framework/Versions/A/Accelerate
0x0000000006b99000 	/System/Library/Frameworks/IOSurface.framework/Versions/A/IOSurface
0x0000000006b99000 	/System/Library/Frameworks/AudioToolbox.framework/Versions/A/AudioToolbox
0x0000000006b99000 	/System/Library/Frameworks/AudioUnit.framework/Versions/A/AudioUnit
0x0000000006b99000 	/System/Library/PrivateFrameworks/DataDetectorsCore.framework/Versions/A/DataDetectorsCore
0x0000000006b99000 	/System/Library/Frameworks/Carbon.framework/Versions/A/Frameworks/HIToolbox.framework/Versions/A/HIToolbox
0x0000000006b99000 	/usr/lib/libicucore.A.dylib
0x0000000006b99000 	/System/Library/Frameworks/QuartzCore.framework/Versions/A/QuartzCore
0x0000000006b99000 	/System/Library/Frameworks/Carbon.framework/Versions/A/Frameworks/SpeechRecognition.framework/Versions/A/SpeechRecognition
0x0000000006b99000 	/usr/lib/libauto.dylib
0x0000000006b99000 	/usr/lib/libxml2.2.dylib
0x0000000006b99000 	/System/Library/PrivateFrameworks/CoreUI.framework/Versions/A/CoreUI
0x0000000006b99000 	/System/Library/Frameworks/CoreAudio.framework/Versions/A/CoreAudio
0x0000000006b99000 	/System/Library/Frameworks/DiskArbitration.framework/Versions/A/DiskArbitration
0x0000000006b99000 	/usr/lib/liblangid.dylib
0x0000000006b99000 	/System/Library/PrivateFrameworks/MultitouchSupport.framework/Versions/A/MultitouchSupport
0x0000000006b99000 	/System/Library/Frameworks/IOKit.framework/Versions/A/IOKit
0x0000000006b99000 	/usr/lib/libDiagnosticMessagesClient.dylib
0x0000000006b99000 	/System/Library/Frameworks/CoreServices.framework/Versions/A/CoreServices
0x0000000006b99000 	/System/Library/PrivateFrameworks/PerformanceAnalysis.framework/Versions/A/PerformanceAnalysis
0x0000000006b99000 	/System/Library/Frameworks/OpenGL.framework/Versions/A/OpenGL
0x0000000006b99000 	/System/Library/Frameworks/ColorSync.framework/Versions/A/ColorSync
0x0000000006b99000 	/System/Library/Frameworks/CoreImage.framework/Versions/A/CoreImage
0x0000000006b99000 	/System/Library/Frameworks/CoreText.framework/Versions/A/CoreText
0x0000000006b99000 	/System/Library/Frameworks/ImageIO.framework/Versions/A/ImageIO
0x0000000006b99000 	/System/Library/PrivateFrameworks/Backup.framework/Versions/A/Backup
0x0000000006b99000 	/usr/lib/libarchive.2.dylib
0x0000000006b99000 	/System/Library/Frameworks/CFNetwork.framework/Versions/A/CFNetwork
0x0000000006b99000 	/System/Library/Frameworks/SystemConfiguration.framework/Versions/A/SystemConfiguration
0x0000000006b99000 	/usr/lib/libCRFSuite.dylib
0x0000000006b99000 	/usr/lib/libc++.1.dylib
0x0000000006b99000 	/usr/lib/libc++abi.dylib
0x0000000006b99000 	/usr/lib/system/libcache.dylib
0x0000000006b99000 	/usr/lib/system/libcommonCrypto.dylib
0x0000000006b99000 	/usr/lib/system/libcompiler_rt.dylib
0x0000000006b99000 	/usr/lib/system/libcopyfile.dylib
0x0000000006b99000 	/usr/lib/system/libcorecrypto.dylib
0x0000000006b99000 	/usr/lib/system/libdispatch.dylib
0x0000000006b99000 	/usr/lib/system/libdyld.dylib
0x0000000006b99000 	/usr/lib/system/libkeymgr.dylib
0x0000000006b99000 	/usr/lib/system/liblaunch.dylib
0x0000000006b99000 	/usr/lib/system/libmacho.dylib
0x0000000006b99000 	/usr/lib/system/libquarantine.dylib
0x0000000006b99000 	/usr/lib/system/libremovefile.dylib
0x0000000006b99000 	/usr/lib/system/libsystem_asl.dylib
0x0000000006b99000 	/usr/lib/system/libsystem_blocks.dylib
0x0000000006b99000 	/usr/lib/system/libsystem_c.dylib
0x0000000006b99000 	/usr/lib/system/libsystem_configuration.dylib
0x0000000006b99000 	/usr/lib/system/libsystem_coreservices.dylib
0x0000000006b99000 	/usr/lib/system/libsystem_darwin.dylib
0x0000000006b99000 	/usr/lib/system/libsystem_dnssd.dylib
0x0000000006b99000 	/usr/lib/system/libsystem_info.dylib
0x0000000006b99000 	/usr/lib/system/libsystem_m.dylib
0x0000000006b99000 	/usr/lib/system/libsystem_malloc.dylib
0x0000000006b99000 	/usr/lib/system/libsystem_network.dylib
0x0000000006b99000 	/usr/lib/system/libsystem_networkextension.dylib
0x0000000006b99000 	/usr/lib/system/libsystem_notify.dylib
0x0000000006b99000 	/usr/lib/system/libsystem_sandbox.dylib
0x0000000006b99000 	/usr/lib/system/libsystem_secinit.dylib
0x0000000006b99000 	/usr/lib/system/libsystem_kernel.dylib
0x0000000006b99000 	/usr/lib/system/libsystem_platform.dylib
0x0000000006b99000 	/usr/lib/system/libsystem_pthread.dylib
0x0000000006b99000 	/usr/lib/system/libsystem_symptoms.dylib
0x0000000006b99000 	/usr/lib/system/libsystem_trace.dylib
0x0000000006b99000 	/usr/lib/system/libunwind.dylib
0x0000000006b99000 	/usr/lib/system/libxpc.dylib
0x0000000006b99000 	/usr/lib/closure/libclosured.dylib
0x0000000006b99000 	/usr/lib/libbsm.0.dylib
0x0000000006b99000 	/usr/lib/system/libkxld.dylib
0x0000000006b99000 	/usr/lib/libOpenScriptingUtil.dylib
0x0000000006b99000 	/usr/lib/libcoretls.dylib
0x0000000006b99000 	/usr/lib/libcoretls_cfhelpers.dylib
0x0000000006b99000 	/usr/lib/libpam.2.dylib
0x0000000006b99000 	/usr/lib/libsqlite3.dylib
0x0000000006b99000 	/usr/lib/libxar.1.dylib
0x0000000006b99000 	/usr/lib/libbz2.1.0.dylib
0x0000000006b99000 	/usr/lib/liblzma.5.dylib
0x0000000006b99000 	/usr/lib/libnetwork.dylib
0x0000000006b99000 	/usr/lib/libapple_nghttp2.dylib
0x0000000006b99000 	/usr/lib/libpcap.A.dylib
0x0000000006b99000 	/usr/lib/libboringssl.dylib
0x0000000006b99000 	/usr/lib/libusrtcp.dylib
0x0000000006b99000 	/usr/lib/libapple_crypto.dylib
0x0000000006b99000 	/System/Library/Frameworks/CoreServices.framework/Versions/A/Frameworks/FSEvents.framework/Versions/A/FSEvents
0x0000000006b99000 	/System/Library/Frameworks/CoreServices.framework/Versions/A/Frameworks/CarbonCore.framework/Versions/A/CarbonCore
0x0000000006b99000 	/System/Library/Frameworks/CoreServices.framework/Versions/A/Frameworks/Metadata.framework/Versions/A/Metadata
0x0000000006b99000 	/System/Library/Frameworks/CoreServices.framework/Versions/A/Frameworks/OSServices.framework/Versions/A/OSServices
0x0000000006b99000 	/System/Library/Frameworks/CoreServices.framework/Versions/A/Frameworks/SearchKit.framework/Versions/A/SearchKit
0x0000000006b99000 	/System/Library/Frameworks/CoreServices.framework/Versions/A/Frameworks/AE.framework/Versions/A/AE
0x0000000006b99000 	/System/Library/Frameworks/CoreServices.framework/Versions/A/Frameworks/LaunchServices.framework/Versions/A/LaunchServices
0x0000000006b99000 	/System/Library/Frameworks/CoreServices.framework/Versions/A/Frameworks/DictionaryServices.framework/Versions/A/DictionaryServices
0x0000000006b99000 	/System/Library/Frameworks/CoreServices.framework/Versions/A/Frameworks/SharedFileList.framework/Versions/A/SharedFileList
0x0000000006b99000 	/System/Library/Frameworks/NetFS.framework/Versions/A/NetFS
0x0000000006b99000 	/System/Library/PrivateFrameworks/NetAuth.framework/Versions/A/NetAuth
0x0000000006b99000 	/System/Library/PrivateFrameworks/login.framework/Versions/A/Frameworks/loginsupport.framework/Versions/A/loginsupport
0x0000000006b99000 	/System/Library/PrivateFrameworks/TCC.framework/Versions/A/TCC
0x0000000006b99000 	/usr/lib/libmecabra.dylib
0x0000000006b99000 	/System/Library/Frameworks/ApplicationServices.framework/Versions/A/Frameworks/ATS.framework/Versions/A/ATS
0x0000000006b99000 	/System/Library/Frameworks/ApplicationServices.framework/Versions/A/Frameworks/ColorSyncLegacy.framework/Versions/A/ColorSyncLegacy
0x0000000006b99000 	/System/Library/Frameworks/ApplicationServices.framework/Versions/A/Frameworks/HIServices.framework/Versions/A/HIServices
0x0000000006b99000 	/System/Library/Frameworks/ApplicationServices.framework/Versions/A/Frameworks/LangAnalysis.framework/Versions/A/LangAnalysis
0x0000000006b99000 	/System/Library/Frameworks/ApplicationServices.framework/Versions/A/Frameworks/PrintCore.framework/Versions/A/PrintCore
0x0000000006b99000 	/System/Library/Frameworks/ApplicationServices.framework/Versions/A/Frameworks/QD.framework/Versions/A/QD
0x0000000006b99000 	/System/Library/Frameworks/ApplicationServices.framework/Versions/A/Frameworks/SpeechSynthesis.framework/Versions/A/SpeechSynthesis
0x0000000006b99000 	/System/Library/Frameworks/CoreDisplay.framework/Versions/A/CoreDisplay
0x0000000006b99000 	/System/Library/Frameworks/Accelerate.framework/Versions/A/Frameworks/vImage.framework/Versions/A/vImage
0x0000000006b99000 	/System/Library/Frameworks/Accelerate.framework/Versions/A/Frameworks/vecLib.framework/Versions/A/vecLib
0x0000000006b99000 	/System/Library/Frameworks/Accelerate.framework/Versions/A/Frameworks/vecLib.framework/Versions/A/libvDSP.dylib
0x0000000006b99000 	/System/Library/Frameworks/Accelerate.framework/Versions/A/Frameworks/vecLib.framework/Versions/A/libBNNS.dylib
0x0000000006b99000 	/System/Library/Frameworks/Accelerate.framework/Versions/A/Frameworks/vecLib.framework/Versions/A/libQuadrature.dylib
0x0000000006b99000 	/System/Library/Frameworks/Accelerate.framework/Versions/A/Frameworks/vecLib.framework/Versions/A/libvMisc.dylib
0x0000000006b99000 	/System/Library/Frameworks/Accelerate.framework/Versions/A/Frameworks/vecLib.framework/Versions/A/libLAPACK.dylib
0x0000000006b99000 	/System/Library/Frameworks/Accelerate.framework/Versions/A/Frameworks/vecLib.framework/Versions/A/libBLAS.dylib
0x0000000006b99000 	/System/Library/Frameworks/Accelerate.framework/Versions/A/Frameworks/vecLib.framework/Versions/A/libLinearAlgebra.dylib
0x0000000006b99000 	/System/Library/Frameworks/Accelerate.framework/Versions/A/Frameworks/vecLib.framework/Versions/A/libSparse.dylib
0x0000000006b99000 	/System/Library/Frameworks/Accelerate.framework/Versions/A/Frameworks/vecLib.framework/Versions/A/libSparseBLAS.dylib
0x0000000006b99000 	/System/Library/PrivateFrameworks/IOAccelerator.framework/Versions/A/IOAccelerator
0x0000000006b99000 	/System/Library/PrivateFrameworks/IOPresentment.framework/Versions/A/IOPresentment
0x0000000006b99000 	/System/Library/PrivateFrameworks/DSExternalDisplay.framework/Versions/A/DSExternalDisplay
0x0000000006b99000 	/System/Library/Frameworks/OpenGL.framework/Versions/A/Libraries/libCoreFSCache.dylib
0x0000000006b99000 	/System/Library/Frameworks/CoreVideo.framework/Versions/A/CoreVideo
0x0000000006b99000 	/System/Library/PrivateFrameworks/GraphVisualizer.framework/Versions/A/GraphVisualizer
0x0000000006b99000 	/System/Library/Frameworks/MetalPerformanceShaders.framework/Versions/A/MetalPerformanceShaders
0x0000000006b99000 	/usr/lib/libFosl_dynamic.dylib
0x0000000006b99000 	/System/Library/PrivateFrameworks/FaceCore.framework/Versions/A/FaceCore
0x0000000006b99000 	/System/Library/Frameworks/OpenCL.framework/Versions/A/OpenCL
0x0000000006b99000 	/usr/lib/libcompression.dylib
0x0000000006b99000 	/System/Library/Frameworks/ApplicationServices.framework/Versions/A/Frameworks/ATS.framework/Versions/A/Resources/libFontParser.dylib
0x0000000006b99000 	/System/Library/Frameworks/ApplicationServices.framework/Versions/A/Frameworks/ATS.framework/Versions/A/Resources/libFontRegistry.dylib
0x0000000006b99000 	/System/Library/Frameworks/ImageIO.framework/Versions/A/Resources/libJPEG.dylib
0x0000000006b99000 	/System/Library/Frameworks/ImageIO.framework/Versions/A/Resources/libTIFF.dylib
0x0000000006b99000 	/System/Library/Frameworks/ImageIO.framework/Versions/A/Resources/libPng.dylib
0x0000000006b99000 	/System/Library/Frameworks/ImageIO.framework/Versions/A/Resources/libGIF.dylib
0x0000000006b99000 	/System/Library/Frameworks/ImageIO.framework/Versions/A/Resources/libJP2.dylib
0x0000000006b99000 	/System/Library/Frameworks/ImageIO.framework/Versions/A/Resources/libRadiance.dylib
0x0000000006b99000 	/System/Library/PrivateFrameworks/AppleJPEG.framework/Versions/A/AppleJPEG
0x0000000006b99000 	/System/Library/PrivateFrameworks/MetalTools.framework/Versions/A/MetalTools
0x0000000006b99000 	/System/Library/Frameworks/MetalPerformanceShaders.framework/Frameworks/MPSCore.framework/Versions/A/MPSCore
0x0000000006b99000 	/System/Library/Frameworks/MetalPerformanceShaders.framework/Frameworks/MPSImage.framework/Versions/A/MPSImage
0x0000000006b99000 	/System/Library/Frameworks/MetalPerformanceShaders.framework/Frameworks/MPSMatrix.framework/Versions/A/MPSMatrix
0x0000000006b99000 	/System/Library/Frameworks/MetalPerformanceShaders.framework/Frameworks/MPSNeuralNetwork.framework/Versions/A/MPSNeuralNetwork
0x0000000006b99000 	/System/Library/Frameworks/OpenGL.framework/Versions/A/Libraries/libGLU.dylib
0x0000000006b99000 	/System/Library/Frameworks/OpenGL.framework/Versions/A/Libraries/libGFXShared.dylib
0x0000000006b99000 	/System/Library/Frameworks/OpenGL.framework/Versions/A/Libraries/libGL.dylib
0x0000000006b99000 	/System/Library/Frameworks/OpenGL.framework/Versions/A/Libraries/libGLImage.dylib
0x0000000006b99000 	/System/Library/Frameworks/OpenGL.framework/Versions/A/Libraries/libCVMSPluginSupport.dylib
0x0000000006b99000 	/System/Library/Frameworks/OpenGL.framework/Versions/A/Libraries/libCoreVMClient.dylib
0x0000000006b99000 	/usr/lib/libcups.2.dylib
0x0000000006b99000 	/System/Library/Frameworks/Kerberos.framework/Versions/A/Kerberos
0x0000000006b99000 	/System/Library/Frameworks/GSS.framework/Versions/A/GSS
0x0000000006b99000 	/usr/lib/libresolv.9.dylib
0x0000000006b99000 	/usr/lib/libiconv.2.dylib
0x0000000006b99000 	/System/Library/PrivateFrameworks/Heimdal.framework/Versions/A/Heimdal
0x0000000006b99000 	/usr/lib/libheimdal-asn1.dylib
0x0000000006b99000 	/System/Library/Frameworks/OpenDirectory.framework/Versions/A/OpenDirectory
0x0000000006b99000 	/System/Library/PrivateFrameworks/CommonAuth.framework/Versions/A/CommonAuth
0x0000000006b99000 	/System/Library/Frameworks/OpenDirectory.framework/Versions/A/Frameworks/CFOpenDirectory.framework/Versions/A/CFOpenDirectory
0x0000000006b99000 	/System/Library/Frameworks/SecurityFoundation.framework/Versions/A/SecurityFoundation
0x0000000006b99000 	/System/Library/PrivateFrameworks/APFS.framework/Versions/A/APFS
0x0000000006b99000 	/usr/lib/libutil.dylib
0x0000000006b99000 	/System/Library/PrivateFrameworks/AppleSauce.framework/Versions/A/AppleSauce
0x0000000006b99000 	/System/Library/PrivateFrameworks/LinguisticData.framework/Versions/A/LinguisticData
0x0000000006b99000 	/usr/lib/libmarisa.dylib
0x0000000006b99000 	/System/Library/PrivateFrameworks/Lexicon.framework/Versions/A/Lexicon
0x0000000006b99000 	/usr/lib/libChineseTokenizer.dylib
0x0000000006b99000 	/usr/lib/libcmph.dylib
0x0000000006b99000 	/System/Library/PrivateFrameworks/LanguageModeling.framework/Versions/A/LanguageModeling
0x0000000006b99000 	/System/Library/PrivateFrameworks/CoreEmoji.framework/Versions/A/CoreEmoji
0x0000000006b99000 	/System/Library/Frameworks/ServiceManagement.framework/Versions/A/ServiceManagement
0x0000000006b99000 	/System/Library/PrivateFrameworks/BackgroundTaskManagement.framework/Versions/A/BackgroundTaskManagement
0x0000000006b99000 	/usr/lib/libxslt.1.dylib
0x0000000006b99000 	/System/Library/Frameworks/Carbon.framework/Versions/A/Frameworks/Ink.framework/Versions/A/Ink
0x0000000006b99000 	/System/Library/PrivateFrameworks/TextureIO.framework/Versions/A/TextureIO
0x0000000006b99000 	/usr/lib/libate.dylib
0x0000000006b99000 	/System/Library/PrivateFrameworks/CrashReporterSupport.framework/Versions/A/CrashReporterSupport
0x0000000006b99000 	/System/Library/PrivateFrameworks/Sharing.framework/Versions/A/Sharing
0x0000000006b99000 	/System/Library/PrivateFrameworks/IconServices.framework/Versions/A/IconServices
0x0000000006b99000 	/System/Library/PrivateFrameworks/ProtocolBuffer.framework/Versions/A/ProtocolBuffer
0x0000000006b99000 	/System/Library/PrivateFrameworks/Apple80211.framework/Versions/A/Apple80211
0x0000000006b99000 	/System/Library/Frameworks/CoreWLAN.framework/Versions/A/CoreWLAN
0x0000000006b99000 	/System/Library/PrivateFrameworks/CoreUtils.framework/Versions/A/CoreUtils
0x0000000006b99000 	/System/Library/Frameworks/IOBluetooth.framework/Versions/A/IOBluetooth
0x0000000006b99000 	/System/Library/PrivateFrameworks/CoreWiFi.framework/Versions/A/CoreWiFi
0x0000000006b99000 	/System/Library/Frameworks/CoreBluetooth.framework/Versions/A/CoreBluetooth
0x0000000006b99000 	/System/Library/PrivateFrameworks/SignpostNotification.framework/Versions/A/SignpostNotification
0x0000000006b99000 	/System/Library/PrivateFrameworks/DebugSymbols.framework/Versions/A/DebugSymbols
0x0000000006b99000 	/System/Library/PrivateFrameworks/CoreSymbolication.framework/Versions/A/CoreSymbolication
0x0000000006b99000 	/System/Library/PrivateFrameworks/Symbolication.framework/Versions/A/Symbolication
0x0000000006b99000 	/System/Library/PrivateFrameworks/AppleFSCompression.framework/Versions/A/AppleFSCompression
0x0000000006b99000 	/System/Library/PrivateFrameworks/SpeechRecognitionCore.framework/Versions/A/SpeechRecognitionCore
0x000000010ca00000 	/Library/Java/JavaVirtualMachines/jdk1.8.0_92.jdk/Contents/Home/jre/lib/server/libjvm.dylib
0x0000000006b99000 	/usr/lib/libstdc++.6.0.9.dylib
0x000000010b8f4000 	/Library/Java/JavaVirtualMachines/jdk1.8.0_92.jdk/Contents/Home/jre/lib/libverify.dylib
0x000000010b902000 	/Library/Java/JavaVirtualMachines/jdk1.8.0_92.jdk/Contents/Home/jre/lib/libjava.dylib
0x000000010b981000 	/Library/Java/JavaVirtualMachines/jdk1.8.0_92.jdk/Contents/Home/jre/lib/libzip.dylib
0x0000000006b99000 	/System/Library/Frameworks/JavaVM.framework/Versions/A/Frameworks/JavaRuntimeSupport.framework/Versions/A/JavaRuntimeSupport
0x0000000006b99000 	/System/Library/Frameworks/JavaVM.framework/Versions/A/Frameworks/JavaNativeFoundation.framework/Versions/A/JavaNativeFoundation
0x0000000006b99000 	/System/Library/Frameworks/JavaVM.framework/Versions/A/JavaVM
0x0000000006b99000 	/System/Library/Frameworks/Carbon.framework/Versions/A/Carbon
0x0000000006b99000 	/System/Library/PrivateFrameworks/JavaLaunching.framework/Versions/A/JavaLaunching
0x0000000006b99000 	/System/Library/Frameworks/Carbon.framework/Versions/A/Frameworks/CommonPanels.framework/Versions/A/CommonPanels
0x0000000006b99000 	/System/Library/Frameworks/Carbon.framework/Versions/A/Frameworks/Help.framework/Versions/A/Help
0x0000000006b99000 	/System/Library/Frameworks/Carbon.framework/Versions/A/Frameworks/ImageCapture.framework/Versions/A/ImageCapture
0x0000000006b99000 	/System/Library/Frameworks/Carbon.framework/Versions/A/Frameworks/OpenScripting.framework/Versions/A/OpenScripting
0x0000000006b99000 	/System/Library/Frameworks/Carbon.framework/Versions/A/Frameworks/Print.framework/Versions/A/Print
0x0000000006b99000 	/System/Library/Frameworks/Carbon.framework/Versions/A/Frameworks/SecurityHI.framework/Versions/A/SecurityHI
0x0000000111586000 	/private/var/folders/n5/9fsshzjj0sjdl799xb0mgh800000gn/T/libjansi-64-3-2678759691107484130.3
0x000000012a654000 	/Library/Java/JavaVirtualMachines/jdk1.8.0_92.jdk/Contents/Home/jre/lib/libsunec.dylib
0x000000012a609000 	/Library/Java/JavaVirtualMachines/jdk1.8.0_92.jdk/Contents/Home/jre/lib/libnet.dylib

VM Arguments:
java_command: /Users/cailin/Code/CommandHelper/target/commandhelper-3.3.2-SNAPSHOT.jar interpreter --location /usr/local/bin/mscript
java_class_path (initial): /Users/cailin/Code/CommandHelper/target/commandhelper-3.3.2-SNAPSHOT.jar
Launcher Type: SUN_STANDARD

Environment Variables:
JAVA_HOME=/Library/Java/JavaVirtualMachines/jdk1.8.0_92.jdk/Contents/Home
PATH=/usr/local/bin:/usr/bin:/bin:/usr/sbin:/sbin:/opt/X11/bin:/Users/cailin/gocode/bin:/Applications/HP_Fortify/HP_Fortify_SCA_and_Apps_16.10/bin:/Applications/HPE_Security/Fortify_SCA_and_Apps_16.20/bin
SHELL=/bin/bash
DISPLAY=/private/tmp/com.apple.launchd.k1MXYbTwFD/org.macosforge.xquartz:0

Signal Handlers:
SIGSEGV: [libjvm.dylib+0x5aa779], sa_mask[0]=11111111011111110111111111111111, sa_flags=SA_ONSTACK|SA_RESTART|SA_SIGINFO
SIGBUS: [libjvm.dylib+0x5aa779], sa_mask[0]=11111111011111110111111111111111, sa_flags=SA_RESTART|SA_SIGINFO
SIGFPE: [libjvm.dylib+0x4831d0], sa_mask[0]=11111111011111110111111111111111, sa_flags=SA_RESTART|SA_SIGINFO
SIGPIPE: [libjvm.dylib+0x4831d0], sa_mask[0]=11111111011111110111111111111111, sa_flags=SA_RESTART|SA_SIGINFO
SIGXFSZ: [libjvm.dylib+0x4831d0], sa_mask[0]=11111111011111110111111111111111, sa_flags=SA_RESTART|SA_SIGINFO
SIGILL: [libjvm.dylib+0x4831d0], sa_mask[0]=11111111011111110111111111111111, sa_flags=SA_RESTART|SA_SIGINFO
SIGUSR1: SIG_DFL, sa_mask[0]=11011111011111100000000111000110, sa_flags=none
SIGUSR2: [libjvm.dylib+0x482cee], sa_mask[0]=00000000000000000000000000000000, sa_flags=SA_RESTART|SA_SIGINFO
SIGHUP: [libjvm.dylib+0x4812c5], sa_mask[0]=11111111011111110111111111111111, sa_flags=SA_RESTART|SA_SIGINFO
SIGINT: [libjvm.dylib+0x4812c5], sa_mask[0]=11111111011111110111111111111111, sa_flags=SA_RESTART|SA_SIGINFO
SIGTERM: [libjvm.dylib+0x4812c5], sa_mask[0]=11111111011111110111111111111111, sa_flags=SA_RESTART|SA_SIGINFO
SIGQUIT: [libjvm.dylib+0x4812c5], sa_mask[0]=11111111011111110111111111111111, sa_flags=SA_RESTART|SA_SIGINFO


---------------  S Y S T E M  ---------------

OS:Bsduname:Darwin 17.4.0 Darwin Kernel Version 17.4.0: Sun Dec 17 09:19:54 PST 2017; root:xnu-4570.41.2~1/RELEASE_X86_64 x86_64
rlimit: STACK 8192k, CORE 0k, NPROC 1418, NOFILE 10240, AS infinity
load average:3.00 2.71 2.56

CPU:total 8 (4 cores per cpu, 2 threads per core) family 6 model 70 stepping 1, cmov, cx8, fxsr, mmx, sse, sse2, sse3, ssse3, sse4.1, sse4.2, popcnt, avx, avx2, aes, clmul, erms, lzcnt, ht, tsc, tscinvbit, bmi1, bmi2

Memory: 4k page, physical 16777216k(2646520k free)

/proc/meminfo:


vm_info: Java HotSpot(TM) 64-Bit Server VM (25.92-b14) for bsd-amd64 JRE (1.8.0_92-b14), built on Mar 31 2016 21:23:14 by "java_re" with gcc 4.2.1 (Based on Apple Inc. build 5658) (LLVM build 2336.11.00)

time: Tue Jan 30 17:02:36 2018
elapsed time: 241 seconds (0d 0h 4m 1s)

