#
# A fatal error has been detected by the Java Runtime Environment:
#
#  EXCEPTION_ACCESS_VIOLATION (0xc0000005) at pc=0x0000000065de4b73, pid=1556, tid=8148
#
# JRE version: Java(TM) SE Runtime Environment (8.0-b132) (build 1.8.0-b132)
# Java VM: Java HotSpot(TM) 64-Bit Server VM (25.0-b70 mixed mode windows-amd64 compressed oops)
# Problematic frame:
# V  [jvm.dll+0x494b73]
#
# Failed to write core dump. Minidumps are not enabled by default on client versions of Windows
#
# If you would like to submit a bug report, please visit:
#   http://bugreport.sun.com/bugreport/crash.jsp
#

---------------  T H R E A D  ---------------

Current thread (0x000000001b781000):  JavaThread "C2 CompilerThread1" daemon [_thread_in_native, id=8148, stack(0x000000001cdd0000,0x000000001ced0000)]

siginfo: ExceptionCode=0xc0000005, reading address 0x000000d91d349728

Registers:
RAX=0x000000001d34c050, RBX=0x000000001d34c018, RCX=0x000000001d34c050, RDX=0x000000001da22148
RSP=0x000000001cecbc70, RBP=0x000000001d054b28, RSI=0x000000001d6b1d30, RDI=0x000000001cecc150
R8 =0x0000000000000e0a, R9 =0x000000001dc04cb0, R10=0x000000001dc04cb0, R11=0x000000d91d349720
R12=0x0000000000000000, R13=0x000000001d27aa40, R14=0x0000000000000001, R15=0x00000000000001ff
RIP=0x0000000065de4b73, EFLAGS=0x0000000000010287

Top of Stack: (sp=0x000000001cecbc70)
0x000000001cecbc70:   00000000000001ff 000000001d6b1d30
0x000000001cecbc80:   000000001da236e0 00000000000001ff
0x000000001cecbc90:   0000000000000001 000000001cecbd88
0x000000001cecbca0:   000000001d27af80 0000000065de45f6
0x000000001cecbcb0:   00000000000001ff 0000000000000001
0x000000001cecbcc0:   000000001cecc150 000000001cecbd88
0x000000001cecbcd0:   000000001d27aa40 0000000000000002
0x000000001cecbce0:   000000001d27ab68 0000000065de5185
0x000000001cecbcf0:   000000001cecbdd8 000000000000007f
0x000000001cecbd00:   000000001cecc150 000000001da5af30
0x000000001cecbd10:   000000001d9ee5a0 000000001b77a8c0
0x000000001cecbd20:   000000001cecc150 0000000065dde65c
0x000000001cecbd30:   000000001cecbe30 000000001da5af30
0x000000001cecbd40:   000000001da5af30 000000001b77a8c0
0x000000001cecbd50:   000000001d9ee5f0 000000001d9f6588
0x000000001cecbd60:   000000000005a3a8 000000001b77a8c0 

Instructions: (pc=0x0000000065de4b73)
0x0000000065de4b53:   39 71 08 75 09 48 8b 4b 08 4c 39 19 74 61 45 8b
0x0000000065de4b63:   43 28 4c 8b 8f f0 09 00 00 49 8b db 4f 8b 1c c1
0x0000000065de4b73:   49 8b 43 08 4c 39 20 75 28 8b 57 28 90 41 8b 43
0x0000000065de4b83:   28 3b c2 73 0c 8b c8 48 8b 47 30 4c 8b 1c c8 eb 


Register to memory mapping:

RAX=0x000000001d34c050 is an unknown value
RBX=0x000000001d34c018 is an unknown value
RCX=0x000000001d34c050 is an unknown value
RDX=0x000000001da22148 is an unknown value
RSP=0x000000001cecbc70 is pointing into the stack for thread: 0x000000001b781000
RBP=0x000000001d054b28 is an unknown value
RSI=0x000000001d6b1d30 is an unknown value
RDI=0x000000001cecc150 is pointing into the stack for thread: 0x000000001b781000
R8 =0x0000000000000e0a is an unknown value
R9 =0x000000001dc04cb0 is an unknown value
R10=0x000000001dc04cb0 is an unknown value
R11=0x000000d91d349720 is an unknown value
R12=0x0000000000000000 is an unknown value
R13=0x000000001d27aa40 is an unknown value
R14=0x0000000000000001 is an unknown value
R15=0x00000000000001ff is an unknown value


Stack: [0x000000001cdd0000,0x000000001ced0000],  sp=0x000000001cecbc70,  free space=1007k
Native frames: (J=compiled Java code, j=interpreted, Vv=VM code, C=native code)
V  [jvm.dll+0x494b73]
V  [jvm.dll+0x495185]
V  [jvm.dll+0x48e65c]
V  [jvm.dll+0x44230b]
V  [jvm.dll+0x44368b]
V  [jvm.dll+0x427552]
V  [jvm.dll+0x96732]
V  [jvm.dll+0x96f23]
V  [jvm.dll+0x2232e4]
V  [jvm.dll+0x27baea]
C  [msvcr100.dll+0x21d9f]
C  [msvcr100.dll+0x21e3b]
C  [KERNEL32.DLL+0x13d2]
C  [ntdll.dll+0x15464]


Current CompileTask:
C2:    300  522   !   4       sun.nio.cs.StreamDecoder::read (196 bytes)


---------------  P R O C E S S  ---------------

Java Threads: ( => current thread )
  0x000000001b7de000 JavaThread "Service Thread" daemon [_thread_blocked, id=3128, stack(0x000000001d3d0000,0x000000001d4d0000)]
  0x000000001b786000 JavaThread "C1 CompilerThread2" daemon [_thread_blocked, id=7920, stack(0x000000001ced0000,0x000000001cfd0000)]
=>0x000000001b781000 JavaThread "C2 CompilerThread1" daemon [_thread_in_native, id=8148, stack(0x000000001cdd0000,0x000000001ced0000)]
  0x000000001b77f000 JavaThread "C2 CompilerThread0" daemon [_thread_in_native, id=1640, stack(0x000000001ccd0000,0x000000001cdd0000)]
  0x000000001b77b000 JavaThread "Attach Listener" daemon [_thread_blocked, id=1416, stack(0x000000001cbd0000,0x000000001ccd0000)]
  0x000000001b779800 JavaThread "Signal Dispatcher" daemon [_thread_blocked, id=7692, stack(0x000000001cad0000,0x000000001cbd0000)]
  0x0000000002125000 JavaThread "Finalizer" daemon [_thread_blocked, id=7924, stack(0x000000001c9d0000,0x000000001cad0000)]
  0x000000000211c800 JavaThread "Reference Handler" daemon [_thread_blocked, id=6576, stack(0x000000001c8d0000,0x000000001c9d0000)]
  0x0000000002032800 JavaThread "main" [_thread_in_vm, id=5876, stack(0x0000000001f30000,0x0000000002030000)]

Other Threads:
  0x000000001b748000 VMThread [stack: 0x000000001c7d0000,0x000000001c8d0000] [id=6348]
  0x000000001cff0000 WatcherThread [stack: 0x000000001d4d0000,0x000000001d5d0000] [id=6288]

VM state:not at safepoint (normal execution)

VM Mutex/Monitor currently owned by a thread: None

Heap:
 PSYoungGen      total 8704K, used 2505K [0x000000076af80000, 0x000000076b980000, 0x00000007c0000000)
  eden space 7168K, 23% used [0x000000076af80000,0x000000076b1231f8,0x000000076b680000)
  from space 1536K, 53% used [0x000000076b800000,0x000000076b8cf420,0x000000076b980000)
  to   space 1536K, 0% used [0x000000076b680000,0x000000076b680000,0x000000076b800000)
 ParOldGen       total 260608K, used 1423K [0x00000006c0e00000, 0x00000006d0c80000, 0x000000076af80000)
  object space 260608K, 0% used [0x00000006c0e00000,0x00000006c0f63e50,0x00000006d0c80000)
 Metaspace       used 6563K, capacity 6748K, committed 6784K, reserved 1056768K
  class space    used 811K, capacity 888K, committed 896K, reserved 1048576K

Card table byte_map: [0x00000000114f0000,0x0000000011cf0000] byte_map_base: 0x000000000dee9000

Marking Bits: (ParMarkBitMap*) 0x00000000661013b0
 Begin Bits: [0x0000000012650000, 0x0000000016618000)
 End Bits:   [0x0000000016618000, 0x000000001a5e0000)

Polling page: 0x00000000006f0000

CodeCache: size=245760Kb used=2545Kb max_used=2545Kb free=243214Kb
 bounds [0x0000000002130000, 0x00000000023b0000, 0x0000000011130000]
 total_blobs=806 nmethods=535 adapters=185
 compilation: enabled

Compilation events (10 events):
Event: 0.288 Thread 0x000000001b786000 nmethod 532 0x000000000238e2d0 code [0x000000000238e8a0, 0x00000000023928e8]
Event: 0.288 Thread 0x000000001b786000  531       3       org.codehaus.plexus.util.xml.pull.MXParser::next (10 bytes)
Event: 0.288 Thread 0x000000001b786000 nmethod 531 0x00000000023941d0 code [0x0000000002394340, 0x00000000023944c8]
Event: 0.288 Thread 0x000000001b786000  534       3       org.codehaus.plexus.util.xml.pull.MXParser::isNameStartChar (63 bytes)
Event: 0.289 Thread 0x000000001b786000 nmethod 534 0x0000000002394550 code [0x00000000023946c0, 0x0000000002394a50]
Event: 0.289 Thread 0x000000001b786000  533       1       org.codehaus.plexus.util.xml.pull.MXParser::getEventType (5 bytes)
Event: 0.289 Thread 0x000000001b786000 nmethod 533 0x0000000002394b50 code [0x0000000002394ca0, 0x0000000002394db0]
Event: 0.289 Thread 0x000000001b786000  536       3       org.codehaus.plexus.util.xml.pull.MXParser::isWhitespace (116 bytes)
Event: 0.290 Thread 0x000000001b786000 nmethod 536 0x0000000002394e10 code [0x0000000002394fe0, 0x0000000002395808]
Event: 0.290 Thread 0x000000001b786000  537       3       org.codehaus.plexus.util.xml.pull.MXParser::nextTag (82 bytes)

GC Heap History (10 events):
Event: 0.119 GC heap before
{Heap before GC invocations=4 (full 0):
 PSYoungGen      total 1536K, used 1505K [0x000000076af80000, 0x000000076b280000, 0x00000007c0000000)
  eden space 1024K, 98% used [0x000000076af80000,0x000000076b07b730,0x000000076b080000)
  from space 512K, 97% used [0x000000076b080000,0x000000076b0fd0c8,0x000000076b100000)
  to   space 512K, 0% used [0x000000076b200000,0x000000076b200000,0x000000076b280000)
 ParOldGen       total 260608K, used 355K [0x00000006c0e00000, 0x00000006d0c80000, 0x000000076af80000)
  object space 260608K, 0% used [0x00000006c0e00000,0x00000006c0e58f58,0x00000006d0c80000)
 Metaspace       used 4112K, capacity 4940K, committed 5120K, reserved 1056768K
  class space    used 457K, capacity 504K, committed 512K, reserved 1048576K
Event: 0.120 GC heap after
Heap after GC invocations=4 (full 0):
 PSYoungGen      total 2560K, used 480K [0x000000076af80000, 0x000000076b280000, 0x00000007c0000000)
  eden space 2048K, 0% used [0x000000076af80000,0x000000076af80000,0x000000076b180000)
  from space 512K, 93% used [0x000000076b200000,0x000000076b278020,0x000000076b280000)
  to   space 512K, 0% used [0x000000076b180000,0x000000076b180000,0x000000076b200000)
 ParOldGen       total 260608K, used 654K [0x00000006c0e00000, 0x00000006d0c80000, 0x000000076af80000)
  object space 260608K, 0% used [0x00000006c0e00000,0x00000006c0ea3928,0x00000006d0c80000)
 Metaspace       used 4112K, capacity 4940K, committed 5120K, reserved 1056768K
  class space    used 457K, capacity 504K, committed 512K, reserved 1048576K
}
Event: 0.149 GC heap before
{Heap before GC invocations=5 (full 0):
 PSYoungGen      total 2560K, used 2528K [0x000000076af80000, 0x000000076b280000, 0x00000007c0000000)
  eden space 2048K, 100% used [0x000000076af80000,0x000000076b180000,0x000000076b180000)
  from space 512K, 93% used [0x000000076b200000,0x000000076b278020,0x000000076b280000)
  to   space 512K, 0% used [0x000000076b180000,0x000000076b180000,0x000000076b200000)
 ParOldGen       total 260608K, used 654K [0x00000006c0e00000, 0x00000006d0c80000, 0x000000076af80000)
  object space 260608K, 0% used [0x00000006c0e00000,0x00000006c0ea3928,0x00000006d0c80000)
 Metaspace       used 4445K, capacity 5196K, committed 5504K, reserved 1056768K
  class space    used 506K, capacity 568K, committed 640K, reserved 1048576K
Event: 0.150 GC heap after
Heap after GC invocations=5 (full 0):
 PSYoungGen      total 2560K, used 496K [0x000000076af80000, 0x000000076b580000, 0x00000007c0000000)
  eden space 2048K, 0% used [0x000000076af80000,0x000000076af80000,0x000000076b180000)
  from space 512K, 96% used [0x000000076b180000,0x000000076b1fc010,0x000000076b200000)
  to   space 1024K, 0% used [0x000000076b480000,0x000000076b480000,0x000000076b580000)
 ParOldGen       total 260608K, used 983K [0x00000006c0e00000, 0x00000006d0c80000, 0x000000076af80000)
  object space 260608K, 0% used [0x00000006c0e00000,0x00000006c0ef5e00,0x00000006d0c80000)
 Metaspace       used 4445K, capacity 5196K, committed 5504K, reserved 1056768K
  class space    used 506K, capacity 568K, committed 640K, reserved 1048576K
}
Event: 0.182 GC heap before
{Heap before GC invocations=6 (full 0):
 PSYoungGen      total 2560K, used 2544K [0x000000076af80000, 0x000000076b580000, 0x00000007c0000000)
  eden space 2048K, 100% used [0x000000076af80000,0x000000076b180000,0x000000076b180000)
  from space 512K, 96% used [0x000000076b180000,0x000000076b1fc010,0x000000076b200000)
  to   space 1024K, 0% used [0x000000076b480000,0x000000076b480000,0x000000076b580000)
 ParOldGen       total 260608K, used 983K [0x00000006c0e00000, 0x00000006d0c80000, 0x000000076af80000)
  object space 260608K, 0% used [0x00000006c0e00000,0x00000006c0ef5e00,0x00000006d0c80000)
 Metaspace       used 5005K, capacity 5516K, committed 5760K, reserved 1056768K
  class space    used 584K, capacity 632K, committed 640K, reserved 1048576K
Event: 0.183 GC heap after
Heap after GC invocations=6 (full 0):
 PSYoungGen      total 4608K, used 941K [0x000000076af80000, 0x000000076b680000, 0x00000007c0000000)
  eden space 3584K, 0% used [0x000000076af80000,0x000000076af80000,0x000000076b300000)
  from space 1024K, 91% used [0x000000076b480000,0x000000076b56b458,0x000000076b580000)
  to   space 1536K, 0% used [0x000000076b300000,0x000000076b300000,0x000000076b480000)
 ParOldGen       total 260608K, used 991K [0x00000006c0e00000, 0x00000006d0c80000, 0x000000076af80000)
  object space 260608K, 0% used [0x00000006c0e00000,0x00000006c0ef7e00,0x00000006d0c80000)
 Metaspace       used 5005K, capacity 5516K, committed 5760K, reserved 1056768K
  class space    used 584K, capacity 632K, committed 640K, reserved 1048576K
}
Event: 0.225 GC heap before
{Heap before GC invocations=7 (full 0):
 PSYoungGen      total 4608K, used 4518K [0x000000076af80000, 0x000000076b680000, 0x00000007c0000000)
  eden space 3584K, 99% used [0x000000076af80000,0x000000076b2fe510,0x000000076b300000)
  from space 1024K, 91% used [0x000000076b480000,0x000000076b56b458,0x000000076b580000)
  to   space 1536K, 0% used [0x000000076b300000,0x000000076b300000,0x000000076b480000)
 ParOldGen       total 260608K, used 991K [0x00000006c0e00000, 0x00000006d0c80000, 0x000000076af80000)
  object space 260608K, 0% used [0x00000006c0e00000,0x00000006c0ef7e00,0x00000006d0c80000)
 Metaspace       used 5670K, capacity 6060K, committed 6144K, reserved 1056768K
  class space    used 687K, capacity 728K, committed 768K, reserved 1048576K
Event: 0.226 GC heap after
Heap after GC invocations=7 (full 0):
 PSYoungGen      total 5120K, used 1043K [0x000000076af80000, 0x000000076b980000, 0x00000007c0000000)
  eden space 3584K, 0% used [0x000000076af80000,0x000000076af80000,0x000000076b300000)
  from space 1536K, 67% used [0x000000076b300000,0x000000076b404e80,0x000000076b480000)
  to   space 1536K, 0% used [0x000000076b800000,0x000000076b800000,0x000000076b980000)
 ParOldGen       total 260608K, used 1239K [0x00000006c0e00000, 0x00000006d0c80000, 0x000000076af80000)
  object space 260608K, 0% used [0x00000006c0e00000,0x00000006c0f35e50,0x00000006d0c80000)
 Metaspace       used 5670K, capacity 6060K, committed 6144K, reserved 1056768K
  class space    used 687K, capacity 728K, committed 768K, reserved 1048576K
}
Event: 0.277 GC heap before
{Heap before GC invocations=8 (full 0):
 PSYoungGen      total 5120K, used 4627K [0x000000076af80000, 0x000000076b980000, 0x00000007c0000000)
  eden space 3584K, 100% used [0x000000076af80000,0x000000076b300000,0x000000076b300000)
  from space 1536K, 67% used [0x000000076b300000,0x000000076b404e80,0x000000076b480000)
  to   space 1536K, 0% used [0x000000076b800000,0x000000076b800000,0x000000076b980000)
 ParOldGen       total 260608K, used 1239K [0x00000006c0e00000, 0x00000006d0c80000, 0x000000076af80000)
  object space 260608K, 0% used [0x00000006c0e00000,0x00000006c0f35e50,0x00000006d0c80000)
 Metaspace       used 6491K, capacity 6588K, committed 6784K, reserved 1056768K
  class space    used 803K, capacity 856K, committed 896K, reserved 1048576K
Event: 0.278 GC heap after
Heap after GC invocations=8 (full 0):
 PSYoungGen      total 8704K, used 829K [0x000000076af80000, 0x000000076b980000, 0x00000007c0000000)
  eden space 7168K, 0% used [0x000000076af80000,0x000000076af80000,0x000000076b680000)
  from space 1536K, 53% used [0x000000076b800000,0x000000076b8cf420,0x000000076b980000)
  to   space 1536K, 0% used [0x000000076b680000,0x000000076b680000,0x000000076b800000)
 ParOldGen       total 260608K, used 1423K [0x00000006c0e00000, 0x00000006d0c80000, 0x000000076af80000)
  object space 260608K, 0% used [0x00000006c0e00000,0x00000006c0f63e50,0x00000006d0c80000)
 Metaspace       used 6491K, capacity 6588K, committed 6784K, reserved 1056768K
  class space    used 803K, capacity 856K, committed 896K, reserved 1048576K
}

Deoptimization events (0 events):
No events

Internal exceptions (10 events):
Event: 0.287 Thread 0x0000000002032800 Exception <a 'java/security/PrivilegedActionException'> (0x000000076b075598) thrown at [D:\re\workspace\8-2-build-windows-amd64-cygwin\jdk8\2238\hotspot\src\share\vm\prims\jvm.cpp, line 1248]
Event: 0.289 Thread 0x0000000002032800 Exception <a 'java/security/PrivilegedActionException'> (0x000000076b07cef0) thrown at [D:\re\workspace\8-2-build-windows-amd64-cygwin\jdk8\2238\hotspot\src\share\vm\prims\jvm.cpp, line 1248]
Event: 0.289 Thread 0x0000000002032800 Exception <a 'java/security/PrivilegedActionException'> (0x000000076b07d830) thrown at [D:\re\workspace\8-2-build-windows-amd64-cygwin\jdk8\2238\hotspot\src\share\vm\prims\jvm.cpp, line 1248]
Event: 0.289 Thread 0x0000000002032800 Exception <a 'java/security/PrivilegedActionException'> (0x000000076b07e0e0) thrown at [D:\re\workspace\8-2-build-windows-amd64-cygwin\jdk8\2238\hotspot\src\share\vm\prims\jvm.cpp, line 1248]
Event: 0.290 Thread 0x0000000002032800 Exception <a 'java/security/PrivilegedActionException'> (0x000000076b081610) thrown at [D:\re\workspace\8-2-build-windows-amd64-cygwin\jdk8\2238\hotspot\src\share\vm\prims\jvm.cpp, line 1248]
Event: 0.290 Thread 0x0000000002032800 Exception <a 'java/security/PrivilegedActionException'> (0x000000076b081fd0) thrown at [D:\re\workspace\8-2-build-windows-amd64-cygwin\jdk8\2238\hotspot\src\share\vm\prims\jvm.cpp, line 1248]
Event: 0.290 Thread 0x0000000002032800 Exception <a 'java/security/PrivilegedActionException'> (0x000000076b082918) thrown at [D:\re\workspace\8-2-build-windows-amd64-cygwin\jdk8\2238\hotspot\src\share\vm\prims\jvm.cpp, line 1248]
Event: 0.290 Thread 0x0000000002032800 Exception <a 'java/security/PrivilegedActionException'> (0x000000076b086860) thrown at [D:\re\workspace\8-2-build-windows-amd64-cygwin\jdk8\2238\hotspot\src\share\vm\prims\jvm.cpp, line 1248]
Event: 0.290 Thread 0x0000000002032800 Exception <a 'java/security/PrivilegedActionException'> (0x000000076b0871f0) thrown at [D:\re\workspace\8-2-build-windows-amd64-cygwin\jdk8\2238\hotspot\src\share\vm\prims\jvm.cpp, line 1248]
Event: 0.290 Thread 0x0000000002032800 Exception <a 'java/security/PrivilegedActionException'> (0x000000076b087af0) thrown at [D:\re\workspace\8-2-build-windows-amd64-cygwin\jdk8\2238\hotspot\src\share\vm\prims\jvm.cpp, line 1248]

Events (10 events):
Event: 0.289 loading class org/sonatype/aether/impl/Installer
Event: 0.289 loading class org/sonatype/aether/impl/Installer done
Event: 0.290 loading class org/sonatype/aether/impl/LocalRepositoryProvider
Event: 0.290 loading class org/sonatype/aether/impl/LocalRepositoryProvider done
Event: 0.290 loading class org/sonatype/aether/impl/LocalRepositoryProvider
Event: 0.290 loading class org/sonatype/aether/impl/LocalRepositoryProvider done
Event: 0.290 loading class org/sonatype/aether/impl/MetadataResolver
Event: 0.290 loading class org/sonatype/aether/impl/MetadataResolver done
Event: 0.290 loading class org/sonatype/aether/impl/MetadataResolver
Event: 0.290 loading class org/sonatype/aether/impl/MetadataResolver done


Dynamic libraries:
0x00007ff6047d0000 - 0x00007ff604804000 	C:\Program Files\Java\jdk1.8.0\bin\java.exe
0x00007ffad40a0000 - 0x00007ffad424c000 	C:\Windows\SYSTEM32\ntdll.dll
0x00007ffad1b50000 - 0x00007ffad1c8e000 	C:\Windows\system32\KERNEL32.DLL
0x00007ffad14a0000 - 0x00007ffad15b5000 	C:\Windows\system32\KERNELBASE.dll
0x00007ffacfd90000 - 0x00007ffacfe1e000 	C:\Windows\system32\apphelp.dll
0x00007ffac1ff0000 - 0x00007ffac2043000 	C:\Windows\AppPatch\AppPatch64\AcGenral.DLL
0x00007ffad18a0000 - 0x00007ffad194a000 	C:\Windows\system32\msvcrt.dll
0x00007ffad1090000 - 0x00007ffad10be000 	C:\Windows\SYSTEM32\SspiCli.dll
0x00007ffad3e20000 - 0x00007ffad3e74000 	C:\Windows\system32\SHLWAPI.dll
0x00007ffad1950000 - 0x00007ffad1ac7000 	C:\Windows\system32\USER32.dll
0x00007ffad3c80000 - 0x00007ffad3e14000 	C:\Windows\system32\ole32.dll
0x00007ffad2240000 - 0x00007ffad376b000 	C:\Windows\system32\SHELL32.dll
0x00007ffad0880000 - 0x00007ffad08a1000 	C:\Windows\SYSTEM32\USERENV.dll
0x00007ffad3990000 - 0x00007ffad3a3a000 	C:\Windows\system32\ADVAPI32.dll
0x00007ffac86d0000 - 0x00007ffac86ee000 	C:\Windows\SYSTEM32\MPR.dll
0x00007ffad1e30000 - 0x00007ffad1f71000 	C:\Windows\system32\RPCRT4.dll
0x00007ffad1c90000 - 0x00007ffad1ce9000 	C:\Windows\SYSTEM32\sechost.dll
0x00007ffad3770000 - 0x00007ffad3981000 	C:\Windows\SYSTEM32\combase.dll
0x00007ffad1750000 - 0x00007ffad18a0000 	C:\Windows\system32\GDI32.dll
0x00007ffad11f0000 - 0x00007ffad1205000 	C:\Windows\SYSTEM32\profapi.dll
0x00007ffacf710000 - 0x00007ffacf7c2000 	C:\Windows\SYSTEM32\SHCORE.dll
0x00007ffad2140000 - 0x00007ffad2176000 	C:\Windows\system32\IMM32.DLL
0x00007ffad3e80000 - 0x00007ffad3fd2000 	C:\Windows\system32\MSCTF.dll
0x00007ffacec80000 - 0x00007ffaceefb000 	C:\Windows\WinSxS\amd64_microsoft.windows.common-controls_6595b64144ccf1df_6.0.9600.18006_none_623f33d3ecbe86e8\COMCTL32.dll
0x0000000065870000 - 0x0000000065942000 	C:\Program Files\Java\jdk1.8.0\jre\bin\msvcr100.dll
0x0000000065950000 - 0x000000006617a000 	C:\Program Files\Java\jdk1.8.0\jre\bin\server\jvm.dll
0x00007ffaca500000 - 0x00007ffaca509000 	C:\Windows\SYSTEM32\WSOCK32.dll
0x00007fface9b0000 - 0x00007fface9d2000 	C:\Windows\SYSTEM32\WINMM.dll
0x00007ffad1b40000 - 0x00007ffad1b47000 	C:\Windows\system32\PSAPI.DLL
0x00007ffad1ad0000 - 0x00007ffad1b2a000 	C:\Windows\system32\WS2_32.dll
0x00007fface920000 - 0x00007fface94a000 	C:\Windows\SYSTEM32\WINMMBASE.dll
0x00007ffad1f80000 - 0x00007ffad1f89000 	C:\Windows\system32\NSI.dll
0x00007ffad15c0000 - 0x00007ffad160f000 	C:\Windows\SYSTEM32\cfgmgr32.dll
0x00007ffacffe0000 - 0x00007ffad0008000 	C:\Windows\SYSTEM32\DEVOBJ.dll
0x0000000066a10000 - 0x0000000066a1f000 	C:\Program Files\Java\jdk1.8.0\jre\bin\verify.dll
0x0000000065840000 - 0x0000000065868000 	C:\Program Files\Java\jdk1.8.0\jre\bin\java.dll
0x0000000065820000 - 0x0000000065836000 	C:\Program Files\Java\jdk1.8.0\jre\bin\zip.dll
0x00007ffac3650000 - 0x00007ffac37d9000 	C:\Windows\SYSTEM32\dbghelp.dll

VM Arguments:
jvm_args: -Dclassworlds.conf=C:\Program Files\NetBeans 8.0\java\maven\bin\m2.conf -Dmaven.home=C:\Program Files\NetBeans 8.0\java\maven 
java_command: org.codehaus.plexus.classworlds.launcher.Launcher -Dmaven.ext.class.path=C:\Program Files\NetBeans 8.0\java\maven-nblib\netbeans-eventspy.jar -Dfile.encoding=UTF-8 -Pprovisional-build install
java_class_path (initial): C:\Program Files\NetBeans 8.0\java\maven\boot\plexus-classworlds-2.4.jar
Launcher Type: SUN_STANDARD

Environment Variables:
JAVA_HOME=C:\Program Files\Java\jdk1.8.0
PATH=C:\Program Files (x86)\NVIDIA Corporation\PhysX\Common;C:\Program Files\Broadcom\Broadcom 802.11 Network Adapter;C:\Program Files (x86)\Intel\iCLS Client\;C:\Program Files\Intel\iCLS Client\;C:\Windows\system32;C:\Windows;C:\Windows\System32\Wbem;C:\Windows\System32\WindowsPowerShell\v1.0\;C:\Program Files (x86)\ATI Technologies\ATI.ACE\Core-Static;C:\Program Files\Intel\Intel(R) Management Engine Components\DAL;C:\Program Files\Intel\Intel(R) Management Engine Components\IPT;C:\Program Files (x86)\Intel\Intel(R) Management Engine Components\DAL;C:\Program Files (x86)\Intel\Intel(R) Management Engine Components\IPT;C:\Program Files\WIDCOMM\Bluetooth Software\;C:\Program Files\WIDCOMM\Bluetooth Software\syswow64;C:\cygwin\bin;C:\Program Files (x86)\Git\cmd;C:\Program Files (x86)\Git\bin;C:\Program Files (x86)\AMD\ATI.ACE\Core-Static;C:\Program Files (x86)\Skype\Phone\;C:\Program Files (x86)\QuickTime\QTSystem\;c:\Program Files (x86)\Common Files\Adobe\AGL;C:\Program Files (x86)\Nmap
USERNAME=Cailin
OS=Windows_NT
PROCESSOR_IDENTIFIER=Intel64 Family 6 Model 60 Stepping 3, GenuineIntel



---------------  S Y S T E M  ---------------

OS: Windows 8.1 , 64 bit Build 9600 

CPU:total 4 (4 cores per cpu, 1 threads per core) family 6 model 60 stepping 3, cmov, cx8, fxsr, mmx, sse, sse2, sse3, ssse3, sse4.1, sse4.2, popcnt, avx, avx2, aes, clmul, erms, tsc, tscinvbit

Memory: 4k page, physical 16713256k(8194020k free), swap 19203624k(11829688k free)

vm_info: Java HotSpot(TM) 64-Bit Server VM (25.0-b70) for windows-amd64 JRE (1.8.0-b132), built on Mar  4 2014 03:46:18 by "java_re" with MS VC++ 10.0 (VS2010)

time: Fri Jan 29 23:50:15 2016
elapsed time: 0 seconds

