#
# A fatal error has been detected by the Java Runtime Environment:
#
#  EXCEPTION_ACCESS_VIOLATION (0xc0000005) at pc=0x00000000022cd636, pid=8044, tid=6580
#
# JRE version: Java(TM) SE Runtime Environment (8.0-b132) (build 1.8.0-b132)
# Java VM: Java HotSpot(TM) 64-Bit Server VM (25.0-b70 mixed mode windows-amd64 compressed oops)
# Problematic frame:
# v  ~BufferBlob::vtable chunks
#
# Failed to write core dump. Minidumps are not enabled by default on client versions of Windows
#
# If you would like to submit a bug report, please visit:
#   http://bugreport.sun.com/bugreport/crash.jsp
#

---------------  T H R E A D  ---------------

Current thread (0x00000000021a4800):  JavaThread "Finalizer" daemon [_thread_in_Java, id=6580, stack(0x000000001ca70000,0x000000001cb70000)]

siginfo: ExceptionCode=0xc0000005, reading address 0xffffffffffffffff

Registers:
RAX=0x000000077ffad958, RBX=0xefff5b64efff5b96, RCX=0x000000077ffd4650, RDX=0x000000077ffa9d60
RSP=0x000000001cb6ecc8, RBP=0x000000001cb6edf0, RSI=0x00000006c1aa96e8, RDI=0x00000007c023c640
R8 =0x000000077ffa99b0, R9 =0x00000000f8047342, R10=0x00000000efff53ac, R11=0x00000000efff5336
R12=0x0000000000000000, R13=0x000000001cb6ed90, R14=0x0000000021f7be90, R15=0x00000000021a4800
RIP=0x00000000022cd636, EFLAGS=0x0000000000010202

Top of Stack: (sp=0x000000001cb6ecc8)
0x000000001cb6ecc8:   00000000030918d8 0000000000000000
0x000000001cb6ecd8:   0000000000000000 00000000021a4800
0x000000001cb6ece8:   0000000000000000 000000077ffd4650
0x000000001cb6ecf8:   000000076b69efb8 000000001cb6eda0
0x000000001cb6ed08:   0000000065ac102c 00000000021a56a8
0x000000001cb6ed18:   00000000021a4800 00000000021a4800
0x000000001cb6ed28:   00000000021a49e0 0000000000000000
0x000000001cb6ed38:   0000000000000000 00000006c1ac5160
0x000000001cb6ed48:   000000006584828a 000000001cb6eda0
0x000000001cb6ed58:   00000007c0229990 000000077ffd3de8
0x000000001cb6ed68:   00000007c001e2e8 000000001cb6edf0
0x000000001cb6ed78:   00000000021b6d00 000000001cb6edf0
0x000000001cb6ed88:   00000000021b6d00 000000076b69efb8
0x000000001cb6ed98:   000000077ffd4650 0000000000000009
0x000000001cb6eda8:   000000077ffd3de8 000000001cb6eda0
0x000000001cb6edb8:   0000000021bae497 000000001cb6ee30 

Instructions: (pc=0x00000000022cd636)
0x00000000022cd616:   00 00 00 00 00 00 00 00 00 00 01 00 0e 00 00 00
0x00000000022cd626:   01 00 8b 42 08 48 c1 e0 03 48 8b 98 c0 01 00 00
0x00000000022cd636:   ff 63 40 00 00 00 00 00 00 00 00 00 00 00 00 00
0x00000000022cd646:   00 00 00 00 00 00 00 00 00 00 00 00 00 00 00 00 


Register to memory mapping:

RAX=0x000000077ffad958 is an oop
org.mockito.internal.creation.cglib.CGLIBHacker 
 - klass: 'org/mockito/internal/creation/cglib/CGLIBHacker'
RBX=0xefff5b64efff5b96 is an unknown value
RCX=0x000000077ffd4650 is an oop
org.mockito.internal.stubbing.StubbedInvocationMatcher 
 - klass: 'org/mockito/internal/stubbing/StubbedInvocationMatcher'
RDX=0x000000077ffa9d60 is an unknown value
RSP=0x000000001cb6ecc8 is pointing into the stack for thread: 0x00000000021a4800
RBP=0x000000001cb6edf0 is pointing into the stack for thread: 0x00000000021a4800
RSI=0x00000006c1aa96e8 is an oop
org.mockito.cglib.proxy.MethodProxy 
 - klass: 'org/mockito/cglib/proxy/MethodProxy'
RDI=0x00000007c023c640 is an unknown value
R8 =0x000000077ffa99b0 is an oop
com.laytonsmith.abstraction.MCPlayer$$EnhancerByMockitoWithCGLIB$$4c7b9e78 
 - klass: 'com/laytonsmith/abstraction/MCPlayer$$EnhancerByMockitoWithCGLIB$$4c7b9e78'
R9 =0x00000000f8047342 is an unknown value
R10=0x00000000efff53ac is an unknown value
R11=0x00000000efff5336 is an unknown value
R12=0x0000000000000000 is an unknown value
R13=0x000000001cb6ed90 is pointing into the stack for thread: 0x00000000021a4800
R14=0x0000000021f7be90 is an unknown value
R15=0x00000000021a4800 is a thread


Stack: [0x000000001ca70000,0x000000001cb70000],  sp=0x000000001cb6ecc8,  free space=1019k
Native frames: (J=compiled Java code, j=interpreted, Vv=VM code, C=native code)
C  0x00000000022cd636


---------------  P R O C E S S  ---------------

Java Threads: ( => current thread )
  0x000000001f848800 JavaThread "MethodScript-arraySortAsync-2" [_thread_blocked, id=6012, stack(0x0000000023830000,0x0000000023930000)]
  0x0000000022654000 JavaThread "ReadWriteFileConnection-.\folder\default.json" daemon [_thread_blocked, id=3976, stack(0x0000000024d30000,0x0000000024e30000)]
  0x0000000022653000 JavaThread "ReadWriteFileConnection-.\folder\persistence.json" daemon [_thread_blocked, id=6776, stack(0x0000000023730000,0x0000000023830000)]
  0x0000000022650000 JavaThread "ReadWriteFileConnection-.\folder\other.json" daemon [_thread_blocked, id=7292, stack(0x0000000023630000,0x0000000023730000)]
  0x000000001ed75800 JavaThread "Abandoned connection cleanup thread" daemon [_thread_blocked, id=8144, stack(0x0000000022380000,0x0000000022480000)]
  0x000000001ff6b000 JavaThread "MemoryMapWriter-C:\Users\Cailin\Documents\NetBeansProjects\CommandHelper\folder\default.ser" [_thread_blocked, id=7852, stack(0x0000000022280000,0x0000000022380000)]
  0x00000000216fb800 JavaThread "SerializedPersistenceQueue-1" [_thread_blocked, id=7484, stack(0x0000000021cc0000,0x0000000021dc0000)]
  0x000000001f8cf800 JavaThread "ReadWriteFileConnection-.\folder\default.json" daemon [_thread_blocked, id=5116, stack(0x000000001f120000,0x000000001f220000)]
  0x000000001d005800 JavaThread "Service Thread" daemon [_thread_blocked, id=7020, stack(0x000000001d750000,0x000000001d850000)]
  0x000000001cf1e000 JavaThread "C1 CompilerThread2" daemon [_thread_blocked, id=6644, stack(0x000000001d650000,0x000000001d750000)]
  0x000000001cf1d800 JavaThread "C2 CompilerThread1" daemon [_thread_blocked, id=7460, stack(0x000000001d550000,0x000000001d650000)]
  0x000000001cf58000 JavaThread "C2 CompilerThread0" daemon [_thread_blocked, id=7488, stack(0x000000001d450000,0x000000001d550000)]
  0x000000001b7fa800 JavaThread "Attach Listener" daemon [_thread_blocked, id=5396, stack(0x000000001cc70000,0x000000001cd70000)]
  0x000000001b7fa000 JavaThread "Signal Dispatcher" daemon [_thread_blocked, id=8004, stack(0x000000001cb70000,0x000000001cc70000)]
=>0x00000000021a4800 JavaThread "Finalizer" daemon [_thread_in_Java, id=6580, stack(0x000000001ca70000,0x000000001cb70000)]
  0x000000000219b800 JavaThread "Reference Handler" daemon [_thread_blocked, id=3416, stack(0x000000001c970000,0x000000001ca70000)]
  0x0000000001dde000 JavaThread "main" [_thread_in_vm, id=7872, stack(0x0000000001de0000,0x0000000001ee0000)]

Other Threads:
  0x000000001b7c5800 VMThread [stack: 0x000000001c870000,0x000000001c970000] [id=6920]
  0x000000001cf58800 WatcherThread [stack: 0x000000001d850000,0x000000001d950000] [id=6448]

VM state:not at safepoint (normal execution)

VM Mutex/Monitor currently owned by a thread: None

Heap:
 PSYoungGen      total 351232K, used 26684K [0x000000076af80000, 0x0000000782180000, 0x00000007c0000000)
  eden space 341504K, 6% used [0x000000076af80000,0x000000076c409f70,0x000000077fd00000)
  from space 9728K, 58% used [0x000000077fd00000,0x0000000780285318,0x0000000780680000)
  to   space 9216K, 0% used [0x0000000781880000,0x0000000781880000,0x0000000782180000)
 ParOldGen       total 38912K, used 23805K [0x00000006c0e00000, 0x00000006c3400000, 0x000000076af80000)
  object space 38912K, 61% used [0x00000006c0e00000,0x00000006c253f660,0x00000006c3400000)
 Metaspace       used 28982K, capacity 29472K, committed 29696K, reserved 1075200K
  class space    used 3351K, capacity 3480K, committed 3584K, reserved 1048576K

Card table byte_map: [0x0000000011570000,0x0000000011d70000] byte_map_base: 0x000000000df69000

Marking Bits: (ParMarkBitMap*) 0x00000000661013b0
 Begin Bits: [0x00000000126d0000, 0x0000000016698000)
 End Bits:   [0x0000000016698000, 0x000000001a660000)

Polling page: 0x00000000004c0000

CodeCache: size=245760Kb used=17655Kb max_used=17666Kb free=228104Kb
 bounds [0x00000000021b0000, 0x0000000003350000, 0x00000000111b0000]
 total_blobs=4894 nmethods=4476 adapters=330
 compilation: enabled

Compilation events (10 events):
Event: 13.865 Thread 0x000000001cf1e000 5738       3       java.math.BigInteger::<init> (82 bytes)
Event: 13.865 Thread 0x000000001cf1e000 nmethod 5738 0x0000000002476a90 code [0x0000000002476c60, 0x0000000002477378]
Event: 13.866 Thread 0x000000001cf1e000 5741       3       sun.security.jca.GetInstance::checkSuperClass (68 bytes)
Event: 13.866 Thread 0x000000001cf1e000 nmethod 5741 0x0000000003122f50 code [0x00000000031231a0, 0x0000000003124088]
Event: 13.866 Thread 0x000000001cf1e000 5739       3       com.sun.crypto.provider.HmacCore::$jacocoInit (52 bytes)
Event: 13.866 Thread 0x000000001cf1e000 nmethod 5739 0x0000000002476790 code [0x00000000024768e0, 0x0000000002476a30]
Event: 13.866 Thread 0x000000001cf1e000 5740  s!   3       sun.security.jca.ProviderConfig::getProvider (115 bytes)
Event: 13.867 Thread 0x000000001cf1e000 nmethod 5740 0x0000000002475a50 code [0x0000000002475c00, 0x0000000002476488]
Event: 13.867 Thread 0x000000001cf58000 5742       4       java.util.regex.Pattern$Ctype::isSatisfiedBy (24 bytes)
Event: 13.868 Thread 0x000000001cf58000 nmethod 5742 0x00000000024034d0 code [0x0000000002403600, 0x00000000024036b8]

GC Heap History (10 events):
Event: 12.822 GC heap before
{Heap before GC invocations=89 (full 24):
 PSYoungGen      total 316928K, used 310624K [0x000000076af80000, 0x000000077f080000, 0x00000007c0000000)
  eden space 306176K, 100% used [0x000000076af80000,0x000000077da80000,0x000000077da80000)
  from space 10752K, 41% used [0x000000077e600000,0x000000077ea58000,0x000000077f080000)
  to   space 11264K, 0% used [0x000000077da80000,0x000000077da80000,0x000000077e580000)
 ParOldGen       total 38912K, used 23149K [0x00000006c0e00000, 0x00000006c3400000, 0x000000076af80000)
  object space 38912K, 59% used [0x00000006c0e00000,0x00000006c249b660,0x00000006c3400000)
 Metaspace       used 28852K, capacity 29238K, committed 29568K, reserved 1075200K
  class space    used 3337K, capacity 3409K, committed 3456K, reserved 1048576K
Event: 12.829 GC heap after
Heap after GC invocations=89 (full 24):
 PSYoungGen      total 317440K, used 4928K [0x000000076af80000, 0x0000000780100000, 0x00000007c0000000)
  eden space 306176K, 0% used [0x000000076af80000,0x000000076af80000,0x000000077da80000)
  from space 11264K, 43% used [0x000000077da80000,0x000000077df50000,0x000000077e580000)
  to   space 10752K, 0% used [0x000000077f680000,0x000000077f680000,0x0000000780100000)
 ParOldGen       total 38912K, used 23189K [0x00000006c0e00000, 0x00000006c3400000, 0x000000076af80000)
  object space 38912K, 59% used [0x00000006c0e00000,0x00000006c24a5660,0x00000006c3400000)
 Metaspace       used 28852K, capacity 29238K, committed 29568K, reserved 1075200K
  class space    used 3337K, capacity 3409K, committed 3456K, reserved 1048576K
}
Event: 13.073 GC heap before
{Heap before GC invocations=90 (full 24):
 PSYoungGen      total 317440K, used 311104K [0x000000076af80000, 0x0000000780100000, 0x00000007c0000000)
  eden space 306176K, 100% used [0x000000076af80000,0x000000077da80000,0x000000077da80000)
  from space 11264K, 43% used [0x000000077da80000,0x000000077df50000,0x000000077e580000)
  to   space 10752K, 0% used [0x000000077f680000,0x000000077f680000,0x0000000780100000)
 ParOldGen       total 38912K, used 23189K [0x00000006c0e00000, 0x00000006c3400000, 0x000000076af80000)
  object space 38912K, 59% used [0x00000006c0e00000,0x00000006c24a5660,0x00000006c3400000)
 Metaspace       used 28875K, capacity 29314K, committed 29568K, reserved 1075200K
  class space    used 3340K, capacity 3411K, committed 3456K, reserved 1048576K
Event: 13.081 GC heap after
Heap after GC invocations=90 (full 24):
 PSYoungGen      total 332800K, used 4992K [0x000000076af80000, 0x000000077ff80000, 0x00000007c0000000)
  eden space 323584K, 0% used [0x000000076af80000,0x000000076af80000,0x000000077eb80000)
  from space 9216K, 54% used [0x000000077f680000,0x000000077fb60000,0x000000077ff80000)
  to   space 10240K, 0% used [0x000000077eb80000,0x000000077eb80000,0x000000077f580000)
 ParOldGen       total 38912K, used 23261K [0x00000006c0e00000, 0x00000006c3400000, 0x000000076af80000)
  object space 38912K, 59% used [0x00000006c0e00000,0x00000006c24b7660,0x00000006c3400000)
 Metaspace       used 28875K, capacity 29314K, committed 29568K, reserved 1075200K
  class space    used 3340K, capacity 3411K, committed 3456K, reserved 1048576K
}
Event: 13.346 GC heap before
{Heap before GC invocations=91 (full 24):
 PSYoungGen      total 332800K, used 328576K [0x000000076af80000, 0x000000077ff80000, 0x00000007c0000000)
  eden space 323584K, 100% used [0x000000076af80000,0x000000077eb80000,0x000000077eb80000)
  from space 9216K, 54% used [0x000000077f680000,0x000000077fb60000,0x000000077ff80000)
  to   space 10240K, 0% used [0x000000077eb80000,0x000000077eb80000,0x000000077f580000)
 ParOldGen       total 38912K, used 23261K [0x00000006c0e00000, 0x00000006c3400000, 0x000000076af80000)
  object space 38912K, 59% used [0x00000006c0e00000,0x00000006c24b7660,0x00000006c3400000)
 Metaspace       used 28889K, capacity 29320K, committed 29568K, reserved 1075200K
  class space    used 3341K, capacity 3412K, committed 3456K, reserved 1048576K
Event: 13.354 GC heap after
Heap after GC invocations=91 (full 24):
 PSYoungGen      total 333824K, used 5140K [0x000000076af80000, 0x0000000781080000, 0x00000007c0000000)
  eden space 323584K, 0% used [0x000000076af80000,0x000000076af80000,0x000000077eb80000)
  from space 10240K, 50% used [0x000000077eb80000,0x000000077f085010,0x000000077f580000)
  to   space 9728K, 0% used [0x0000000780700000,0x0000000780700000,0x0000000781080000)
 ParOldGen       total 38912K, used 23357K [0x00000006c0e00000, 0x00000006c3400000, 0x000000076af80000)
  object space 38912K, 60% used [0x00000006c0e00000,0x00000006c24cf660,0x00000006c3400000)
 Metaspace       used 28889K, capacity 29320K, committed 29568K, reserved 1075200K
  class space    used 3341K, capacity 3412K, committed 3456K, reserved 1048576K
}
Event: 13.605 GC heap before
{Heap before GC invocations=92 (full 24):
 PSYoungGen      total 333824K, used 328724K [0x000000076af80000, 0x0000000781080000, 0x00000007c0000000)
  eden space 323584K, 100% used [0x000000076af80000,0x000000077eb80000,0x000000077eb80000)
  from space 10240K, 50% used [0x000000077eb80000,0x000000077f085010,0x000000077f580000)
  to   space 9728K, 0% used [0x0000000780700000,0x0000000780700000,0x0000000781080000)
 ParOldGen       total 38912K, used 23357K [0x00000006c0e00000, 0x00000006c3400000, 0x000000076af80000)
  object space 38912K, 60% used [0x00000006c0e00000,0x00000006c24cf660,0x00000006c3400000)
 Metaspace       used 28910K, capacity 29384K, committed 29696K, reserved 1075200K
  class space    used 3344K, capacity 3476K, committed 3584K, reserved 1048576K
Event: 13.612 GC heap after
Heap after GC invocations=92 (full 24):
 PSYoungGen      total 350720K, used 4628K [0x000000076af80000, 0x0000000781000000, 0x00000007c0000000)
  eden space 341504K, 0% used [0x000000076af80000,0x000000076af80000,0x000000077fd00000)
  from space 9216K, 50% used [0x0000000780700000,0x0000000780b85010,0x0000000781000000)
  to   space 9728K, 0% used [0x000000077fd00000,0x000000077fd00000,0x0000000780680000)
 ParOldGen       total 38912K, used 23405K [0x00000006c0e00000, 0x00000006c3400000, 0x000000076af80000)
  object space 38912K, 60% used [0x00000006c0e00000,0x00000006c24db660,0x00000006c3400000)
 Metaspace       used 28910K, capacity 29384K, committed 29696K, reserved 1075200K
  class space    used 3344K, capacity 3476K, committed 3584K, reserved 1048576K
}
Event: 13.895 GC heap before
{Heap before GC invocations=93 (full 24):
 PSYoungGen      total 350720K, used 346132K [0x000000076af80000, 0x0000000781000000, 0x00000007c0000000)
  eden space 341504K, 100% used [0x000000076af80000,0x000000077fd00000,0x000000077fd00000)
  from space 9216K, 50% used [0x0000000780700000,0x0000000780b85010,0x0000000781000000)
  to   space 9728K, 0% used [0x000000077fd00000,0x000000077fd00000,0x0000000780680000)
 ParOldGen       total 38912K, used 23405K [0x00000006c0e00000, 0x00000006c3400000, 0x000000076af80000)
  object space 38912K, 60% used [0x00000006c0e00000,0x00000006c24db660,0x00000006c3400000)
 Metaspace       used 28982K, capacity 29472K, committed 29696K, reserved 1075200K
  class space    used 3351K, capacity 3480K, committed 3584K, reserved 1048576K
Event: 13.904 GC heap after
Heap after GC invocations=93 (full 24):
 PSYoungGen      total 351232K, used 5652K [0x000000076af80000, 0x0000000782180000, 0x00000007c0000000)
  eden space 341504K, 0% used [0x000000076af80000,0x000000076af80000,0x000000077fd00000)
  from space 9728K, 58% used [0x000000077fd00000,0x0000000780285318,0x0000000780680000)
  to   space 9216K, 0% used [0x0000000781880000,0x0000000781880000,0x0000000782180000)
 ParOldGen       total 38912K, used 23805K [0x00000006c0e00000, 0x00000006c3400000, 0x000000076af80000)
  object space 38912K, 61% used [0x00000006c0e00000,0x00000006c253f660,0x00000006c3400000)
 Metaspace       used 28982K, capacity 29472K, committed 29696K, reserved 1075200K
  class space    used 3351K, capacity 3480K, committed 3584K, reserved 1048576K
}

Deoptimization events (10 events):
Event: 10.872 Thread 0x0000000001dde000 Uncommon trap: reason=class_check action=maybe_recompile pc=0x00000000032fb928 method=java.util.HashSet.add(Ljava/lang/Object;)Z @ 8
Event: 10.872 Thread 0x0000000001dde000 Uncommon trap: reason=class_check action=maybe_recompile pc=0x00000000032fb928 method=java.util.HashSet.add(Ljava/lang/Object;)Z @ 8
Event: 10.874 Thread 0x0000000001dde000 Uncommon trap: reason=class_check action=maybe_recompile pc=0x00000000032fb928 method=java.util.HashSet.add(Ljava/lang/Object;)Z @ 8
Event: 10.874 Thread 0x0000000001dde000 Uncommon trap: reason=class_check action=maybe_recompile pc=0x00000000032fb928 method=java.util.HashSet.add(Ljava/lang/Object;)Z @ 8
Event: 11.057 Thread 0x0000000001dde000 Uncommon trap: reason=class_check action=maybe_recompile pc=0x00000000024a1788 method=com.laytonsmith.core.functions.BasicLogic$sequals.exec(Lcom/laytonsmith/core/constructs/Target;Lcom/laytonsmith/core/environments/Environment;[Lcom/laytonsmith/core/constâSí&@
Event: 11.058 Thread 0x0000000001dde000 Uncommon trap: reason=class_check action=maybe_recompile pc=0x00000000024a1788 method=com.laytonsmith.core.functions.BasicLogic$sequals.exec(Lcom/laytonsmith/core/constructs/Target;Lcom/laytonsmith/core/environments/Environment;[Lcom/laytonsmith/core/const”	^Añ&@
Event: 11.058 Thread 0x0000000001dde000 Uncommon trap: reason=class_check action=maybe_recompile pc=0x00000000024a1788 method=com.laytonsmith.core.functions.BasicLogic$sequals.exec(Lcom/laytonsmith/core/constructs/Target;Lcom/laytonsmith/core/environments/Environment;[Lcom/laytonsmith/core/constsí·üò&@
Event: 11.058 Thread 0x0000000001dde000 Uncommon trap: reason=class_check action=maybe_recompile pc=0x00000000024a1788 method=com.laytonsmith.core.functions.BasicLogic$sequals.exec(Lcom/laytonsmith/core/constructs/Target;Lcom/laytonsmith/core/environments/Environment;[Lcom/laytonsmith/core/conste±¶jI&@
Event: 11.143 Thread 0x0000000001dde000 Uncommon trap: reason=unloaded action=reinterpret pc=0x0000000002636874 method=java.lang.String.substring(II)Ljava/lang/String; @ 4
Event: 12.395 Thread 0x0000000001dde000 Uncommon trap: reason=unloaded action=reinterpret pc=0x000000000260fcc0 method=java.nio.Buffer.nextGetIndex(I)I @ 13

Internal exceptions (10 events):
Event: 12.961 Thread 0x0000000001dde000 Exception <a 'java/lang/ArrayIndexOutOfBoundsException': 4> (0x00000007754b6ea8) thrown at [D:\re\workspace\8-2-build-windows-amd64-cygwin\jdk8\2238\hotspot\src\share\vm\interpreter\interpreterRuntime.cpp, line 337]
Event: 12.961 Thread 0x0000000001dde000 Exception <a 'java/lang/ArrayIndexOutOfBoundsException': 4> (0x00000007754b8bd8) thrown at [D:\re\workspace\8-2-build-windows-amd64-cygwin\jdk8\2238\hotspot\src\share\vm\interpreter\interpreterRuntime.cpp, line 337]
Event: 12.961 Thread 0x0000000001dde000 Exception <a 'java/lang/ArrayIndexOutOfBoundsException': 4> (0x00000007754b9668) thrown at [D:\re\workspace\8-2-build-windows-amd64-cygwin\jdk8\2238\hotspot\src\share\vm\interpreter\interpreterRuntime.cpp, line 337]
Event: 12.961 Thread 0x0000000001dde000 Exception <a 'java/lang/ArrayIndexOutOfBoundsException': 4> (0x00000007754ba0f8) thrown at [D:\re\workspace\8-2-build-windows-amd64-cygwin\jdk8\2238\hotspot\src\share\vm\interpreter\interpreterRuntime.cpp, line 337]
Event: 13.253 Thread 0x0000000001dde000 Exception <a 'java/security/PrivilegedActionException'> (0x0000000777d665c0) thrown at [D:\re\workspace\8-2-build-windows-amd64-cygwin\jdk8\2238\hotspot\src\share\vm\prims\jvm.cpp, line 1248]
Event: 13.407 Thread 0x0000000001dde000 Exception <a 'java/security/PrivilegedActionException'> (0x000000076f08c4d8) thrown at [D:\re\workspace\8-2-build-windows-amd64-cygwin\jdk8\2238\hotspot\src\share\vm\prims\jvm.cpp, line 1248]
Event: 13.632 Thread 0x0000000001dde000 Exception <a 'java/security/PrivilegedActionException'> (0x000000076c66dc20) thrown at [D:\re\workspace\8-2-build-windows-amd64-cygwin\jdk8\2238\hotspot\src\share\vm\prims\jvm.cpp, line 1248]
Event: 13.698 Thread 0x0000000001dde000 Exception <a 'java/security/PrivilegedActionException'> (0x0000000770f87f80) thrown at [D:\re\workspace\8-2-build-windows-amd64-cygwin\jdk8\2238\hotspot\src\share\vm\prims\jvm.cpp, line 1248]
Event: 13.699 Thread 0x0000000001dde000 Exception <a 'java/security/PrivilegedActionException'> (0x0000000770fa1e88) thrown at [D:\re\workspace\8-2-build-windows-amd64-cygwin\jdk8\2238\hotspot\src\share\vm\prims\jvm.cpp, line 1248]
Event: 13.700 Thread 0x0000000001dde000 Exception <a 'java/security/PrivilegedActionException'> (0x0000000770fdd800) thrown at [D:\re\workspace\8-2-build-windows-amd64-cygwin\jdk8\2238\hotspot\src\share\vm\prims\jvm.cpp, line 1248]

Events (10 events):
Event: 13.698 loading class com/laytonsmith/core/taskmanager/CoreTaskType done
Event: 13.699 loading class com/laytonsmith/core/taskmanager/TaskState
Event: 13.699 loading class com/laytonsmith/core/taskmanager/TaskState done
Event: 13.700 loading class com/laytonsmith/core/functions/TaskHandling
Event: 13.700 loading class com/laytonsmith/core/functions/TaskHandling done
Event: 13.712 Executing VM operation: RevokeBias
Event: 13.712 Executing VM operation: RevokeBias done
Event: 13.763 Thread 0x00000000201e3800 Thread exited: 0x00000000201e3800
Event: 13.895 Executing VM operation: ParallelGCFailedAllocation
Event: 13.904 Executing VM operation: ParallelGCFailedAllocation done


Dynamic libraries:
0x00007ff76b780000 - 0x00007ff76b7b4000 	C:\Program Files\Java\jdk1.8.0\jre\bin\java.exe
0x00007ffad40a0000 - 0x00007ffad424c000 	C:\Windows\SYSTEM32\ntdll.dll
0x00007ffad1b50000 - 0x00007ffad1c8e000 	C:\Windows\system32\KERNEL32.DLL
0x00007ffad14a0000 - 0x00007ffad15b5000 	C:\Windows\system32\KERNELBASE.dll
0x00007ffacfd90000 - 0x00007ffacfe1e000 	C:\Windows\system32\apphelp.dll
0x00007ffac1e50000 - 0x00007ffac1ea3000 	C:\Windows\AppPatch\AppPatch64\AcGenral.DLL
0x00007ffad18a0000 - 0x00007ffad194a000 	C:\Windows\system32\msvcrt.dll
0x00007ffad1090000 - 0x00007ffad10be000 	C:\Windows\SYSTEM32\SspiCli.dll
0x00007ffad3e20000 - 0x00007ffad3e74000 	C:\Windows\system32\SHLWAPI.dll
0x00007ffad1950000 - 0x00007ffad1ac7000 	C:\Windows\system32\USER32.dll
0x00007ffad3c80000 - 0x00007ffad3e14000 	C:\Windows\system32\ole32.dll
0x00007ffad2240000 - 0x00007ffad376b000 	C:\Windows\system32\SHELL32.dll
0x00007ffad0880000 - 0x00007ffad08a1000 	C:\Windows\SYSTEM32\USERENV.dll
0x00007ffad3990000 - 0x00007ffad3a3a000 	C:\Windows\system32\ADVAPI32.dll
0x00007ffac86d0000 - 0x00007ffac86ee000 	C:\Windows\SYSTEM32\MPR.dll
0x00007ffad1e30000 - 0x00007ffad1f71000 	C:\Windows\system32\RPCRT4.dll
0x00007ffad1c90000 - 0x00007ffad1ce9000 	C:\Windows\SYSTEM32\sechost.dll
0x00007ffad3770000 - 0x00007ffad3981000 	C:\Windows\SYSTEM32\combase.dll
0x00007ffad1750000 - 0x00007ffad18a0000 	C:\Windows\system32\GDI32.dll
0x00007ffad11f0000 - 0x00007ffad1205000 	C:\Windows\SYSTEM32\profapi.dll
0x00007ffacf710000 - 0x00007ffacf7c2000 	C:\Windows\SYSTEM32\SHCORE.dll
0x00007ffad2140000 - 0x00007ffad2176000 	C:\Windows\system32\IMM32.DLL
0x00007ffad3e80000 - 0x00007ffad3fd2000 	C:\Windows\system32\MSCTF.dll
0x00007ffacec80000 - 0x00007ffaceefb000 	C:\Windows\WinSxS\amd64_microsoft.windows.common-controls_6595b64144ccf1df_6.0.9600.18006_none_623f33d3ecbe86e8\COMCTL32.dll
0x0000000065870000 - 0x0000000065942000 	C:\Program Files\Java\jdk1.8.0\jre\bin\msvcr100.dll
0x0000000065950000 - 0x000000006617a000 	C:\Program Files\Java\jdk1.8.0\jre\bin\server\jvm.dll
0x00007ffaca500000 - 0x00007ffaca509000 	C:\Windows\SYSTEM32\WSOCK32.dll
0x00007fface9b0000 - 0x00007fface9d2000 	C:\Windows\SYSTEM32\WINMM.dll
0x00007ffad1b40000 - 0x00007ffad1b47000 	C:\Windows\system32\PSAPI.DLL
0x00007ffad1ad0000 - 0x00007ffad1b2a000 	C:\Windows\system32\WS2_32.dll
0x00007fface920000 - 0x00007fface94a000 	C:\Windows\SYSTEM32\WINMMBASE.dll
0x00007ffad1f80000 - 0x00007ffad1f89000 	C:\Windows\system32\NSI.dll
0x00007ffad15c0000 - 0x00007ffad160f000 	C:\Windows\SYSTEM32\cfgmgr32.dll
0x00007ffacffe0000 - 0x00007ffad0008000 	C:\Windows\SYSTEM32\DEVOBJ.dll
0x0000000066a10000 - 0x0000000066a1f000 	C:\Program Files\Java\jdk1.8.0\jre\bin\verify.dll
0x0000000065840000 - 0x0000000065868000 	C:\Program Files\Java\jdk1.8.0\jre\bin\java.dll
0x0000000063560000 - 0x0000000063583000 	C:\Program Files\Java\jdk1.8.0\jre\bin\instrument.dll
0x0000000065820000 - 0x0000000065836000 	C:\Program Files\Java\jdk1.8.0\jre\bin\zip.dll
0x0000000065800000 - 0x000000006581a000 	C:\Program Files\Java\jdk1.8.0\jre\bin\net.dll
0x00007ffad0a00000 - 0x00007ffad0a59000 	C:\Windows\system32\mswsock.dll
0x00007ffac2470000 - 0x00007ffac2485000 	C:\Windows\system32\napinsp.dll
0x00007ffac2450000 - 0x00007ffac246a000 	C:\Windows\system32\pnrpnsp.dll
0x00007fface720000 - 0x00007fface73b000 	C:\Windows\system32\NLAapi.dll
0x00007ffad0720000 - 0x00007ffad07c4000 	C:\Windows\SYSTEM32\DNSAPI.dll
0x00007ffaca630000 - 0x00007ffaca63d000 	C:\Windows\System32\winrnr.dll
0x00007ffac2490000 - 0x00007ffac24a4000 	C:\Windows\system32\wshbth.dll
0x0000000067620000 - 0x0000000067646000 	C:\Program Files\Bonjour\mdnsNSP.dll
0x00007ffacbc00000 - 0x00007ffacbc2a000 	C:\Windows\SYSTEM32\Iphlpapi.DLL
0x00007ffacbbe0000 - 0x00007ffacbbea000 	C:\Windows\SYSTEM32\WINNSI.DLL
0x00007ffacd2b0000 - 0x00007ffacd2ba000 	C:\Windows\System32\rasadhlp.dll
0x00007ffacb7a0000 - 0x00007ffacb80b000 	C:\Windows\System32\fwpuclnt.dll
0x00000000657e0000 - 0x00000000657f1000 	C:\Program Files\Java\jdk1.8.0\jre\bin\nio.dll
0x0000000065640000 - 0x00000000657d6000 	C:\Program Files\Java\jdk1.8.0\jre\bin\awt.dll
0x00007ffad1d60000 - 0x00007ffad1e21000 	C:\Windows\system32\OLEAUT32.dll
0x0000000065570000 - 0x0000000065594000 	C:\Program Files\Java\jdk1.8.0\jre\bin\sunec.dll
0x000000006e140000 - 0x000000006e1ed000 	C:\Users\Cailin\AppData\Local\Temp\sqlite-3.7.151-amd64-sqlitejdbc.dll
0x00007ffad0c50000 - 0x00007ffad0c70000 	C:\Windows\SYSTEM32\CRYPTSP.dll
0x00007ffad07d0000 - 0x00007ffad0806000 	C:\Windows\system32\rsaenh.dll
0x00007ffad0d80000 - 0x00007ffad0da6000 	C:\Windows\SYSTEM32\bcrypt.dll
0x00007ffad10c0000 - 0x00007ffad1123000 	C:\Windows\system32\bcryptprimitives.dll
0x00007ffad1130000 - 0x00007ffad113b000 	C:\Windows\SYSTEM32\CRYPTBASE.dll
0x00007ffac3650000 - 0x00007ffac37d9000 	C:\Windows\SYSTEM32\dbghelp.dll

VM Arguments:
jvm_args: -javaagent:C:\\Users\\Cailin\\.m2\\repository\\org\\jacoco\\org.jacoco.agent\\0.7.1.201405082137\\org.jacoco.agent-0.7.1.201405082137-runtime.jar=destfile=C:\\Users\\Cailin\\Documents\\NetBeansProjects\\CommandHelper\\target\\jacoco.exec,excludes=ac/simons/biking2/Application.class:ac/simons/biking2/config/* 
java_command: C:\Users\Cailin\Documents\NetBeansProjects\CommandHelper\target\surefire\surefirebooter8547326932690581310.jar C:\Users\Cailin\Documents\NetBeansProjects\CommandHelper\target\surefire\surefire2485313689375007294tmp C:\Users\Cailin\Documents\NetBeansProjects\CommandHelper\target\surefire\surefire7983249679342876696tmp
java_class_path (initial): C:\Users\Cailin\Documents\NetBeansProjects\CommandHelper\target\surefire\surefirebooter8547326932690581310.jar;C:\\Users\\Cailin\\.m2\\repository\\org\\jacoco\\org.jacoco.agent\\0.7.1.201405082137\\org.jacoco.agent-0.7.1.201405082137-runtime.jar
Launcher Type: SUN_STANDARD

Environment Variables:
JAVA_HOME=C:\Program Files\Java\jdk1.8.0
PATH=C:\Program Files (x86)\NVIDIA Corporation\PhysX\Common;C:\Program Files\Broadcom\Broadcom 802.11 Network Adapter;C:\Program Files (x86)\Intel\iCLS Client\;C:\Program Files\Intel\iCLS Client\;C:\Windows\system32;C:\Windows;C:\Windows\System32\Wbem;C:\Windows\System32\WindowsPowerShell\v1.0\;C:\Program Files (x86)\ATI Technologies\ATI.ACE\Core-Static;C:\Program Files\Intel\Intel(R) Management Engine Components\DAL;C:\Program Files\Intel\Intel(R) Management Engine Components\IPT;C:\Program Files (x86)\Intel\Intel(R) Management Engine Components\DAL;C:\Program Files (x86)\Intel\Intel(R) Management Engine Components\IPT;C:\Program Files\WIDCOMM\Bluetooth Software\;C:\Program Files\WIDCOMM\Bluetooth Software\syswow64;C:\cygwin\bin;C:\Program Files (x86)\Git\cmd;C:\Program Files (x86)\Git\bin;C:\Program Files (x86)\AMD\ATI.ACE\Core-Static;C:\Program Files (x86)\Skype\Phone\;C:\Program Files (x86)\QuickTime\QTSystem\;c:\Program Files (x86)\Common Files\Adobe\AGL;C:\Program Files (x86)\Nmap
USERNAME=Cailin
OS=Windows_NT
PROCESSOR_IDENTIFIER=Intel64 Family 6 Model 60 Stepping 3, GenuineIntel



---------------  S Y S T E M  ---------------

OS: Windows 8.1 , 64 bit Build 9600 

CPU:total 4 (4 cores per cpu, 1 threads per core) family 6 model 60 stepping 3, cmov, cx8, fxsr, mmx, sse, sse2, sse3, ssse3, sse4.1, sse4.2, popcnt, avx, avx2, aes, clmul, erms, tsc, tscinvbit

Memory: 4k page, physical 16713256k(7733452k free), swap 19203624k(11540816k free)

vm_info: Java HotSpot(TM) 64-Bit Server VM (25.0-b70) for windows-amd64 JRE (1.8.0-b132), built on Mar  4 2014 03:46:18 by "java_re" with MS VC++ 10.0 (VS2010)

time: Fri Jan 29 21:57:19 2016
elapsed time: 13 seconds

