#
# A fatal error has been detected by the Java Runtime Environment:
#
#  EXCEPTION_ACCESS_VIOLATION (0xc0000005) at pc=0x0000000065dd6fed, pid=816, tid=3128
#
# JRE version: Java(TM) SE Runtime Environment (8.0-b132) (build 1.8.0-b132)
# Java VM: Java HotSpot(TM) 64-Bit Server VM (25.0-b70 mixed mode windows-amd64 compressed oops)
# Problematic frame:
# V  [jvm.dll+0x486fed]
#
# Failed to write core dump. Minidumps are not enabled by default on client versions of Windows
#
# If you would like to submit a bug report, please visit:
#   http://bugreport.sun.com/bugreport/crash.jsp
#

---------------  T H R E A D  ---------------

Current thread (0x000000001b786000):  JavaThread "C2 CompilerThread1" daemon [_thread_in_native, id=3128, stack(0x000000001cde0000,0x000000001cee0000)]

siginfo: ExceptionCode=0xc0000005, reading address 0x0000000d00000008

Registers:
RAX=0x000000001fee30f0, RBX=0x0000000d00000000, RCX=0x000000001cedc3c0, RDX=0x0000000000004000
RSP=0x000000001cedbeb0, RBP=0x000000001d7c2630, RSI=0x0000000000000b9a, RDI=0x000000001cedc3e0
R8 =0x000000001d7c2631, R9 =0x0000000000000000, R10=0x000000001d28e178, R11=0x0000000000000000
R12=0x000000001d7c2630, R13=0x0000000000000033, R14=0x000000001d7c7010, R15=0x0000000000000003
RIP=0x0000000065dd6fed, EFLAGS=0x0000000000010206

Top of Stack: (sp=0x000000001cedbeb0)
0x000000001cedbeb0:   000000001b77a2d0 0000000065a0d74a
0x000000001cedbec0:   000000002105da80 0000000000000020
0x000000001cedbed0:   000000001cedbff8 0000000065ddb100
0x000000001cedbee0:   0000000000000033 000000001cedc3c0
0x000000001cedbef0:   0000000000000100 0000000065e0d9ea
0x000000001cedbf00:   0000000000000004 000000001cedc048
0x000000001cedbf10:   000000001d7c7010 000000001cedc3e0
0x000000001cedbf20:   000000001cedc3c0 0000000065ddc298
0x000000001cedbf30:   000000001d7c6fc8 0000000000000018
0x000000001cedbf40:   000000001cedbff8 000000001cedbfd8
0x000000001cedbf50:   0000000000000020 000000001b77a2d0
0x000000001cedbf60:   0000000000000000 0000000000000002
0x000000001cedbf70:   000000001d0d9bc0 0000000020d37ee0
0x000000001cedbf80:   000000001b77a2d0 000000001cedc3c0
0x000000001cedbf90:   000000001cedc0a0 0000000065dde3b7
0x000000001cedbfa0:   000000001cedc3c0 000000001cedbff8 

Instructions: (pc=0x0000000065dd6fed)
0x0000000065dd6fcd:   ec 20 8b 72 28 8b 51 28 48 8d 79 20 3b f2 73 0a
0x0000000065dd6fdd:   48 8b 47 10 48 8b 1c f0 eb 02 33 db 48 83 e3 fe
0x0000000065dd6fed:   48 8b 43 08 48 83 38 00 75 34 8b 43 28 3b c2 73
0x0000000065dd6ffd:   0c 8b c8 48 8b 47 10 48 8b 1c c8 eb 02 33 db 48 


Register to memory mapping:

RAX=0x000000001fee30f0 is an unknown value
RBX=0x0000000d00000000 is an unknown value
RCX=0x000000001cedc3c0 is pointing into the stack for thread: 0x000000001b786000
RDX=0x0000000000004000 is an unknown value
RSP=0x000000001cedbeb0 is pointing into the stack for thread: 0x000000001b786000
RBP=0x000000001d7c2630 is an unknown value
RSI=0x0000000000000b9a is an unknown value
RDI=0x000000001cedc3e0 is pointing into the stack for thread: 0x000000001b786000
R8 =0x000000001d7c2631 is an unknown value
R9 =0x0000000000000000 is an unknown value
R10=0x000000001d28e178 is an unknown value
R11=0x0000000000000000 is an unknown value
R12=0x000000001d7c2630 is an unknown value
R13=0x0000000000000033 is an unknown value
R14=0x000000001d7c7010 is an unknown value
R15=0x0000000000000003 is an unknown value


Stack: [0x000000001cde0000,0x000000001cee0000],  sp=0x000000001cedbeb0,  free space=1007k
Native frames: (J=compiled Java code, j=interpreted, Vv=VM code, C=native code)
V  [jvm.dll+0x486fed]
V  [jvm.dll+0x48b100]
V  [jvm.dll+0x48c298]
V  [jvm.dll+0x48e3b7]
V  [jvm.dll+0x44230b]
V  [jvm.dll+0x44368b]
V  [jvm.dll+0x427552]
V  [jvm.dll+0x96732]
V  [jvm.dll+0x96f23]
V  [jvm.dll+0x2232e4]
V  [jvm.dll+0x27baea]
C  [msvcr100.dll+0x21d9f]
C  [msvcr100.dll+0x21e3b]
C  [KERNEL32.DLL+0x13d2]
C  [ntdll.dll+0x15464]


Current CompileTask:
C2:  10011 6527       4       com.sun.tools.javac.comp.Lower::access (714 bytes)


---------------  P R O C E S S  ---------------

Java Threads: ( => current thread )
  0x000000001b7da000 JavaThread "Service Thread" daemon [_thread_blocked, id=2724, stack(0x000000001d3e0000,0x000000001d4e0000)]
  0x000000001b787000 JavaThread "C1 CompilerThread2" daemon [_thread_blocked, id=6288, stack(0x000000001cee0000,0x000000001cfe0000)]
=>0x000000001b786000 JavaThread "C2 CompilerThread1" daemon [_thread_in_native, id=3128, stack(0x000000001cde0000,0x000000001cee0000)]
  0x000000001b77e000 JavaThread "C2 CompilerThread0" daemon [_thread_in_native, id=7920, stack(0x000000001cce0000,0x000000001cde0000)]
  0x000000001b77a800 JavaThread "Attach Listener" daemon [_thread_blocked, id=8148, stack(0x000000001cbe0000,0x000000001cce0000)]
  0x000000001b779000 JavaThread "Signal Dispatcher" daemon [_thread_blocked, id=1640, stack(0x000000001cae0000,0x000000001cbe0000)]
  0x0000000002126000 JavaThread "Finalizer" daemon [_thread_blocked, id=1416, stack(0x000000001c9e0000,0x000000001cae0000)]
  0x000000000211c800 JavaThread "Reference Handler" daemon [_thread_blocked, id=7692, stack(0x000000001c8e0000,0x000000001c9e0000)]
  0x0000000002032800 JavaThread "main" [_thread_in_vm, id=3760, stack(0x0000000001f30000,0x0000000002030000)]

Other Threads:
  0x000000001b748000 VMThread [stack: 0x000000001c7e0000,0x000000001c8e0000] [id=7924]
  0x000000001b7de000 WatcherThread [stack: 0x000000001d4e0000,0x000000001d5e0000] [id=5984]

VM state:not at safepoint (normal execution)

VM Mutex/Monitor currently owned by a thread: None

Heap:
 PSYoungGen      total 150016K, used 84142K [0x000000076af80000, 0x0000000775f80000, 0x00000007c0000000)
  eden space 121856K, 69% used [0x000000076af80000,0x00000007701ab9b0,0x0000000772680000)
  from space 28160K, 0% used [0x0000000774400000,0x0000000774400000,0x0000000775f80000)
  to   space 29184K, 0% used [0x0000000772680000,0x0000000772680000,0x0000000774300000)
 ParOldGen       total 95232K, used 73370K [0x00000006c0e00000, 0x00000006c6b00000, 0x000000076af80000)
  object space 95232K, 77% used [0x00000006c0e00000,0x00000006c55a69b8,0x00000006c6b00000)
 Metaspace       used 20918K, capacity 21428K, committed 21504K, reserved 1069056K
  class space    used 2407K, capacity 2551K, committed 2560K, reserved 1048576K

Card table byte_map: [0x00000000114f0000,0x0000000011cf0000] byte_map_base: 0x000000000dee9000

Marking Bits: (ParMarkBitMap*) 0x00000000661013b0
 Begin Bits: [0x0000000012650000, 0x0000000016618000)
 End Bits:   [0x0000000016618000, 0x000000001a5e0000)

Polling page: 0x0000000000640000

CodeCache: size=245760Kb used=22063Kb max_used=22063Kb free=223696Kb
 bounds [0x0000000002130000, 0x00000000036e0000, 0x0000000011130000]
 total_blobs=6059 nmethods=5696 adapters=273
 compilation: enabled

Compilation events (10 events):
Event: 9.931 Thread 0x000000001b787000 6524       2       com.sun.tools.javac.comp.Flow$FlowAnalyzer::visitApply (55 bytes)
Event: 9.931 Thread 0x000000001b787000 nmethod 6524 0x000000000368f510 code [0x000000000368f6a0, 0x000000000368f9d8]
Event: 9.933 Thread 0x000000001b787000 6525       3       com.sun.tools.javac.comp.TransTypes::visitTypeTest (35 bytes)
Event: 9.933 Thread 0x000000001b787000 nmethod 6525 0x00000000036b61d0 code [0x00000000036b6380, 0x00000000036b6b98]
Event: 9.934 Thread 0x000000001b787000 6526       1       com.sun.tools.javac.tree.JCTree$JCIf::getTag (4 bytes)
Event: 9.934 Thread 0x000000001b787000 nmethod 6526 0x00000000036aa190 code [0x00000000036aa2e0, 0x00000000036aa3f0]
Event: 9.935 Thread 0x000000001b787000 6528       3       com.sun.tools.javac.tree.TreeTranslator::visitTypeTest (33 bytes)
Event: 9.935 Thread 0x000000001b787000 nmethod 6528 0x00000000036b6f10 code [0x00000000036b70a0, 0x00000000036b74d8]
Event: 9.981 Thread 0x000000001b786000 nmethod 6508 0x00000000036bbed0 code [0x00000000036bc5c0, 0x00000000036bfdc0]
Event: 9.982 Thread 0x000000001b786000 6527       4       com.sun.tools.javac.comp.Lower::access (714 bytes)

GC Heap History (10 events):
Event: 4.716 GC heap before
{Heap before GC invocations=19 (full 0):
 PSYoungGen      total 71168K, used 71021K [0x000000076af80000, 0x000000076fd00000, 0x00000007c0000000)
  eden space 67584K, 99% used [0x000000076af80000,0x000000076f15cb48,0x000000076f180000)
  from space 3584K, 99% used [0x000000076f680000,0x000000076f9fe9b0,0x000000076fa00000)
  to   space 5120K, 0% used [0x000000076f180000,0x000000076f180000,0x000000076f680000)
 ParOldGen       total 260608K, used 13309K [0x00000006c0e00000, 0x00000006d0c80000, 0x000000076af80000)
  object space 260608K, 5% used [0x00000006c0e00000,0x00000006c1aff7a8,0x00000006d0c80000)
 Metaspace       used 18678K, capacity 19124K, committed 19328K, reserved 1067008K
  class space    used 2279K, capacity 2423K, committed 2432K, reserved 1048576K
Event: 4.759 GC heap after
Heap after GC invocations=19 (full 0):
 PSYoungGen      total 72704K, used 5108K [0x000000076af80000, 0x0000000772500000, 0x00000007c0000000)
  eden space 67584K, 0% used [0x000000076af80000,0x000000076af80000,0x000000076f180000)
  from space 5120K, 99% used [0x000000076f180000,0x000000076f67d358,0x000000076f680000)
  to   space 12800K, 0% used [0x0000000771880000,0x0000000771880000,0x0000000772500000)
 ParOldGen       total 260608K, used 32170K [0x00000006c0e00000, 0x00000006d0c80000, 0x000000076af80000)
  object space 260608K, 12% used [0x00000006c0e00000,0x00000006c2d6abf8,0x00000006d0c80000)
 Metaspace       used 18678K, capacity 19124K, committed 19328K, reserved 1067008K
  class space    used 2279K, capacity 2423K, committed 2432K, reserved 1048576K
}
Event: 5.192 GC heap before
{Heap before GC invocations=20 (full 0):
 PSYoungGen      total 72704K, used 72692K [0x000000076af80000, 0x0000000772500000, 0x00000007c0000000)
  eden space 67584K, 100% used [0x000000076af80000,0x000000076f180000,0x000000076f180000)
  from space 5120K, 99% used [0x000000076f180000,0x000000076f67d358,0x000000076f680000)
  to   space 12800K, 0% used [0x0000000771880000,0x0000000771880000,0x0000000772500000)
 ParOldGen       total 260608K, used 32170K [0x00000006c0e00000, 0x00000006d0c80000, 0x000000076af80000)
  object space 260608K, 12% used [0x00000006c0e00000,0x00000006c2d6abf8,0x00000006d0c80000)
 Metaspace       used 19151K, capacity 19636K, committed 19840K, reserved 1067008K
  class space    used 2301K, capacity 2423K, committed 2432K, reserved 1048576K
Event: 5.215 GC heap after
Heap after GC invocations=20 (full 0):
 PSYoungGen      total 99840K, used 12771K [0x000000076af80000, 0x0000000773400000, 0x00000007c0000000)
  eden space 87040K, 0% used [0x000000076af80000,0x000000076af80000,0x0000000770480000)
  from space 12800K, 99% used [0x0000000771880000,0x00000007724f8c88,0x0000000772500000)
  to   space 20480K, 0% used [0x0000000770480000,0x0000000770480000,0x0000000771880000)
 ParOldGen       total 260608K, used 46102K [0x00000006c0e00000, 0x00000006d0c80000, 0x000000076af80000)
  object space 260608K, 17% used [0x00000006c0e00000,0x00000006c3b05a48,0x00000006d0c80000)
 Metaspace       used 19151K, capacity 19636K, committed 19840K, reserved 1067008K
  class space    used 2301K, capacity 2423K, committed 2432K, reserved 1048576K
}
Event: 5.779 GC heap before
{Heap before GC invocations=21 (full 0):
 PSYoungGen      total 99840K, used 99811K [0x000000076af80000, 0x0000000773400000, 0x00000007c0000000)
  eden space 87040K, 100% used [0x000000076af80000,0x0000000770480000,0x0000000770480000)
  from space 12800K, 99% used [0x0000000771880000,0x00000007724f8c88,0x0000000772500000)
  to   space 20480K, 0% used [0x0000000770480000,0x0000000770480000,0x0000000771880000)
 ParOldGen       total 260608K, used 46102K [0x00000006c0e00000, 0x00000006d0c80000, 0x000000076af80000)
  object space 260608K, 17% used [0x00000006c0e00000,0x00000006c3b05a48,0x00000006d0c80000)
 Metaspace       used 19761K, capacity 20212K, committed 20480K, reserved 1067008K
  class space    used 2359K, capacity 2487K, committed 2560K, reserved 1048576K
Event: 5.819 GC heap after
Heap after GC invocations=21 (full 0):
 PSYoungGen      total 107520K, used 20460K [0x000000076af80000, 0x0000000776180000, 0x00000007c0000000)
  eden space 87040K, 0% used [0x000000076af80000,0x000000076af80000,0x0000000770480000)
  from space 20480K, 99% used [0x0000000770480000,0x000000077187b288,0x0000000771880000)
  to   space 30208K, 0% used [0x0000000774400000,0x0000000774400000,0x0000000776180000)
 ParOldGen       total 260608K, used 61478K [0x00000006c0e00000, 0x00000006d0c80000, 0x000000076af80000)
  object space 260608K, 23% used [0x00000006c0e00000,0x00000006c4a09928,0x00000006d0c80000)
 Metaspace       used 19761K, capacity 20212K, committed 20480K, reserved 1067008K
  class space    used 2359K, capacity 2487K, committed 2560K, reserved 1048576K
}
Event: 7.640 GC heap before
{Heap before GC invocations=22 (full 0):
 PSYoungGen      total 107520K, used 78657K [0x000000076af80000, 0x0000000776180000, 0x00000007c0000000)
  eden space 87040K, 66% used [0x000000076af80000,0x000000076e855420,0x0000000770480000)
  from space 20480K, 99% used [0x0000000770480000,0x000000077187b288,0x0000000771880000)
  to   space 30208K, 0% used [0x0000000774400000,0x0000000774400000,0x0000000776180000)
 ParOldGen       total 260608K, used 61478K [0x00000006c0e00000, 0x00000006d0c80000, 0x000000076af80000)
  object space 260608K, 23% used [0x00000006c0e00000,0x00000006c4a09928,0x00000006d0c80000)
 Metaspace       used 20749K, capacity 21172K, committed 21248K, reserved 1069056K
  class space    used 2406K, capacity 2551K, committed 2560K, reserved 1048576K
Event: 7.667 GC heap after
Heap after GC invocations=22 (full 0):
 PSYoungGen      total 150016K, used 2472K [0x000000076af80000, 0x0000000775f80000, 0x00000007c0000000)
  eden space 121856K, 0% used [0x000000076af80000,0x000000076af80000,0x0000000772680000)
  from space 28160K, 8% used [0x0000000774400000,0x000000077466a210,0x0000000775f80000)
  to   space 29184K, 0% used [0x0000000772680000,0x0000000772680000,0x0000000774300000)
 ParOldGen       total 260608K, used 81991K [0x00000006c0e00000, 0x00000006d0c80000, 0x000000076af80000)
  object space 260608K, 31% used [0x00000006c0e00000,0x00000006c5e11df8,0x00000006d0c80000)
 Metaspace       used 20749K, capacity 21172K, committed 21248K, reserved 1069056K
  class space    used 2406K, capacity 2551K, committed 2560K, reserved 1048576K
}
Event: 7.667 GC heap before
{Heap before GC invocations=23 (full 1):
 PSYoungGen      total 150016K, used 2472K [0x000000076af80000, 0x0000000775f80000, 0x00000007c0000000)
  eden space 121856K, 0% used [0x000000076af80000,0x000000076af80000,0x0000000772680000)
  from space 28160K, 8% used [0x0000000774400000,0x000000077466a210,0x0000000775f80000)
  to   space 29184K, 0% used [0x0000000772680000,0x0000000772680000,0x0000000774300000)
 ParOldGen       total 260608K, used 81991K [0x00000006c0e00000, 0x00000006d0c80000, 0x000000076af80000)
  object space 260608K, 31% used [0x00000006c0e00000,0x00000006c5e11df8,0x00000006d0c80000)
 Metaspace       used 20749K, capacity 21172K, committed 21248K, reserved 1069056K
  class space    used 2406K, capacity 2551K, committed 2560K, reserved 1048576K
Event: 7.938 GC heap after
Heap after GC invocations=23 (full 1):
 PSYoungGen      total 150016K, used 0K [0x000000076af80000, 0x0000000775f80000, 0x00000007c0000000)
  eden space 121856K, 0% used [0x000000076af80000,0x000000076af80000,0x0000000772680000)
  from space 28160K, 0% used [0x0000000774400000,0x0000000774400000,0x0000000775f80000)
  to   space 29184K, 0% used [0x0000000772680000,0x0000000772680000,0x0000000774300000)
 ParOldGen       total 95232K, used 73370K [0x00000006c0e00000, 0x00000006c6b00000, 0x000000076af80000)
  object space 95232K, 77% used [0x00000006c0e00000,0x00000006c55a69b8,0x00000006c6b00000)
 Metaspace       used 20749K, capacity 21172K, committed 21248K, reserved 1069056K
  class space    used 2406K, capacity 2551K, committed 2560K, reserved 1048576K
}

Deoptimization events (10 events):
Event: 9.484 Thread 0x0000000002032800 Uncommon trap: reason=class_check action=maybe_recompile pc=0x000000000360fdc4 method=com.sun.tools.javac.code.Types.isAssignable(Lcom/sun/tools/javac/code/Type;Lcom/sun/tools/javac/code/Type;Lcom/sun/tools/javac/util/Warner;)Z @ 148
Event: 9.688 Thread 0x0000000002032800 Uncommon trap: reason=class_check action=maybe_recompile pc=0x000000000360fdc4 method=com.sun.tools.javac.code.Types.isAssignable(Lcom/sun/tools/javac/code/Type;Lcom/sun/tools/javac/code/Type;Lcom/sun/tools/javac/util/Warner;)Z @ 148
Event: 9.758 Thread 0x0000000002032800 Uncommon trap: reason=unreached action=reinterpret pc=0x0000000003511884 method=com.sun.tools.javac.comp.Attr.visitIdent(Lcom/sun/tools/javac/tree/JCTree$JCIdent;)V @ 206
Event: 9.794 Thread 0x0000000002032800 Uncommon trap: reason=bimorphic action=maybe_recompile pc=0x00000000033ebe6c method=com.sun.tools.javac.code.Types$SameTypeVisitor.visitClassType(Lcom/sun/tools/javac/code/Type$ClassType;Lcom/sun/tools/javac/code/Type;)Ljava/lang/Boolean; @ 324
Event: 9.796 Thread 0x0000000002032800 Uncommon trap: reason=class_check action=maybe_recompile pc=0x0000000002d9de0c method=com.sun.tools.javac.comp.Resolve$AbstractMethodCheck.argumentsAcceptable(Lcom/sun/tools/javac/comp/Env;Lcom/sun/tools/javac/comp/DeferredAttr$DeferredAttrContext;Lcom/sunÈ«½”—#@
Event: 9.796 Thread 0x0000000002032800 Uncommon trap: reason=class_check action=maybe_recompile pc=0x0000000002d9de0c method=com.sun.tools.javac.comp.Resolve$AbstractMethodCheck.argumentsAcceptable(Lcom/sun/tools/javac/comp/Env;Lcom/sun/tools/javac/comp/DeferredAttr$DeferredAttrContext;Lcom/suné„¢; ™#@
Event: 9.800 Thread 0x0000000002032800 Uncommon trap: reason=class_check action=maybe_recompile pc=0x0000000002d9de0c method=com.sun.tools.javac.comp.Resolve$AbstractMethodCheck.argumentsAcceptable(Lcom/sun/tools/javac/comp/Env;Lcom/sun/tools/javac/comp/DeferredAttr$DeferredAttrContext;Lcom/sun‚ß0°¥™#@
Event: 9.800 Thread 0x0000000002032800 Uncommon trap: reason=class_check action=maybe_recompile pc=0x0000000002d9de0c method=com.sun.tools.javac.comp.Resolve$AbstractMethodCheck.argumentsAcceptable(Lcom/sun/tools/javac/comp/Env;Lcom/sun/tools/javac/comp/DeferredAttr$DeferredAttrContext;Lcom/sun%ÆrfÛ#@
Event: 9.928 Thread 0x0000000002032800 Uncommon trap: reason=class_check action=maybe_recompile pc=0x0000000003618cbc method=com.sun.tools.javac.code.Types$6.visitType(Lcom/sun/tools/javac/code/Type;Lcom/sun/tools/javac/code/Type;)Ljava/lang/Boolean; @ 91
Event: 9.928 Thread 0x0000000002032800 Uncommon trap: reason=class_check action=maybe_recompile pc=0x0000000003618cbc method=com.sun.tools.javac.code.Types$6.visitType(Lcom/sun/tools/javac/code/Type;Lcom/sun/tools/javac/code/Type;)Ljava/lang/Boolean; @ 91

Internal exceptions (10 events):
Event: 5.604 Thread 0x0000000002032800 Exception <a 'java/security/PrivilegedActionException'> (0x000000076eee5998) thrown at [D:\re\workspace\8-2-build-windows-amd64-cygwin\jdk8\2238\hotspot\src\share\vm\prims\jvm.cpp, line 1248]
Event: 5.832 Thread 0x0000000002032800 Exception <a 'java/security/PrivilegedActionException'> (0x000000076afea980) thrown at [D:\re\workspace\8-2-build-windows-amd64-cygwin\jdk8\2238\hotspot\src\share\vm\prims\jvm.cpp, line 1248]
Event: 5.848 Thread 0x0000000002032800 Exception <a 'java/security/PrivilegedActionException'> (0x000000076b0dceb8) thrown at [D:\re\workspace\8-2-build-windows-amd64-cygwin\jdk8\2238\hotspot\src\share\vm\prims\jvm.cpp, line 1248]
Event: 5.875 Thread 0x0000000002032800 Exception <a 'java/security/PrivilegedActionException'> (0x000000076b2704e0) thrown at [D:\re\workspace\8-2-build-windows-amd64-cygwin\jdk8\2238\hotspot\src\share\vm\prims\jvm.cpp, line 1248]
Event: 5.883 Thread 0x0000000002032800 Exception <a 'java/security/PrivilegedActionException'> (0x000000076b2ac368) thrown at [D:\re\workspace\8-2-build-windows-amd64-cygwin\jdk8\2238\hotspot\src\share\vm\prims\jvm.cpp, line 1248]
Event: 5.887 Thread 0x0000000002032800 Exception <a 'java/security/PrivilegedActionException'> (0x000000076b2bbd00) thrown at [D:\re\workspace\8-2-build-windows-amd64-cygwin\jdk8\2238\hotspot\src\share\vm\prims\jvm.cpp, line 1248]
Event: 5.971 Thread 0x0000000002032800 Implicit null exception at 0x0000000002552d04 to 0x0000000002552d7d
Event: 7.029 Thread 0x0000000002032800 Implicit null exception at 0x0000000002eef32e to 0x0000000002ef0b91
Event: 7.029 Thread 0x0000000002032800 Implicit null exception at 0x0000000002eef32e to 0x0000000002ef0b91
Event: 9.018 Thread 0x0000000002032800 Implicit null exception at 0x00000000035770e0 to 0x000000000357b14d

Events (10 events):
Event: 9.928 Thread 0x0000000002032800 DEOPT UNPACKING pc=0x00000000021755af sp=0x000000000202ada8 mode 2
Event: 9.928 Thread 0x0000000002032800 Uncommon trap: trap_request=0xffffffde fr.pc=0x0000000003618cbc
Event: 9.928 Thread 0x0000000002032800 DEOPT PACKING pc=0x0000000003618cbc sp=0x000000000202af70
Event: 9.928 Thread 0x0000000002032800 DEOPT UNPACKING pc=0x00000000021755af sp=0x000000000202af18 mode 2
Event: 9.931 Thread 0x0000000002032800 DEOPT PACKING pc=0x000000000315b5d4 sp=0x000000000202c840
Event: 9.931 Thread 0x0000000002032800 DEOPT UNPACKING pc=0x0000000002177604 sp=0x000000000202c550 mode 0
Event: 9.948 Thread 0x0000000002032800 DEOPT PACKING pc=0x00000000029079f8 sp=0x000000000202c720
Event: 9.948 Thread 0x0000000002032800 DEOPT UNPACKING pc=0x0000000002177604 sp=0x000000000202c478 mode 0
Event: 9.972 Thread 0x0000000002032800 DEOPT PACKING pc=0x0000000002abed84 sp=0x000000000202c6e0
Event: 9.972 Thread 0x0000000002032800 DEOPT UNPACKING pc=0x0000000002177604 sp=0x000000000202c4a0 mode 0


Dynamic libraries:
0x00007ff6047d0000 - 0x00007ff604804000 	C:\Program Files\Java\jdk1.8.0\bin\java.exe
0x00007ffad40a0000 - 0x00007ffad424c000 	C:\Windows\SYSTEM32\ntdll.dll
0x00007ffad1b50000 - 0x00007ffad1c8e000 	C:\Windows\system32\KERNEL32.DLL
0x00007ffad14a0000 - 0x00007ffad15b5000 	C:\Windows\system32\KERNELBASE.dll
0x00007ffacfd90000 - 0x00007ffacfe1e000 	C:\Windows\system32\apphelp.dll
0x00007ffac1ff0000 - 0x00007ffac2043000 	C:\Windows\AppPatch\AppPatch64\AcGenral.DLL
0x00007ffad18a0000 - 0x00007ffad194a000 	C:\Windows\system32\msvcrt.dll
0x00007ffad1090000 - 0x00007ffad10be000 	C:\Windows\SYSTEM32\SspiCli.dll
0x00007ffad3e20000 - 0x00007ffad3e74000 	C:\Windows\system32\SHLWAPI.dll
0x00007ffad1950000 - 0x00007ffad1ac7000 	C:\Windows\system32\USER32.dll
0x00007ffad3c80000 - 0x00007ffad3e14000 	C:\Windows\system32\ole32.dll
0x00007ffad2240000 - 0x00007ffad376b000 	C:\Windows\system32\SHELL32.dll
0x00007ffad0880000 - 0x00007ffad08a1000 	C:\Windows\SYSTEM32\USERENV.dll
0x00007ffad3990000 - 0x00007ffad3a3a000 	C:\Windows\system32\ADVAPI32.dll
0x00007ffac86d0000 - 0x00007ffac86ee000 	C:\Windows\SYSTEM32\MPR.dll
0x00007ffad1e30000 - 0x00007ffad1f71000 	C:\Windows\system32\RPCRT4.dll
0x00007ffad1c90000 - 0x00007ffad1ce9000 	C:\Windows\SYSTEM32\sechost.dll
0x00007ffad3770000 - 0x00007ffad3981000 	C:\Windows\SYSTEM32\combase.dll
0x00007ffad1750000 - 0x00007ffad18a0000 	C:\Windows\system32\GDI32.dll
0x00007ffad11f0000 - 0x00007ffad1205000 	C:\Windows\SYSTEM32\profapi.dll
0x00007ffacf710000 - 0x00007ffacf7c2000 	C:\Windows\SYSTEM32\SHCORE.dll
0x00007ffad2140000 - 0x00007ffad2176000 	C:\Windows\system32\IMM32.DLL
0x00007ffad3e80000 - 0x00007ffad3fd2000 	C:\Windows\system32\MSCTF.dll
0x00007ffacec80000 - 0x00007ffaceefb000 	C:\Windows\WinSxS\amd64_microsoft.windows.common-controls_6595b64144ccf1df_6.0.9600.18006_none_623f33d3ecbe86e8\COMCTL32.dll
0x0000000065870000 - 0x0000000065942000 	C:\Program Files\Java\jdk1.8.0\jre\bin\msvcr100.dll
0x0000000065950000 - 0x000000006617a000 	C:\Program Files\Java\jdk1.8.0\jre\bin\server\jvm.dll
0x00007ffaca500000 - 0x00007ffaca509000 	C:\Windows\SYSTEM32\WSOCK32.dll
0x00007fface9b0000 - 0x00007fface9d2000 	C:\Windows\SYSTEM32\WINMM.dll
0x00007ffad1b40000 - 0x00007ffad1b47000 	C:\Windows\system32\PSAPI.DLL
0x00007ffad1ad0000 - 0x00007ffad1b2a000 	C:\Windows\system32\WS2_32.dll
0x00007fface920000 - 0x00007fface94a000 	C:\Windows\SYSTEM32\WINMMBASE.dll
0x00007ffad1f80000 - 0x00007ffad1f89000 	C:\Windows\system32\NSI.dll
0x00007ffad15c0000 - 0x00007ffad160f000 	C:\Windows\SYSTEM32\cfgmgr32.dll
0x00007ffacffe0000 - 0x00007ffad0008000 	C:\Windows\SYSTEM32\DEVOBJ.dll
0x0000000066a10000 - 0x0000000066a1f000 	C:\Program Files\Java\jdk1.8.0\jre\bin\verify.dll
0x0000000065840000 - 0x0000000065868000 	C:\Program Files\Java\jdk1.8.0\jre\bin\java.dll
0x0000000065820000 - 0x0000000065836000 	C:\Program Files\Java\jdk1.8.0\jre\bin\zip.dll
0x0000000065800000 - 0x000000006581a000 	C:\Program Files\Java\jdk1.8.0\jre\bin\net.dll
0x00007ffad0a00000 - 0x00007ffad0a59000 	C:\Windows\system32\mswsock.dll
0x00000000657e0000 - 0x00000000657f1000 	C:\Program Files\Java\jdk1.8.0\jre\bin\nio.dll
0x00007ffac3650000 - 0x00007ffac37d9000 	C:\Windows\SYSTEM32\dbghelp.dll

VM Arguments:
jvm_args: -Dclassworlds.conf=C:\Program Files\NetBeans 8.0\java\maven\bin\m2.conf -Dmaven.home=C:\Program Files\NetBeans 8.0\java\maven 
java_command: org.codehaus.plexus.classworlds.launcher.Launcher -Dmaven.ext.class.path=C:\Program Files\NetBeans 8.0\java\maven-nblib\netbeans-eventspy.jar -Dfile.encoding=UTF-8 -Pprovisional-build clean install
java_class_path (initial): C:\Program Files\NetBeans 8.0\java\maven\boot\plexus-classworlds-2.4.jar
Launcher Type: SUN_STANDARD

Environment Variables:
JAVA_HOME=C:\Program Files\Java\jdk1.8.0
PATH=C:\Program Files (x86)\NVIDIA Corporation\PhysX\Common;C:\Program Files\Broadcom\Broadcom 802.11 Network Adapter;C:\Program Files (x86)\Intel\iCLS Client\;C:\Program Files\Intel\iCLS Client\;C:\Windows\system32;C:\Windows;C:\Windows\System32\Wbem;C:\Windows\System32\WindowsPowerShell\v1.0\;C:\Program Files (x86)\ATI Technologies\ATI.ACE\Core-Static;C:\Program Files\Intel\Intel(R) Management Engine Components\DAL;C:\Program Files\Intel\Intel(R) Management Engine Components\IPT;C:\Program Files (x86)\Intel\Intel(R) Management Engine Components\DAL;C:\Program Files (x86)\Intel\Intel(R) Management Engine Components\IPT;C:\Program Files\WIDCOMM\Bluetooth Software\;C:\Program Files\WIDCOMM\Bluetooth Software\syswow64;C:\cygwin\bin;C:\Program Files (x86)\Git\cmd;C:\Program Files (x86)\Git\bin;C:\Program Files (x86)\AMD\ATI.ACE\Core-Static;C:\Program Files (x86)\Skype\Phone\;C:\Program Files (x86)\QuickTime\QTSystem\;c:\Program Files (x86)\Common Files\Adobe\AGL;C:\Program Files (x86)\Nmap
USERNAME=Cailin
OS=Windows_NT
PROCESSOR_IDENTIFIER=Intel64 Family 6 Model 60 Stepping 3, GenuineIntel



---------------  S Y S T E M  ---------------

OS: Windows 8.1 , 64 bit Build 9600 

CPU:total 4 (4 cores per cpu, 1 threads per core) family 6 model 60 stepping 3, cmov, cx8, fxsr, mmx, sse, sse2, sse3, ssse3, sse4.1, sse4.2, popcnt, avx, avx2, aes, clmul, erms, tsc, tscinvbit

Memory: 4k page, physical 16713256k(7849748k free), swap 19203624k(11689400k free)

vm_info: Java HotSpot(TM) 64-Bit Server VM (25.0-b70) for windows-amd64 JRE (1.8.0-b132), built on Mar  4 2014 03:46:18 by "java_re" with MS VC++ 10.0 (VS2010)

time: Fri Jan 29 23:49:46 2016
elapsed time: 10 seconds

